94 2 3 4 1 5 9 12 8 7 11 10 15 21 23 29 31 32 39 13 22 52 54 57 62 71 24 17 16 18 19 20 35 34 36 61 60 78 79 80 83 84 85 75 77 88 92 51 93 64 91 26 53 38 25 87 48 56 73 27 63 81 67 42 28 55 30 69 49
94 23
94 2
94 92
94 30
2 3
2 12
2 4
2 69
3 21
4 1
1 80
1 62
1 79
1 29
1 5
1 49
5 9
9 54
9 88
9 28
12 8
12 11
8 7
7 38
11 39
11 52
11 10
10 31
15 92
15 85
21 42
23 32
29 91
31 57
32 63
32 81
13 91
22 52
22 48
22 56
22 73
22 27
52 67
54 53
62 55
71 24
24 25
24 17
24 26
17 16
17 18
16 78
18 19
19 61
19 20
35 34
35 36
36 83
36 64
61 60
83 84
85 75
75 77
88 64
92 51
93 53
91 26
25 87