94 92 23 32 15 2 12 11 10 31 4 1 62 5 9 54 88 64 36 35 20 19 18 17 16 7 24 25 26 91 85 93 79 52 22 83 75 57 61 13 34 39 51 60 77 78 80 84 29 21 3 8 53 38 71 87 73 27 56 48 63 81 67 42 28 55 30 69 49
94 23
94 92
94 2
94 30
92 51
92 15
23 32
32 63
32 81
15 85
2 3
2 12
2 4
2 69
12 8
12 11
11 39
11 52
11 10
10 31
31 57
4 1
1 62
1 80
1 79
1 29
1 5
1 49
62 55
5 9
9 54
9 88
9 28
54 53
88 64
64 36
36 35
36 83
35 34
20 19
19 61
19 18
18 17
17 16
17 24
16 78
7 38
7 8
24 25
24 71
24 26
25 87
26 91
91 13
91 29
85 75
93 53
52 22
52 67
22 73
22 27
22 56
22 48
83 84
75 77
61 60
21 3
21 42