1 79 29 31 57 80 64 36 83 35 34 20 19 61 86 17 24 16 78 71 88 93 9 15 92 51 85 84 75 10 11 52 22 12 8 7 13 32 2 94 77 25 39 60 4 23 62 54 5 91 26 3 21 53 38 87 27 48 73 56 81 63 67 42 28 55 30 69 49
1 80
1 62
1 79
1 29
1 4
1 5
1 49
29 91
31 57
31 10
64 88
64 36
36 35
36 83
83 84
35 34
20 19
19 61
19 86
61 60
86 93
17 16
17 24
24 71
24 25
24 26
16 78
88 9
93 53
9 54
9 5
9 28
15 85
15 92
92 51
92 94
85 75
75 77
10 11
11 39
11 52
11 12
52 22
52 67
22 27
22 48
22 73
22 56
12 8
12 2
8 7
7 38
13 91
32 23
32 81
32 63
2 3
2 94
2 4
2 69
94 23
94 30
25 87
62 55
54 53
91 26
3 21
21 42