11 52 1 80 19 61 60 5 6 24 25 62 36 83 64 9 92 51 93 86 35 34 39 71 74 16 4 22 7 94 26 91 13 8 10 0 88 23 32 78 84 15 29 85 75 21 57 31 17 77 79 2 20 3 12 87 27 73 56 63 81 67 42 28 54 30 69 49
11 39
11 52
11 12
11 10
52 22
52 67
1 80
1 62
1 0
1 79
1 5
1 29
1 4
1 49
19 61
19 86
19 20
61 60
5 9
6 93
6 74
24 17
24 25
24 26
24 71
25 87
36 35
36 83
36 64
83 84
64 88
9 88
9 28
9 54
92 51
92 94
92 15
93 86
35 34
71 74
16 78
16 17
4 2
22 27
22 73
22 56
7 8
94 23
94 2
94 30
26 91
91 13
91 29
8 12
10 31
23 32
32 63
32 81
15 85
85 75
75 77
21 3
21 42
57 31
2 3
2 12
2 69