0 1 7 2 9 13 20 8 16 17 10 15 33 24 21 37 43 23 27 28 54 61 57 30 44 58 80 40 38 36 48 42 47 49 82 56 63 59 74 60 64 69 72 65 66 88 67 71 90 97 76 84 77 93 78 87 81 29 68 35 53 62 22 79
0 1
0 7
7 8
2 9
9 17
13 10
20 27
20 23
8 16
16 37
16 43
17 21
10 15
15 21
33 37
24 23
21 28
21 29
43 38
43 30
27 61
28 57
28 22
54 63
61 60
57 56
57 58
30 44
30 80
30 58
44 42
58 74
58 59
80 78
40 36
40 42
38 48
38 35
48 47
48 49
47 82
82 81
56 53
56 62
63 65
59 60
74 71
74 79
60 69
60 64
60 72
64 88
64 66
69 90
69 68
72 76
65 67
67 71
90 97
76 77
84 81
77 93
78 87