59 58 60 30 57 28 72 21 17 16 43 76 77 80 64 66 8 37 7 69 90 88 38 40 48 47 82 81 74 71 67 54 25 18 0 1 3 20 23 13 15 78 9 2 27 36 42 49 56 84 87 93 97 10 51 61 44 12 68 29 35 53 62 22 79
59 60
59 58
58 74
58 57
58 30
60 64
60 69
60 61
60 72
30 44
30 43
30 80
57 56
57 28
28 21
28 22
72 76
21 17
21 15
21 29
17 9
16 37
16 8
16 43
43 38
76 77
77 93
80 78
64 66
64 88
8 7
7 0
69 90
69 68
90 97
38 48
38 35
40 36
40 42
48 47
48 49
47 82
82 81
81 84
74 71
74 79
71 67
54 25
25 18
18 51
0 1
1 3
20 23
20 27
13 10
13 51
15 10
15 12
78 87
9 2
27 61
42 44
56 53
56 62