2 9 17 21 15 10 13 16 8 7 0 1 3 18 20 23 25 27 28 38 40 36 42 43 30 48 47 49 54 57 56 58 59 60 63 64 65 66 69 72 74 76 77 80 78 82 81 84 87 88 90 93 97 51 61 44 12 11 68 37 35 29 53 62 79 22
2 9
9 17
17 21
21 15
21 28
21 29
15 10
15 12
10 13
13 51
16 8
16 43
16 37
8 7
7 0
0 1
1 3
18 25
18 51
20 23
20 27
25 54
27 61
28 57
28 22
38 48
38 43
38 35
40 36
40 42
42 44
43 30
30 44
30 58
30 80
48 47
48 49
47 82
54 63
57 56
57 58
56 53
56 62
58 74
58 59
59 60
60 64
60 69
60 61
60 72
63 65
64 66
64 88
69 90
69 68
72 76
74 79
76 77
77 93
80 78
78 87
82 81
81 84
90 97
12 11