30 44 43 38 48 17 9 80 78 72 76 66 89 60 64 69 61 27 20 5 90 87 40 36 2 23 42 97 49 3 47 82 81 84 21 16 8 15 28 37 33 7 10 58 74 71 67 65 63 54 13 57 56 77 93 59 29 68 35 53 62 22 79
30 44
30 43
30 80
30 58
44 42
43 38
43 16
38 48
38 35
48 49
48 47
17 9
17 21
9 2
80 78
78 87
72 76
72 60
76 77
66 89
66 64
60 69
60 61
60 64
60 59
69 90
69 68
61 27
27 20
20 5
20 23
5 3
90 97
40 36
40 42
47 82
82 81
81 84
21 15
21 28
21 29
16 8
16 37
8 7
15 10
28 57
28 22
37 33
10 13
58 74
58 57
58 59
74 71
74 79
71 67
67 65
65 63
63 54
57 56
56 53
56 62
77 93