8 84 93 59 60 90 97 20 23 38 13 51 77 36 28 21 2 64 42 40 81 78 87 66 72 76 30 80 7 49 0 1 47 82 27 44 43 18 58 74 56 15 10 25 71 69 61 48 37 16 67 54 17 9 57 88 24 12 68 35 29 62 53 22 79
8 16
8 7
84 81
93 77
59 60
59 58
60 69
60 64
60 61
60 72
90 97
90 69
20 23
20 27
23 24
38 48
38 43
38 35
13 10
13 51
51 18
77 76
36 40
28 57
28 21
28 22
21 17
21 15
21 29
2 9
64 88
64 66
42 40
42 44
81 82
78 87
78 80
72 76
30 44
30 43
30 58
30 80
7 0
49 48
0 1
47 82
47 48
27 61
43 16
18 25
58 74
58 57
74 71
74 79
56 57
56 62
56 53
15 10
15 12
25 54
71 67
69 68
37 16
17 9