1 2 97 98 5 7 8 9 11 12 13 14 17 20 22 23 26 27 29 31 33 34 36 38 39 40 42 43 45 46 48 51 53 54 56 57 60 62 64 66 68 69 71 74 76 79 80 82 84 85 88 95 63 21 24 25 61 58 59 28 55 47 37 41 52 30 32 35 49 50 44
1 97
1 98
2 5
2 98
97 95
5 7
7 8
8 9
9 12
11 14
11 13
12 13
14 17
17 20
20 22
22 23
22 21
22 24
22 25
23 26
26 27
27 29
27 28
29 31
31 33
31 30
33 34
33 32
33 35
34 36
36 39
38 39
38 37
39 40
40 43
40 42
42 41
43 45
43 44
45 48
45 46
46 47
48 51
48 49
48 50
51 53
53 54
53 52
54 57
54 56
54 55
56 58
56 59
57 60
60 62
60 61
62 64
62 63
64 66
66 68
68 69
69 71
71 74
74 76
76 79
79 80
80 82
82 84
84 85
85 88