22 20 17 14 11 8 27 29 5 2 98 95 34 36 39 53 56 62 64 66 68 70 73 76 78 81 83 86 89 7 23 26 31 33 38 42 40 54 43 45 48 46 51 57 60 24 21 25 63 61 59 58 28 55 30 37 47 41 52 32 35 50 49 44
22 20
22 23
22 24
22 21
22 25
20 17
17 14
14 11
11 8
8 7
27 26
27 29
27 28
29 31
5 2
5 7
2 98
98 95
34 36
34 33
36 39
39 38
39 40
53 54
53 51
53 52
56 54
56 59
56 58
62 64
62 60
62 63
64 66
66 68
68 70
70 73
73 76
76 78
78 81
81 83
83 86
86 89
23 26
31 33
31 30
33 32
33 35
38 37
42 40
42 41
40 43
54 57
54 55
43 45
43 44
45 48
45 46
48 51
48 50
48 49
46 47
57 60
60 61