22 16 13 10 7 4 1 0 23 26 27 29 31 33 34 36 38 39 40 42 43 45 46 48 51 53 54 56 57 60 62 64 66 67 68 69 71 74 75 78 80 82 83 86 89 92 20 18 65 28 70 30 32 35 63 37 58 59 41 61 47 55 52 44 49 50
22 23
22 20
16 13
16 18
13 10
10 7
7 4
4 1
1 0
23 26
26 27
27 29
27 28
29 31
31 33
31 30
33 34
33 32
33 35
34 36
36 39
38 39
38 37
39 40
40 43
40 42
42 41
43 45
43 44
45 48
45 46
46 47
48 51
48 49
48 50
51 53
53 54
53 52
54 57
54 56
54 55
56 58
56 59
57 60
60 62
60 61
62 64
62 63
64 66
66 68
67 68
67 65
68 69
68 70
69 71
71 74
74 75
75 78
78 80
80 82
82 83
83 86
86 89
89 92
20 18