93 92 86 84 75 71 68 62 96 1 2 9 11 12 17 45 42 39 23 27 32 97 98 5 7 8 13 14 20 22 26 29 53 60 72 74 76 78 80 82 83 89 90 66 67 69 64 54 57 48 51 65 10 6 95 77 70 73 4 3 85 87 0 79 94 81 91 88
93 92
93 96
93 94
92 89
92 90
86 83
86 89
84 82
84 85
75 78
75 74
71 74
71 69
68 67
68 66
68 69
62 60
62 64
96 98
1 97
1 98
1 4
1 3
2 5
2 98
9 12
9 8
9 10
11 14
11 13
12 13
17 14
17 20
45 42
45 48
42 39
23 26
23 22
27 26
27 29
32 29
97 95
98 0
5 7
7 8
8 6
20 22
53 54
53 51
60 57
72 74
72 70
72 73
74 76
76 77
78 80
80 82
80 79
82 83
83 81
89 91
89 88
90 87
66 64
67 65
54 57
48 51