22 20 27 17 14 11 8 5 2 98 29 32 34 36 39 92 89 86 83 80 78 75 74 71 68 66 64 62 60 57 54 53 50 47 45 7 9 23 26 69 82 13 12 1 97 93 96 90 84 16 72 76 10 95 85 6 79 4 3 87 81 91 88 0 94
22 20
22 23
20 17
27 29
27 26
17 14
17 16
14 11
11 13
8 7
8 9
8 6
5 2
5 7
2 98
98 96
98 1
98 0
29 32
32 34
34 36
36 39
92 93
92 89
92 90
89 86
89 91
89 88
86 83
83 82
83 81
80 78
80 82
80 79
78 75
75 74
74 71
74 72
74 76
71 69
68 66
68 69
66 64
64 62
62 60
60 57
57 54
54 53
53 50
50 47
47 45
9 12
9 10
23 26
82 84
13 12
1 97
1 4
1 3
97 95
93 96
93 94
90 87
84 85