95 97 1 4 7 92 89 86 83 80 78 75 74 71 68 66 64 62 60 57 54 53 42 40 38 34 33 31 29 27 26 23 22 20 17 14 36 39 41 43 45 51 56 67 69 72 76 82 48 46 37 77 73 65 47 44 70 59 58 50 49 63 52 61 55
95 97
95 92
97 1
1 4
4 7
92 89
89 86
86 83
83 82
80 82
80 78
78 75
75 74
74 71
74 72
74 76
71 69
68 67
68 66
68 69
68 70
66 64
64 62
62 60
62 63
60 57
60 61
57 54
57 55
54 53
54 56
53 51
53 52
42 41
42 40
40 43
40 39
38 41
38 37
34 36
34 33
33 31
31 29
29 27
27 26
26 23
23 22
22 20
20 17
17 14
36 39
43 45
43 44
45 48
45 46
51 48
56 59
56 58
67 65
72 73
76 77
48 50
48 49
46 47