27 26 23 22 20 17 14 11 8 6 5 2 98 95 29 36 39 53 56 62 64 66 68 70 73 76 78 81 83 86 89 43 31 48 45 40 54 60 57 51 33 34 38 42 46 49 35 32 50 52 44 41 63 28 47 55 37 25 58 59 61 24 30 21
27 26
27 29
27 28
26 23
23 22
22 20
22 25
22 24
22 21
20 17
17 14
14 11
11 8
8 6
6 5
5 2
2 98
98 95
29 31
36 39
36 34
39 40
39 38
53 51
53 54
53 52
56 54
56 58
56 59
62 64
62 60
62 63
64 66
66 68
68 70
70 73
73 76
76 78
78 81
81 83
83 86
86 89
43 45
43 40
43 44
31 33
31 30
48 51
48 45
48 49
48 50
45 46
40 42
54 57
54 55
60 57
60 61
33 34
33 35
33 32
38 37
42 41
46 47