75 74 45 48 17 56 22 23 54 9 40 43 38 69 68 26 27 20 12 13 11 66 98 51 53 86 83 80 46 64 62 14 29 5 2 36 39 82 34 33 7 71 8 60 57 91 31 89 78 42 28 63 59 58 61 30 37 35 32 41 47 55 52 50 49 44
75 78
75 74
74 71
45 43
45 48
45 46
48 51
48 50
48 49
17 20
17 14
56 54
56 59
56 58
22 23
22 20
23 26
54 53
54 57
54 55
9 12
9 8
40 43
40 39
40 42
43 44
38 39
38 37
69 71
69 68
68 66
26 27
27 29
27 28
12 13
13 11
11 14
66 64
98 2
51 53
53 52
86 89
86 83
83 82
80 78
80 82
46 47
64 62
62 60
62 63
29 31
5 2
5 7
36 34
36 39
34 33
33 31
33 35
33 32
7 8
60 57
60 61
91 89
31 30
42 41