27 28 35 36 13 14 21 22 79 78 65 64 63 62 44 45 30 31 87 86 55 54 23 24 5 6 25 89 88 94 93 9 10 59 58 7 8 15 16 26 97 96 40 41 74 73 85 84 42 43 57 4 71 70 92 46 2 3 83 76 75 52 51 17 18 33 34 68 67 60 61 38 39 95 77 29 37 80 56 32 48 0 1 99 98 47 72 11 12 19 20 82 81 53 69 91 90 66
27 28
27 26
28 29
35 36
35 34
36 37
13 14
13 12
14 15
21 22
21 20
22 23
79 80
79 78
78 77
65 66
65 64
64 63
63 62
62 61
44 45
44 43
45 46
30 31
30 29
31 32
87 88
87 86
86 85
55 56
55 54
54 53
23 24
24 25
5 6
5 4
6 7
25 26
89 90
89 88
94 95
94 93
93 92
9 10
9 8
10 11
59 60
59 58
58 57
7 8
15 16
16 17
97 98
97 96
96 95
40 41
40 39
41 42
74 75
74 73
73 72
85 84
84 83
42 43
57 56
4 3
71 72
71 70
70 69
92 91
46 47
2 3
2 1
83 82
76 77
76 75
52 53
52 51
17 18
18 19
33 34
33 32
68 69
68 67
67 66
60 61
38 39
38 37
80 81
48 47
0 1
0 99
99 98
11 12
19 20
82 81
91 90