51 78 8 48 7 46 57 10 56 21 88 89 86 20 82 41 5 66 13 39 4 23 94 71 31 2 12 6 14 9 11 24 18 1 59 44 43 40 90 87 85 61 50 79 35 3 98 75 16 95 92 22 73 63 45 80 19 84 42
51 8
51 78
8 50
48 57
7 46
46 75
57 10
10 56
10 21
21 89
21 88
21 90
88 92
88 86
88 43
88 84
88 42
89 79
89 80
86 82
86 41
86 35
86 20
20 87
20 85
20 1
82 19
41 5
41 66
41 39
5 40
66 13
39 4
23 94
23 95
71 50
71 61
31 2
31 87
12 61
12 63
6 9
6 44
6 43
6 14
6 45
11 59
24 98
18 79
59 40
44 98
90 75
85 61
35 95
35 3
75 16
16 73
92 22