20 40 31 46 47 49 61 68 43 62 67 73 27 83 65 70 77 84 22 25 85 23 1 12 39 42 44 51 69 48 71 72 11 35 57 81 82 15 92 0 3 10 17 88 32 21 38 94 95 9 8 59 96 98 97 56 7 5 36 4 87 45 99 89 76 30
20 40
20 49
20 83
40 31
40 46
40 36
31 47
31 61
31 68
31 73
46 84
61 85
61 95
61 89
68 43
68 67
43 62
73 27
83 65
83 70
83 77
84 22
22 25
85 23
85 51
85 72
23 1
23 12
23 42
23 76
23 30
1 39
1 44
1 4
1 45
12 82
12 92
39 69
39 94
39 5
44 81
44 98
51 71
51 87
69 48
71 97
71 56
72 11
72 57
72 99
11 35
57 7
82 15
92 0
92 10
0 3
3 17
10 88
88 32
88 38
32 21
95 9
9 8
9 59
8 96