85 23 42 12 82 92 10 0 3 17 15 61 95 31 73 27 68 67 40 20 49 83 70 46 84 22 25 65 9 8 96 77 1 44 81 39 69 98 72 11 35 48 43 62 51 71 88 38 94 57 32 21 59 47 97 56 7 5 36 4 87 45 99 89 76 30
85 23
85 61
85 72
85 51
23 42
23 12
23 1
23 76
23 30
12 82
12 92
82 15
92 10
92 0
10 88
0 3
3 17
61 95
61 31
61 89
95 9
31 73
31 68
31 40
31 47
73 27
68 67
68 43
40 20
40 46
40 36
20 49
20 83
83 70
83 65
83 77
46 84
84 22
22 25
9 8
9 59
8 96
1 44
1 39
1 4
1 45
44 81
44 98
39 69
39 94
39 5
69 48
72 11
72 57
72 99
11 35
43 62
51 71
51 87
71 97
71 56
88 38
88 32
57 7
32 21