31 68 85 61 83 77 69 48 98 95 65 40 59 84 22 12 82 92 71 57 10 88 43 27 35 25 1 44 9 20 49 67 38 23 39 94 3 17 70 8 96 51 81 42 0 11 47 62 46 72 15 21 32 73 97 7 56 5 36 87 4 45 99 76 89 30
31 68
31 40
31 61
31 47
31 73
68 43
68 67
85 61
85 23
85 51
85 72
61 95
61 89
83 77
83 20
83 70
83 65
69 48
69 39
98 44
95 9
40 20
40 46
40 36
59 9
84 22
84 46
22 25
12 82
12 92
12 23
82 15
92 10
92 0
71 51
71 97
71 56
57 72
57 7
10 88
88 38
88 32
43 62
27 73
35 11
1 44
1 39
1 23
1 4
1 45
44 81
9 8
20 49
23 42
23 76
23 30
39 94
39 5
3 17
3 0
8 96
51 87
11 72
72 99
21 32