2 5 8 9 10 12 13 14 15 16 17 18 19 20 21 24 26 25 30 31 32 33 36 37 38 39 40 41 42 43 46 47 48 49 51 50 54 55 56 57 58 59 62 63 64 65 66 67 70 71 72 73 74 76 75 79 80 81 82 83 87 88 89 90 94 95 96 97 98 99 68 60 69 61 53 52 29
2 9
5 14
8 9
9 10
10 19
12 13
12 17
14 15
15 24
15 16
16 17
17 18
18 49
18 19
19 20
20 21
26 25
25 30
30 31
30 39
31 32
31 48
32 33
36 37
37 38
38 39
38 29
39 40
40 74
40 41
41 42
42 43
46 47
47 48
48 49
51 57
51 52
50 54
50 55
54 53
55 64
55 56
56 73
56 57
57 58
58 59
59 60
62 63
62 61
63 64
64 65
65 99
65 66
66 67
67 68
70 71
70 69
71 72
72 73
73 74
76 82
75 79
75 80
80 81
80 89
81 82
81 98
82 83
87 88
88 89
89 90
94 95
95 96
96 97
97 98
98 99