74 40 39 30 25 26 31 32 33 36 37 42 46 48 49 18 17 12 11 3 2 1 0 5 6 7 8 14 15 21 73 56 55 50 51 54 57 58 59 62 64 65 67 99 98 81 80 75 79 82 83 84 85 87 89 90 94 63 88 72 71 66 70 41 38 43 47 68 60 69 61 53 52 29
74 40
74 73
40 39
40 41
39 30
39 38
30 25
30 31
25 26
31 32
31 48
32 33
36 37
37 38
42 43
42 41
46 47
48 49
48 47
49 18
18 17
17 12
12 11
11 3
3 2
2 1
1 0
1 7
0 5
5 14
6 7
7 8
8 21
14 15
73 56
73 72
56 55
56 57
55 64
55 50
50 54
51 57
51 52
54 53
57 58
58 59
59 60
62 63
62 61
64 65
64 63
65 99
65 66
67 66
67 68
99 98
98 81
81 82
81 80
80 75
80 89
75 79
82 83
83 84
84 85
85 94
87 88
89 90
89 88
72 71
71 70
70 69
38 29