40 39 30 25 26 27 31 38 48 43 74 73 56 55 50 54 64 65 57 99 98 81 80 75 79 78 86 85 82 94 89 93 92 49 18 17 12 11 3 2 1 7 6 23 22 72 13 16 66 67 37 97 41 63 47 19 36 46 42 58 71 51 62 70 59 68 52 60 61 32 69 53 29
40 74
40 39
40 41
39 30
39 38
30 25
30 31
25 26
26 27
31 48
31 32
38 37
38 29
48 49
48 47
43 42
74 73
73 56
73 72
56 57
56 55
55 50
55 64
50 54
54 53
64 63
64 65
65 99
65 66
57 51
57 58
99 98
98 81
98 97
81 80
81 82
80 75
80 89
75 79
79 78
78 86
86 85
85 94
94 93
93 92
49 18
18 17
18 19
17 12
17 16
12 11
12 13
11 3
3 2
2 1
1 7
7 6
6 23
23 22
72 71
66 67
67 68
37 36
41 42
63 62
47 46
58 59
71 70
51 52
62 61
70 69
59 60