40 39 30 25 35 31 38 48 74 73 56 55 50 64 65 57 99 98 81 80 75 79 78 86 85 82 94 89 93 92 49 18 17 12 11 3 2 1 7 6 23 22 15 36 16 42 47 46 41 19 72 58 51 67 71 54 37 63 62 70 26 97 29 66 59 52 32 68 60 61 53 69
40 74
40 41
40 39
39 30
39 38
30 25
30 31
25 26
35 36
31 48
31 32
38 37
38 29
48 49
48 47
74 73
73 56
73 72
56 57
56 55
55 50
55 64
50 54
64 65
64 63
65 99
65 66
57 58
57 51
99 98
98 81
98 97
81 80
81 82
80 75
80 89
75 79
79 78
78 86
86 85
85 94
94 93
93 92
49 18
18 17
18 19
17 12
17 16
12 11
11 3
3 2
2 1
1 7
7 6
6 23
23 22
15 16
36 37
42 41
47 46
72 71
58 59
51 52
67 66
67 68
71 70
54 53
63 62
62 61
70 69
59 60