40 39 30 25 26 27 34 35 31 38 48 44 74 73 56 55 50 54 64 65 57 70 99 98 81 80 75 79 78 86 85 82 94 89 93 92 49 18 17 12 11 3 2 1 7 6 23 22 24 15 72 51 63 62 66 58 19 71 67 47 97 59 41 68 60 69 61 53 52 29 37 32 42
40 74
40 39
40 41
39 30
39 38
30 25
30 31
25 26
26 27
27 34
34 35
35 44
31 48
31 32
38 29
38 37
48 49
48 47
74 73
73 56
73 72
56 55
56 57
55 64
55 50
50 54
54 53
64 65
64 63
65 99
65 66
57 58
57 51
70 71
70 69
99 98
98 81
98 97
81 80
81 82
80 75
80 89
75 79
79 78
78 86
86 85
85 94
94 93
93 92
49 18
18 17
18 19
17 12
12 11
11 3
3 2
2 1
1 7
7 6
6 23
23 22
23 24
24 15
72 71
51 52
63 62
62 61
66 67
58 59
67 68
59 60
41 42