64 65 48 47 94 9 8 39 30 67 80 75 51 97 96 81 66 72 71 57 58 90 41 42 76 79 56 25 10 70 63 83 89 40 21 55 17 12 98 38 88 14 5 43 95 32 33 50 54 15 24 36 16 87 13 20 2 99 26 74 73 49 82 18 19 37 31 62 46 59 68 60 69 61 53 52 29
64 65
64 63
64 55
65 99
65 66
48 49
48 31
48 47
47 46
94 95
9 2
9 8
9 10
39 40
39 30
39 38
30 31
30 25
67 66
67 68
80 81
80 75
80 89
75 79
51 57
51 52
97 96
97 98
96 95
81 98
81 82
72 73
72 71
71 70
57 58
57 56
58 59
90 89
41 42
41 40
42 43
76 82
56 73
56 55
25 26
10 19
70 69
63 62
83 82
89 88
40 74
21 20
55 50
17 18
17 16
17 12
12 13
98 99
38 37
38 29
88 87
14 5
14 15
32 33
32 31
50 54
54 53
15 24
15 16
36 37
20 19
74 73
49 18
18 19
62 61
59 60