18 4 5 6 8 9 39 7 27 40 41 68 25 44 46 55 43 62 70 61 59 31 32 28 60 57 56 53 45 75 37 33 15 14 11 19 20 35 48 50 64 66 69 79 1 24 3 10 29 26 16 23 30 0 21 12 38 77 2 13 34 17
18 19
18 26
18 23
18 17
4 3
4 5
4 29
5 6
6 7
6 39
6 8
8 9
9 28
9 10
39 0
7 27
27 31
40 41
40 68
40 25
41 44
41 64
68 75
68 77
25 24
44 46
44 55
46 45
46 48
55 43
43 62
43 50
62 70
62 69
70 61
61 59
59 79
31 32
31 30
32 34
28 38
60 57
60 75
57 56
56 53
45 66
37 33
37 1
33 35
15 24
15 14
15 16
14 11
14 10
14 13
11 12
19 20
20 21
1 3
1 2
29 26