41 40 49 50 10 9 60 61 68 69 93 94 63 64 38 37 43 42 48 47 58 59 36 29 28 20 19 12 11 56 57 89 90 92 75 76 83 84 24 23 16 15 91 65 66 25 5 4 88 46 45 30 95 96 51 67 3 52 53 77 85 81 82 97 98 35 34 27 26 44 74 2 1 55 72 73 33 32 17 54 80 39 22 21 31 13 70 71 7 6 8 62 87 78 86 18 79 14
41 40
41 42
40 39
49 50
49 48
50 51
10 9
10 11
9 8
60 61
60 59
61 62
68 69
68 67
69 70
93 94
93 92
94 95
63 64
63 62
64 65
38 37
38 39
37 36
43 42
43 44
48 47
47 46
58 59
58 57
36 35
29 28
29 30
28 27
20 19
20 21
19 18
12 11
12 13
56 57
56 55
89 90
89 88
90 91
92 91
75 76
75 74
76 77
83 84
83 82
84 85
24 23
24 25
23 22
16 15
16 17
15 14
65 66
66 67
25 26
5 4
5 6
4 3
88 87
46 45
45 44
30 31
95 96
96 97
51 52
3 2
52 53
53 54
77 78
85 86
81 82
81 80
97 98
35 34
34 33
27 26
74 73
2 1
55 54
72 73
72 71
33 32
32 31
17 18
80 79
22 21
13 14
70 71
7 6
7 8
87 86
78 79