0 93 92 91 90 88 80 84 48 24 12 6 3 1 2 5 11 4 9 10 7 8 18 13 14 20 16 17 21 15 19 29 26 23 30 27 31 28 25 22 38 41 37 46 43 44 58 61 57 62 68 70 75 54 74 52 51 73 85 55 53 50 72 49
0 93
0 92
93 91
93 90
92 88
90 84
90 85
88 80
84 73
48 24
48 72
24 12
24 49
12 6
12 25
6 3
6 13
3 1
3 7
1 2
2 5
2 4
5 11
5 10
11 23
11 22
4 9
4 8
9 18
9 19
10 20
10 21
7 14
7 15
8 16
8 17
18 37
13 26
13 27
14 29
14 28
20 41
21 43
15 30
15 31
19 38
29 58
26 52
23 46
30 61
27 54
31 62
28 57
25 51
22 44
41 68
44 70
75 54
75 55
74 52
74 53
51 73
73 50