82 69 68 89 92 40 83 71 70 45 2 4 9 3 6 7 12 14 13 15 19 72 0 93 90 91 87 78 79 84 73 88 81 80 86 76 77 85 74 75 66 65 64 67 42 36 39 22 51 25 20 21 18 50 46 47 33 44 35 34 32 43 41 37 38
82 69
82 68
82 89
69 42
69 43
68 40
68 41
89 83
89 92
92 88
92 0
40 20
83 70
83 71
71 46
71 47
70 45
70 44
45 22
2 4
4 9
9 19
3 7
3 6
6 13
6 12
7 14
7 15
12 25
19 39
72 84
0 93
93 91
93 90
90 85
90 84
91 87
91 86
87 78
87 79
84 73
73 51
73 50
88 80
88 81
81 67
81 66
80 64
80 65
86 76
86 77
85 74
85 75
66 36
66 37
65 35
65 34
64 33
64 32
67 39
67 38
42 21
36 18
51 25