1 2 6 5 4 14 13 7 12 11 16 18 19 15 24 26 28 25 27 34 33 31 30 29 35 39 38 32 36 41 43 44 37 40 46 47 49 53 60 61 51 50 58 59 52 56 55 54 63 64 57 66 68 69 65 67 62 76 99 78 75 77 81 80 85 88 89 91 93
1 2
2 6
2 5
2 4
6 7
5 14
5 13
14 15
13 12
13 16
13 18
13 19
12 11
19 24
15 26
26 28
26 25
26 27
28 35
25 34
25 33
27 31
27 30
27 29
31 32
30 39
30 38
35 36
39 40
38 41
38 43
38 44
38 37
41 46
41 47
44 49
40 53
53 60
53 51
60 61
61 67
61 62
51 50
51 52
50 58
50 59
52 56
52 55
52 54
56 57
55 63
55 64
63 66
63 68
63 69
64 65
65 76
65 99
76 78
76 75
76 77
78 85
77 81
77 80
80 88
80 89
88 91
88 93