16 13 5 2 1 3 6 10 14 15 17 18 19 26 25 27 28 30 31 35 38 39 40 41 42 43 44 53 51 50 52 55 56 60 63 64 65 66 67 68 69 76 75 77 78 80 81 85 88 89 91 92 93 36 61 7 4 62 46 47 57 34 33 58 59 32 37 54 29
16 13
13 18
13 19
13 5
5 2
5 14
2 1
2 6
2 4
1 3
3 10
6 7
10 17
14 15
15 26
26 28
26 25
26 27
25 34
25 33
27 31
27 30
27 29
28 35
30 39
30 38
31 32
35 36
38 41
38 43
38 44
38 37
39 40
40 53
41 46
41 47
42 36
53 60
53 51
51 50
51 52
50 58
50 59
52 56
52 55
52 54
55 63
55 64
56 57
60 61
63 66
63 68
63 69
64 65
65 76
67 61
76 75
76 77
76 78
77 81
77 80
78 85
80 88
80 89
85 92
88 91
88 93
61 62