40 53 60 67 63 68 39 31 55 66 51 52 25 26 15 14 6 27 28 38 43 36 41 42 5 12 13 18 11 16 17 64 56 65 99 95 76 92 77 80 88 93 91 89 81 82 2 30 35 61 69 44 50 1 7 19 4 62 46 47 57 33 34 58 59 32 37 54 29
40 39
40 53
53 60
53 51
60 61
67 61
63 68
63 66
63 69
63 55
39 30
31 27
31 32
55 64
55 52
51 50
51 52
52 56
52 54
25 26
25 33
25 34
26 15
26 28
26 27
15 14
14 5
6 7
6 2
27 30
27 29
28 35
38 43
38 41
38 44
38 30
38 37
36 42
36 35
41 46
41 47
5 13
5 2
12 11
12 13
13 18
13 16
13 19
11 17
64 65
56 57
65 99
65 76
99 95
95 92
76 77
77 80
77 81
80 88
80 89
88 93
88 91
81 82
2 1
2 4
61 62
50 58
50 59