16 13 19 5 14 2 6 1 15 26 25 28 35 27 31 30 38 44 39 40 60 53 51 50 52 56 55 63 69 64 65 76 75 78 85 77 81 80 88 92 67 3 10 17 42 18 41 43 66 68 89 91 93 36 61 7 4 62 46 47 57 34 33 58 59 32 37 54 29
16 13
13 19
13 5
13 18
5 14
5 2
14 15
2 1
2 6
2 4
6 7
1 3
15 26
26 28
26 25
26 27
25 34
25 33
28 35
35 36
27 31
27 30
27 29
31 32
30 39
30 38
38 44
38 41
38 43
38 37
39 40
40 53
60 61
60 53
53 51
51 50
51 52
50 58
50 59
52 56
52 55
52 54
56 57
55 63
55 64
63 69
63 66
63 68
64 65
65 76
76 75
76 78
76 77
78 85
85 92
77 81
77 80
80 88
80 89
88 91
88 93
67 61
3 10
10 17
42 36
41 46
41 47
61 62