41 13 16 39 40 26 15 69 76 78 2 5 63 65 99 89 12 77 80 61 38 51 75 30 27 67 68 1 60 55 11 85 18 28 52 6 19 24 35 14 64 66 56 44 49 91 88 93 50 43 53 81 31 25 7 4 36 62 47 46 57 34 33 59 58 32 37 54 29
41 38
41 47
41 46
13 16
13 18
13 19
13 12
13 5
39 40
39 30
40 53
26 15
26 28
26 25
26 27
15 14
69 63
76 78
76 65
76 75
76 77
78 85
2 1
2 6
2 5
2 4
5 14
63 66
63 68
63 55
65 64
65 99
89 80
12 11
77 80
77 81
80 88
61 67
61 60
61 62
38 43
38 44
38 30
38 37
51 50
51 53
51 52
30 27
27 31
27 29
60 53
55 64
55 52
28 35
52 56
52 54
6 7
19 24
35 36
56 57
44 49
91 88
88 93
50 59
50 58
31 32
25 34
25 33