56 57 58 88 89 27 28 3 2 99 98 4 1 97 96 93 33 32 90 29 92 91 55 5 26 11 22 25 59 7 21 8 23 18 24 14 17 20 13 19 6 15 10 16 9 12 64 78 83 66 71 80 77 68 65 82 87 61 63 70 75 84 81 60 72 69 86 62 67 74 79 85 76 73
56 57
56 33
56 55
57 88
57 58
57 64
57 78
57 83
57 66
57 71
57 80
57 77
57 68
57 65
57 82
57 87
57 61
57 63
57 70
57 75
57 84
57 81
57 60
57 72
57 69
57 86
57 62
57 67
57 74
57 79
57 85
57 76
57 73
58 27
58 4
58 5
58 26
58 11
58 22
58 25
58 59
58 7
58 21
58 8
58 23
58 18
58 24
58 14
58 17
58 20
58 13
58 19
58 6
58 15
58 10
58 16
58 9
58 12
88 89
89 90
89 99
27 28
28 29
3 2
3 4
2 1
99 98
98 97
97 96
93 92
33 32
90 91
92 91