50 48 47 45 44 42 41 39 38 36 35 33 51 53 54 56 57 59 60 62 63 65 66 68 69 71 72 74 75 77 78 80 81 83 84 86 87 89 90 92 93 95 96 98 32 30 29 27 26 24 23 21 20 18 17 15 14 12 11 9 8 6 5 3 2 25 73 28 70 67 31 34 64 61 37 40 58 55 43 46 52 49
50 51
50 48
48 47
48 49
47 45
45 44
45 46
44 42
44 43
42 41
41 39
41 40
39 38
38 36
38 37
36 35
35 33
35 34
33 32
51 53
53 54
53 52
54 56
56 57
56 55
57 59
57 58
59 60
60 62
62 63
62 61
63 65
63 64
65 66
66 68
68 69
68 67
69 71
69 70
71 72
72 74
72 73
74 75
75 77
77 78
78 80
80 81
81 83
83 84
84 86
86 87
87 89
89 90
90 92
92 93
93 95
95 96
96 98
32 30
32 31
30 29
29 27
29 28
27 26
26 24
24 23
24 25
23 21
21 20
20 18
18 17
17 15
15 14
14 12
12 11
11 9
9 8
8 6
6 5
5 3
3 2