98 96 95 93 92 90 89 87 86 84 83 81 80 78 77 75 74 72 71 69 68 66 65 63 62 60 59 57 56 54 53 51 50 48 47 45 44 42 41 39 38 36 35 33 32 30 29 27 26 24 23 21 20 18 17 15 14 12 11 9 8 6 5 3 2 55 58 73 64 31 61 34 40 67 28 37 70 43 52 49 46 25
98 96
96 95
95 93
93 92
92 90
90 89
89 87
87 86
86 84
84 83
83 81
81 80
80 78
78 77
77 75
75 74
74 72
72 71
72 73
71 69
69 68
69 70
68 66
68 67
66 65
65 63
63 62
63 64
62 60
62 61
60 59
59 57
57 56
57 58
56 54
56 55
54 53
53 51
53 52
51 50
50 48
48 47
48 49
47 45
45 44
45 46
44 42
44 43
42 41
41 39
41 40
39 38
38 36
38 37
36 35
35 33
35 34
33 32
32 30
32 31
30 29
29 27
29 28
27 26
26 24
24 23
24 25
23 21
21 20
20 18
18 17
17 15
15 14
14 12
12 11
11 9
9 8
8 6
6 5
5 3
3 2