32 30 69 47 45 12 11 50 51 75 77 74 18 17 81 60 62 6 5 63 68 3 90 92 65 66 78 80 14 59 44 57 48 83 23 26 84 86 71 15 20 35 93 95 24 33 2 36 41 39 72 21 38 96 53 89 54 29 56 42 98 27 87 9 8 7 25 73 28 70 67 31 34 64 61 37 40 58 55 43 52 46 49
32 33
32 30
32 31
30 29
69 68
69 71
69 70
47 48
47 45
45 44
45 46
12 11
12 14
11 9
50 51
50 48
51 53
75 74
75 77
77 78
74 72
18 17
18 20
17 15
81 80
81 83
60 59
60 62
62 63
62 61
6 5
6 7
5 3
63 65
63 64
68 66
68 67
3 2
90 89
90 92
92 93
65 66
78 80
14 15
59 57
44 42
44 43
57 56
57 58
48 49
83 84
23 24
23 21
26 27
26 24
84 86
86 87
71 72
20 21
35 36
35 33
35 34
93 95
95 96
24 25
36 38
41 42
41 39
41 40
39 38
72 73
38 37
96 98
53 54
53 52
89 87
54 56
29 27
29 28
56 55
9 8
8 7