64 65 81 82 32 31 97 98 50 51 66 67 9 8 46 45 30 29 57 58 52 60 61 68 69 93 94 40 39 6 5 44 19 18 11 10 56 89 90 70 59 1 71 72 79 80 38 37 41 23 22 54 55 86 87 75 76 83 84 96 20 12 4 33 17 16 24 15 43 42 2 63 92 36 28 49 48 14 53 62 78 47 34 88 25 3 91 77 85 95 21 7 35 27 26 73 74 13
64 65
64 63
65 66
81 82
81 80
82 83
32 31
32 33
31 30
97 98
97 96
50 51
50 49
51 52
66 67
67 68
9 8
9 10
8 7
46 45
46 47
45 44
30 29
29 28
57 58
57 56
58 59
52 53
60 61
60 59
61 62
68 69
69 70
93 94
93 92
94 95
40 39
40 41
39 38
6 5
6 7
5 4
44 43
19 18
19 20
18 17
11 10
11 12
56 55
89 90
89 88
90 91
70 71
1 2
71 72
72 73
79 80
79 78
38 37
37 36
41 42
23 22
23 24
22 21
54 55
54 53
86 87
86 85
87 88
75 76
75 74
76 77
83 84
84 85
96 95
20 21
12 13
4 3
33 34
17 16
16 15
24 25
15 14
43 42
2 3
63 62
92 91
36 35
28 27
49 48
48 47
14 13
78 77
34 35
25 26
27 26
73 74