37 14 15 16 13 17 18 12 11 10 19 20 21 22 23 24 25 26 27 28 9 8 7 6 5 4 3 2 1 29 31 32 33 34 35 36 38 39 40 98 96 97 99 91 92 93 94 95 77 76 80 43 73 74 75 72 71 84 51 85 83 81 82 50 49 89 53 54 55 56 67 68 64 65 66 63 41 42
37 14
37 84
37 85
37 83
37 81
37 82
37 89
14 15
14 13
14 35
14 36
14 38
15 16
15 31
15 32
15 33
15 34
16 17
16 39
16 40
16 41
16 42
13 12
13 64
13 65
13 66
13 63
17 18
17 67
17 68
18 19
12 11
11 10
10 9
19 20
20 21
21 22
22 23
23 24
24 25
25 26
26 27
27 28
28 29
9 8
8 7
7 6
6 5
5 4
4 3
3 2
2 1
31 43
32 51
32 50
32 49
33 53
33 54
33 55
33 56
35 73
35 74
35 75
35 72
35 71
36 77
36 76
36 80
39 91
39 92
39 93
39 94
39 95
40 98
40 96
40 97
40 99