1 2 3 4 5 6 7 8 9 10 11 12 13 14 15 16 17 18 19 20 21 22 23 24 25 26 27 28 29 31 32 33 34 35 36 37 38 39 40 65 83 68 53 42 71 43 97 73 66 94 51 82 64 41 76 67 55 99 80 63 93 89 96 49 50 85 84 91 54 92 72 95 75 98 74 81 77 56
1 2
2 3
3 4
4 5
5 6
6 7
7 8
8 9
9 10
10 11
11 12
12 13
13 14
13 65
13 66
13 64
13 63
14 15
14 35
14 36
14 37
14 38
15 16
15 31
15 32
15 33
15 34
16 17
16 39
16 40
16 42
16 41
17 18
17 68
17 67
18 19
19 20
20 21
21 22
22 23
23 24
24 25
25 26
26 27
27 28
28 29
31 43
32 51
32 49
32 50
33 53
33 55
33 54
33 56
35 71
35 73
35 72
35 75
35 74
36 76
36 80
36 77
37 83
37 82
37 89
37 85
37 84
37 81
39 94
39 93
39 91
39 92
39 95
40 97
40 99
40 96
40 98