1 2 3 4 5 6 7 8 9 10 11 12 13 14 15 16 17 18 19 20 21 22 23 24 25 26 27 28 29 31 32 33 34 35 36 37 38 39 40 56 50 74 66 81 53 96 42 76 98 91 49 72 41 71 97 93 63 75 77 64 65 84 83 99 95 82 68 80 73 51 94 43 85 54 55 89 67 92
1 2
2 3
3 4
4 5
5 6
6 7
7 8
8 9
9 10
10 11
11 12
12 13
13 14
13 66
13 63
13 64
13 65
14 15
14 35
14 36
14 37
14 38
15 16
15 31
15 32
15 33
15 34
16 17
16 39
16 40
16 42
16 41
17 18
17 68
17 67
18 19
19 20
20 21
21 22
22 23
23 24
24 25
25 26
26 27
27 28
28 29
31 43
32 50
32 49
32 51
33 56
33 53
33 54
33 55
35 74
35 72
35 71
35 75
35 73
36 76
36 77
36 80
37 81
37 84
37 83
37 82
37 85
37 89
39 91
39 93
39 95
39 94
39 92
40 96
40 98
40 97
40 99