1 2 3 4 5 6 7 8 9 10 11 12 13 14 15 16 17 18 19 20 21 22 23 24 25 26 27 28 29 31 32 33 34 35 36 37 38 39 40 74 67 85 84 50 66 68 76 80 77 49 97 91 75 64 41 81 89 96 95 94 65 83 93 43 92 55 98 63 72 54 53 51 56 82 99 73 71 42
1 2
2 3
3 4
4 5
5 6
6 7
7 8
8 9
9 10
10 11
11 12
12 13
13 14
13 66
13 64
13 65
13 63
14 15
14 35
14 36
14 37
14 38
15 16
15 31
15 32
15 33
15 34
16 17
16 39
16 40
16 41
16 42
17 18
17 67
17 68
18 19
19 20
20 21
21 22
22 23
23 24
24 25
25 26
26 27
27 28
28 29
31 43
32 50
32 49
32 51
33 55
33 54
33 53
33 56
35 74
35 75
35 72
35 73
35 71
36 76
36 80
36 77
37 85
37 84
37 81
37 89
37 83
37 82
39 91
39 95
39 94
39 93
39 92
40 97
40 96
40 98
40 99