31 14 37 38 36 35 13 16 39 32 33 15 1 22 23 17 34 40 2 3 8 7 24 25 5 4 6 28 29 12 11 9 27 19 20 21 10 26 18 99 97 98 96 95 93 91 94 92 76 80 77 43 73 71 75 72 74 50 49 89 83 81 82 85 84 51 54 53 56 55 68 67 64 66 63 65 41 42
31 15
31 43
14 37
14 36
14 38
14 13
14 35
14 15
37 89
37 83
37 81
37 82
37 85
37 84
36 76
36 80
36 77
35 73
35 71
35 75
35 72
35 74
13 12
13 64
13 66
13 63
13 65
16 39
16 15
16 40
16 17
16 41
16 42
39 95
39 93
39 91
39 94
39 92
32 15
32 50
32 49
32 51
33 15
33 54
33 53
33 56
33 55
15 34
1 2
22 23
22 21
23 24
17 18
17 68
17 67
40 99
40 97
40 98
40 96
2 3
3 4
8 7
8 9
7 6
24 25
25 26
5 4
5 6
28 29
28 27
12 11
11 10
9 10
27 26
19 20
19 18
20 21