3 5 6 8 12 13 14 15 17 16 18 19 20 23 24 25 26 27 28 33 36 38 39 41 43 44 45 46 47 48 52 54 53 55 56 57 60 61 63 64 65 66 67 68 72 78 77 84 85 35 37 83 32 88 58 90 99 97 86 80 92
3 5
5 16
6 8
6 24
8 38
12 16
13 14
14 15
14 17
14 77
15 32
15 88
17 36
17 18
16 47
16 61
16 18
18 19
19 20
20 43
23 26
23 46
23 48
23 25
24 27
24 85
25 45
25 64
25 33
27 28
33 41
33 78
33 58
33 90
33 99
36 55
39 54
43 52
44 57
44 64
44 54
46 60
47 53
48 65
48 37
52 56
60 63
61 35
63 67
64 68
64 83
65 72
66 84
66 78
66 80
78 97
77 84
77 86
84 85
84 92