6 4 3 24 85 27 84 66 33 25 64 23 48 16 47 17 14 45 46 60 63 43 52 44 77 65 8 13 36 39 15 26 28 38 41 53 55 56 57 67 68 72 78 20 18 19 61 12 35 37 5 83 32 88 58 90 99 97 86 80 92
6 4
6 8
6 24
4 3
3 39
24 27
24 85
85 84
27 28
84 66
84 77
84 92
66 78
66 80
33 41
33 25
33 78
33 58
33 90
33 99
25 45
25 64
25 23
64 68
64 44
64 83
23 26
23 46
23 48
48 65
48 37
16 47
16 12
16 61
16 18
16 5
47 53
17 36
17 14
17 18
14 15
14 13
14 77
46 60
60 63
63 67
43 52
43 20
52 56
44 57
77 86
65 72
8 38
36 55
15 32
15 88
78 97
20 19
18 19
61 35