6 1 3 5 8 13 14 15 16 17 18 19 20 23 24 25 26 27 28 33 36 37 38 39 41 43 44 45 46 47 52 53 55 56 57 63 64 65 66 67 68 72 77 78 84 12 48 61 0 85 97 80 11 35 92 32 88 59 86
6 8
6 24
1 63
1 0
3 39
3 5
3 0
5 16
8 38
13 14
14 15
14 17
14 77
15 32
15 88
16 12
16 47
16 61
16 18
17 36
17 18
18 19
19 20
20 43
23 46
23 26
23 25
23 48
24 27
24 85
25 64
26 45
27 28
33 41
33 78
36 55
37 44
37 48
43 52
43 48
43 59
44 57
47 53
52 56
63 67
64 68
65 72
65 48
66 84
66 78
66 80
77 84
77 86
78 97
84 85
84 92
12 11
61 35