16 23 17 36 26 47 46 65 43 53 45 25 33 66 40 55 44 64 3 39 1 13 6 8 38 84 57 77 78 14 15 24 63 67 68 72 27 28 52 56 41 18 85 61 19 20 9 4 2 48 35 12 5 10 7 32 88 58 90 99 97 80 86 92
16 47
16 61
16 18
16 12
16 5
23 26
23 46
23 48
23 25
17 36
17 18
17 14
36 55
47 53
65 72
65 48
43 52
43 20
45 25
25 64
25 33
33 41
33 40
33 78
33 58
33 90
33 99
66 84
66 78
66 80
40 44
44 57
64 68
3 39
3 4
1 63
1 2
13 14
6 9
6 8
6 24
6 10
6 7
8 38
84 85
84 77
84 92
77 14
77 86
78 97
14 15
15 32
15 88
24 27
24 85
63 67
27 28
52 56
18 19
61 35
19 20
9 4
4 2