64 68 6 8 41 66 63 67 17 36 48 43 46 77 14 53 44 57 4 84 85 40 52 56 15 65 61 3 33 13 60 16 23 47 28 54 39 26 55 78 18 25 38 24 45 72 27 9 12 35 19 37 32 88 83 86 58 99 90 92 97 80
64 68
64 25
64 83
6 8
6 9
6 24
8 38
41 33
66 84
66 78
66 80
63 67
63 60
17 36
17 18
17 14
36 55
48 43
48 65
48 23
48 37
43 52
46 60
46 23
77 14
77 84
77 86
14 15
14 13
53 47
44 57
44 40
44 54
4 3
4 9
84 85
84 92
85 24
40 33
52 56
15 32
15 88
65 72
61 16
61 35
33 78
33 25
33 58
33 99
33 90
16 47
16 12
16 18
23 26
23 25
28 27
54 39
78 97
18 19
25 45
24 27