0 68 35 73 74 75 77 78 82 84 86 87 90 94 95 99 2 70 3 11 8 4 34 46 21 6 17 59 18 9 19 72 13 39 58 16 47 38 28 30 36 41 37 42 65 61 40 45 54 63 85 76 79 80 81 83 88 89 91 92 93 96 97 98
0 82
0 78
0 73
0 99
0 86
0 90
0 87
0 84
0 74
0 77
0 95
0 94
0 75
0 35
0 68
0 85
0 76
0 79
0 80
0 81
0 83
0 88
0 89
0 91
0 92
0 93
0 96
0 97
0 98
68 61
68 42
68 13
68 63
35 54
74 3
75 6
77 8
78 9
82 16
84 18
86 21
90 28
94 36
95 38
2 70
70 18
70 30
3 11
4 46
4 34
46 30
6 59
6 17
17 47
59 58
19 39
72 58
13 39
13 45
47 65
38 37
36 41
42 40