21 86 0 68 36 13 42 38 39 19 28 75 6 59 17 47 18 58 70 30 46 8 3 11 4 20 63 15 2 16 34 37 41 61 65 72 77 35 90 74 94 78 95 84 99 87 40 45 54 98 79 97 89 96 93 73 82 83 80 92 91 76 85 88 81
21 86
86 0
0 78
0 84
0 99
0 87
0 90
0 77
0 74
0 94
0 95
0 75
0 35
0 68
0 98
0 79
0 97
0 89
0 96
0 93
0 73
0 82
0 83
0 80
0 92
0 91
0 76
0 85
0 88
0 81
68 61
68 63
68 42
68 13
36 41
36 94
13 39
13 45
42 40
38 37
38 95
39 19
28 90
75 6
6 59
6 17
59 58
17 47
47 20
47 65
18 70
18 84
58 72
70 30
70 2
30 46
46 4
8 77
3 11
3 74
4 34
63 15
15 16
35 54