0 86 82 73 99 90 78 84 87 77 74 95 94 75 35 68 81 89 98 83 85 91 80 76 88 79 92 96 97 93 9 34 4 6 46 13 39 45 19 59 17 58 47 65 41 36 8 70 2 30 18 37 38 3 54 16 61 42 63 40 28 72 11 21
0 86
0 82
0 73
0 99
0 90
0 78
0 84
0 87
0 77
0 74
0 95
0 94
0 75
0 35
0 68
0 81
0 89
0 98
0 83
0 85
0 91
0 80
0 76
0 88
0 79
0 92
0 96
0 97
0 93
86 21
82 16
90 28
78 9
84 18
77 8
74 3
95 38
94 36
75 6
35 54
68 13
68 61
68 42
68 63
34 4
4 46
6 59
6 17
46 30
13 39
13 45
39 19
59 58
17 47
58 72
47 65
41 36
70 2
70 30
70 18
37 38
3 11
42 40