2 70 18 30 46 4 34 59 6 17 47 58 9 65 8 3 11 35 0 68 13 39 19 42 61 63 15 16 28 43 36 38 37 41 72 77 99 75 86 90 74 94 78 95 84 87 40 45 54 91 98 79 97 89 96 93 73 82 83 80 92 76 85 88 81
2 70
70 18
70 30
18 84
30 46
46 4
4 34
59 58
59 6
6 17
6 75
17 47
47 65
58 72
9 78
8 77
3 11
3 74
35 0
35 54
0 86
0 78
0 99
0 87
0 84
0 90
0 77
0 74
0 94
0 95
0 75
0 68
0 91
0 98
0 79
0 97
0 89
0 96
0 93
0 73
0 82
0 83
0 80
0 92
0 76
0 85
0 88
0 81
68 61
68 63
68 42
68 13
13 39
13 45
39 19
42 40
63 15
15 16
28 43
28 90
36 41
36 94
38 37
38 95