0 87 99 84 19 13 17 82 16 78 9 73 94 36 39 74 3 90 35 86 21 59 58 38 11 8 28 18 70 68 61 41 47 65 72 2 37 30 46 4 34 42 77 75 95 6 40 45 54 63 83 91 81 88 85 76 92 80 89 97 98 79 96 93
0 87
0 99
0 78
0 73
0 90
0 86
0 84
0 82
0 74
0 77
0 94
0 95
0 75
0 35
0 68
0 83
0 91
0 81
0 88
0 85
0 76
0 92
0 80
0 89
0 97
0 98
0 79
0 96
0 93
84 18
19 39
13 39
13 68
13 45
17 47
17 6
82 16
78 9
94 36
36 41
74 3
3 11
90 28
35 54
86 21
59 58
59 6
58 72
38 37
38 95
8 77
18 70
70 2
70 30
68 61
68 42
68 63
47 65
30 46
46 4
4 34
42 40
75 6