2 70 18 84 0 68 13 42 59 6 17 47 39 19 8 3 11 58 30 46 4 28 43 36 38 63 15 20 16 34 37 41 61 65 72 77 86 35 90 75 74 94 78 95 76 87 99 80 93 83 97 81 45 98 96 79 91 85 73 54 89 40 88 92 82
2 70
70 18
70 30
18 84
84 0
0 86
0 78
0 76
0 87
0 99
0 90
0 77
0 74
0 94
0 95
0 75
0 35
0 68
0 80
0 93
0 83
0 97
0 81
0 98
0 96
0 79
0 91
0 85
0 73
0 89
0 88
0 92
0 82
68 61
68 63
68 42
68 13
13 39
13 45
42 40
59 58
59 6
6 17
6 75
17 47
47 20
47 65
39 19
8 77
3 11
3 74
58 72
30 46
46 4
4 34
28 43
28 90
36 41
36 94
38 37
38 95
63 15
15 16
35 54