2 70 18 84 0 68 13 42 59 6 17 47 39 19 8 3 11 58 30 46 4 28 43 36 38 20 16 34 37 41 61 65 72 95 75 99 35 90 78 86 87 82 77 73 74 94 91 83 45 96 76 98 89 88 85 97 93 79 54 63 81 40 92 80
2 70
70 18
70 30
18 84
84 0
0 99
0 78
0 86
0 87
0 82
0 73
0 90
0 77
0 74
0 94
0 95
0 75
0 35
0 68
0 91
0 83
0 96
0 76
0 98
0 89
0 88
0 85
0 97
0 93
0 79
0 81
0 92
0 80
68 61
68 13
68 42
68 63
13 39
13 45
42 40
59 58
59 6
6 17
6 75
17 47
47 20
47 65
39 19
8 77
3 11
3 74
58 72
30 46
46 4
4 34
28 43
28 90
36 41
36 94
38 37
38 95
16 82
35 54