0 72 78 80 73 76 70 95 66 81 9 94 79 42 89 36 86 33 15 92 69 8 68 7 97 46 98 38 71 11 22 12 2 57 48 59 31 61 6 30 39 49 4 75 20 67 74 96 63 56 32 29 82 91 83 40 77 99 84 87 88 90 93
0 72
0 78
0 80
0 73
0 76
0 66
0 81
0 94
0 89
0 69
0 97
0 98
0 79
0 67
0 74
0 96
0 95
0 68
0 71
0 92
0 86
0 70
0 30
0 75
0 4
0 82
0 91
0 83
0 40
0 77
0 99
0 84
0 87
0 88
0 90
0 93
70 9
95 42
89 36
86 33
33 15
92 39
69 8
68 7
97 46
46 22
38 11
38 20
71 12
11 59
2 57
57 61
57 39
48 4
48 63
48 56
31 6
31 61
30 32
39 49
4 29
75 20