0 81 80 68 7 78 69 22 61 31 89 36 66 8 6 94 98 71 42 74 96 30 88 70 46 76 38 11 57 2 95 12 86 33 48 92 39 75 20 59 49 79 25 4 15 97 67 41 73 56 32 29 90 82 93 91 40 84 99 87 83 77
0 98
0 73
0 97
0 88
0 94
0 81
0 89
0 68
0 79
0 69
0 76
0 80
0 67
0 95
0 96
0 78
0 74
0 66
0 70
0 71
0 92
0 86
0 30
0 75
0 4
0 90
0 82
0 93
0 91
0 40
0 84
0 99
0 87
0 83
0 77
68 7
69 8
22 46
61 31
61 57
31 6
89 36
94 41
71 12
42 95
30 32
46 97
38 11
38 20
11 59
57 2
57 39
86 33
33 15
48 4
48 56
92 39
39 49
75 20
79 25
4 29