1 2 3 4 5 6 7 8 9 10 11 12 13 14 15 18 27 30 31 32 28 29 19 20 21 23 34 35 36 37 40 89 90 91 41 42 48 49 50 53 54 56 57 60 45 61 64 65 72 75 76 85 86 78 80 84 95 83 96 69 16 17 0 99 22 67 26 24
1 72
1 2
1 0
1 99
2 3
3 4
4 20
4 57
4 5
4 90
5 6
6 78
6 7
7 8
8 9
9 10
9 85
10 11
10 28
11 12
12 13
13 14
14 15
15 16
18 19
18 17
27 28
27 26
30 31
30 29
31 48
31 32
31 60
32 54
28 29
28 23
29 76
19 20
20 21
21 22
23 96
23 24
34 35
34 80
34 78
35 36
36 37
40 41
89 84
90 91
41 42
42 76
48 49
49 50
53 54
56 57
56 45
60 61
45 65
64 65
72 69
75 76
76 67
85 86
85 84
84 83
95 96