1 2 3 4 20 72 69 5 6 78 34 45 56 93 65 7 96 23 28 29 76 24 75 9 85 84 89 10 90 88 83 82 11 42 41 40 39 38 12 13 14 57 64 63 48 31 32 54 53 52 51 8 18 19 27 30 35 15 60 16 17 99 0 21 25 67 26 22
1 2
1 72
1 99
1 0
2 3
3 4
4 20
4 57
4 5
4 90
20 19
20 21
72 69
5 6
6 78
6 7
78 34
34 35
45 65
45 56
56 93
56 57
65 64
7 8
96 23
23 24
23 28
23 22
28 29
28 10
28 27
29 30
29 76
76 75
76 42
76 67
24 25
9 10
9 85
9 8
85 84
84 83
84 89
89 88
10 11
83 82
11 12
42 41
41 40
40 39
39 38
12 13
13 14
14 15
64 63
48 31
31 32
31 30
31 60
32 54
54 53
53 52
52 51
18 19
18 17
27 26
15 16