30 31 65 34 78 72 53 3 2 90 89 27 32 54 60 20 19 21 48 49 23 96 95 57 4 50 41 40 1 45 9 10 8 28 56 37 61 64 76 42 5 13 14 29 18 86 84 83 11 6 85 15 91 80 7 75 35 36 12 69 16 17 0 99 22 67 26 24
30 31
30 29
31 48
31 32
31 60
65 64
65 45
34 35
34 80
34 78
78 6
72 1
72 69
53 54
3 4
3 2
2 1
90 91
90 4
89 84
27 28
27 26
32 54
60 61
20 19
20 4
20 21
19 18
21 22
48 49
49 50
23 96
23 28
23 24
96 95
57 4
57 56
4 5
41 40
41 42
1 0
1 99
45 56
9 10
9 8
9 85
10 11
10 28
8 7
28 29
37 36
76 42
76 75
76 29
76 67
5 6
13 14
13 12
14 15
18 17
86 85
84 83
84 85
11 12
6 7
15 16
35 36