1 2 3 4 5 6 7 8 9 10 11 12 13 14 15 18 20 23 28 29 30 31 32 34 35 36 37 40 41 42 45 48 49 50 51 54 56 57 60 61 62 65 69 72 73 76 78 80 83 84 85 86 87 90 93 96 19 27 21 16 17 0 99 22 26 24
1 2
1 72
1 0
1 99
2 3
3 4
4 90
4 20
4 5
4 57
5 6
6 7
6 78
7 8
8 9
9 85
9 10
10 11
10 28
11 12
12 13
13 14
14 15
15 16
18 19
18 17
20 19
20 21
23 96
23 28
23 24
28 27
28 29
29 76
29 30
30 31
31 48
31 60
31 32
32 54
34 80
34 35
34 78
35 36
36 37
40 41
41 42
42 76
45 65
45 56
48 49
49 50
50 51
56 93
56 57
60 61
61 62
69 72
72 73
83 84
84 85
85 86
86 87
27 26
21 22