78 80 83 84 85 86 87 76 42 75 72 6 9 34 45 1 48 49 50 53 54 29 41 40 39 38 37 96 95 91 90 23 4 57 60 61 62 28 10 27 11 12 20 19 18 56 3 2 5 7 31 8 65 69 14 13 24 30 32 15 17 16 99 0 21 25 67 26 22
78 34
78 6
80 34
83 84
84 85
85 86
85 9
86 87
76 42
76 75
76 29
76 67
42 41
72 1
72 69
6 7
6 5
9 10
9 8
45 65
45 56
1 2
1 99
1 0
48 31
48 49
49 50
53 54
54 32
29 30
29 28
41 40
40 39
39 38
38 37
96 95
96 23
91 90
90 4
23 24
23 28
23 22
4 3
4 20
4 5
4 57
57 56
60 61
60 31
61 62
28 10
28 27
10 11
27 26
11 12
12 13
20 19
20 21
19 18
18 17
3 2
7 8
31 30
31 32
14 13
14 15
24 25
15 16