1 72 69 2 3 4 20 5 6 78 34 45 56 93 65 7 90 89 84 9 10 85 28 23 96 29 76 75 24 42 41 40 39 38 86 83 82 57 64 63 11 12 13 14 15 48 31 32 54 53 52 51 19 8 27 30 35 18 60 99 0 25 21 17 22 67 16 26
1 72
1 2
1 99
1 0
72 69
2 3
3 4
4 90
4 57
4 20
4 5
20 19
20 21
5 6
6 78
6 7
78 34
34 35
45 65
45 56
56 93
56 57
65 64
7 8
89 84
84 83
84 85
9 85
9 8
9 10
10 11
10 28
85 86
28 29
28 27
28 23
23 96
23 24
23 22
29 76
29 30
76 75
76 42
76 67
24 25
42 41
41 40
40 39
39 38
83 82
64 63
11 12
12 13
13 14
14 15
15 16
48 31
31 32
31 30
31 60
32 54
54 53
53 52
52 51
19 18
27 26
18 17