1 72 69 2 3 4 5 6 78 34 45 56 93 65 7 90 89 84 9 10 85 28 23 96 29 76 75 42 41 40 39 38 37 86 83 82 57 58 64 63 62 11 12 13 48 31 54 53 52 51 55 27 8 30 20 19 14 15 24 18 21 16 17 67 0 99 25 26 22
1 72
1 2
1 0
1 99
72 69
2 3
3 4
4 57
4 90
4 5
4 20
5 6
6 78
6 7
78 34
45 65
45 56
56 93
56 55
56 57
65 64
7 8
89 84
84 83
84 85
9 85
9 10
9 8
10 28
10 11
85 86
28 29
28 27
28 23
23 96
23 24
29 76
29 30
76 75
76 42
76 67
42 41
41 40
40 39
39 38
38 37
83 82
57 58
64 63
63 62
11 12
12 13
13 14
48 31
31 30
54 53
54 55
53 52
52 51
27 26
20 21
20 19
19 18
14 15
15 16
24 25
18 17
21 22