2 3 4 10 13 6 7 15 18 21 27 25 19 32 22 33 20 24 34 35 39 41 38 44 45 46 51 49 50 52 61 55 59 58 65 64 67 73 70 71 76 77 81 88 79 85 89 86 91 99 90 96 97 57 47 56 40 53 43 54 48
2 3
3 4
4 13
10 6
10 13
13 21
6 7
15 27
15 25
18 32
18 19
21 20
25 24
19 33
19 22
19 20
22 24
33 34
33 35
34 39
35 41
39 38
41 44
41 40
44 45
44 43
44 54
45 51
45 46
45 48
46 47
51 49
49 50
50 52
52 61
52 55
52 53
55 59
55 56
59 65
59 58
58 57
65 67
65 64
67 73
73 77
70 76
70 71
71 77
76 81
77 79
77 88
88 85
88 89
89 99
89 86
86 91
91 90
99 97
96 97