7 6 3 4 10 11 12 13 15 18 19 25 27 32 33 34 35 39 38 41 44 45 46 51 49 50 52 55 58 59 61 65 67 70 71 73 76 77 79 81 85 86 89 91 90 94 96 97 88 21 64 20 1 16 17 57 36 22 47 56 53 40 43 54 48
7 6
6 10
3 1
3 4
4 13
10 11
10 13
11 15
12 13
12 16
13 21
15 27
15 25
18 32
18 19
19 33
19 20
19 22
33 34
33 35
34 39
34 36
35 41
39 38
41 44
41 40
44 45
44 43
44 54
45 51
45 46
45 48
46 47
51 49
49 50
50 52
52 61
52 55
52 53
55 59
55 56
58 59
58 57
59 65
65 64
65 67
67 73
70 76
70 71
71 77
73 77
76 81
77 79
77 88
85 88
86 91
86 89
89 88
91 90
90 94
94 96
96 97
21 20
21 17