51 45 44 43 38 49 35 33 19 18 32 12 22 24 25 13 15 27 10 3 50 52 61 64 2 6 7 55 58 65 67 70 71 76 74 77 79 88 82 86 91 90 94 96 97 4 21 41 59 73 20 34 39 46 16 17 57 36 42 47 56 53 40 54 48
51 45
51 49
45 44
45 46
45 48
44 43
44 41
44 54
43 42
38 39
49 50
35 33
35 41
33 19
33 34
19 22
19 18
19 20
18 32
12 13
12 16
22 24
24 25
25 15
13 10
13 4
13 21
15 27
10 6
3 2
3 4
50 52
52 61
52 55
52 53
64 65
6 7
55 59
55 56
58 59
58 57
65 67
65 59
67 73
70 76
70 71
71 77
76 74
77 79
77 88
77 73
79 82
88 86
86 91
91 90
90 94
94 96
96 97
21 20
21 17
41 40
34 39
34 36
46 47