7 6 10 13 12 21 20 19 33 35 41 44 45 34 39 46 18 51 3 2 49 50 52 55 59 58 65 64 70 76 81 84 71 77 73 88 82 86 89 99 97 96 94 93 11 15 25 27 32 38 4 67 61 16 17 57 36 22 47 56 53 40 43 54 48
7 6
6 10
10 11
10 13
13 12
13 4
13 21
12 16
21 20
21 17
20 19
19 33
19 18
19 22
33 34
33 35
35 41
41 44
41 40
44 45
44 43
44 54
45 51
45 46
45 48
34 39
34 36
39 38
46 47
18 32
51 49
3 2
3 4
49 50
50 52
52 55
52 61
52 53
55 59
55 56
59 65
59 58
58 57
65 64
65 67
70 76
70 71
76 81
81 84
84 82
71 77
77 88
77 73
73 67
88 89
86 89
89 99
99 97
97 96
96 94
94 93
11 15
15 27
15 25