46 99 18 25 33 19 97 96 10 91 90 41 61 59 65 88 89 45 20 21 77 6 13 58 64 49 50 27 67 76 81 44 85 84 73 86 22 55 3 1 4 35 34 7 52 71 70 15 51 24 32 38 39 57 47 56 40 53 54 43 48
46 45
46 47
99 97
99 89
18 32
18 19
25 15
25 24
33 19
33 34
33 35
19 22
19 20
97 96
10 6
10 13
91 86
91 90
41 44
41 35
41 40
61 52
59 65
59 58
59 55
65 67
65 64
88 85
88 89
88 77
89 86
45 44
45 51
45 48
20 21
21 13
77 73
77 71
6 7
13 4
58 57
49 50
49 51
50 52
27 15
67 73
76 81
76 70
44 54
44 43
85 84
22 24
55 52
55 56
3 1
3 4
34 39
52 53
71 70
38 39