1 23 24 13 4 14 17 21 22 26 32 33 18 27 40 46 55 50 57 58 62 29 66 73 80 96 69 89 52 63 77 75 74 78 85 44 10 95 72 43 12 48 31 3 56 67 37 45 82 35 25 76 94 97 30 19 83 71
1 58
23 24
24 21
24 12
24 14
24 75
13 12
13 3
4 57
4 17
14 52
14 66
14 63
17 77
22 46
22 63
22 37
26 75
32 33
33 74
18 62
18 40
18 85
18 25
27 48
40 58
55 57
50 96
50 56
50 67
57 89
57 75
57 76
57 94
57 97
58 72
62 29
66 78
66 96
66 85
73 95
80 69
80 10
89 31
52 44
52 43
52 83
52 71
75 74
74 35
78 30
78 19
85 10
44 45
10 95
43 48
43 82