14 48 58 85 50 40 22 1 12 23 45 17 26 46 78 27 24 73 96 32 57 66 62 29 4 69 95 63 77 18 75 52 10 44 49 21 89 33 74 43 80 13 5 36 98 3 56 67 37 35 76 55 25 82 19 30 71 83
14 52
14 66
14 63
14 24
48 27
48 43
48 36
58 1
58 40
85 18
85 66
85 10
50 96
50 56
50 67
40 18
22 46
22 63
22 37
12 13
12 24
23 24
45 44
45 49
45 98
17 77
17 4
26 75
78 66
78 19
78 30
24 21
24 75
73 95
96 66
32 33
57 89
57 4
57 75
57 76
57 55
62 29
62 18
69 80
95 10
18 25
75 74
52 44
52 43
52 71
52 83
10 80
49 5
33 74
74 35
43 82
13 3