1 42 58 40 18 62 85 66 96 78 14 52 24 12 13 89 57 43 63 22 80 10 69 48 75 26 50 53 21 23 77 73 27 29 46 76 44 95 74 45 49 36 39 98 3 33 35 56 67 55 4 37 82 25 30 19 71 83
1 58
42 76
58 40
40 18
18 62
18 85
18 25
62 29
85 10
85 66
66 78
66 96
66 14
96 50
78 30
78 19
14 52
14 63
14 24
52 44
52 43
52 71
52 83
24 21
24 12
24 23
24 77
24 75
12 13
13 3
89 57
57 76
57 75
57 55
57 4
43 48
43 82
63 22
22 46
22 37
80 69
80 10
80 39
10 95
48 27
48 36
75 26
75 74
50 53
50 56
50 67
73 95
44 45
95 98
74 33
74 35
45 49