91 90 77 78 97 96 34 33 59 60 30 29 46 45 51 52 25 24 65 66 31 50 49 6 5 36 35 10 9 53 68 69 44 19 18 70 71 7 56 57 26 32 4 3 72 1 73 38 37 41 40 39 12 11 43 17 16 20 74 23 21 13 63 64 98 67 42 61 62 22 48 47 54 55 94 93 8 58 2 84 83 82 89 27 92 88 28 76 87 99 86 75 15 95 85 14 81
91 92
91 90
90 89
77 78
77 76
97 98
97 96
96 95
34 33
34 35
33 32
59 60
59 58
60 61
30 29
30 31
29 28
46 45
46 47
45 44
51 52
51 50
52 53
25 24
25 26
24 23
65 66
65 64
66 67
31 32
50 49
50 99
49 48
6 5
6 7
5 4
36 35
36 37
10 9
10 11
9 8
53 54
68 69
68 67
69 70
44 43
19 18
19 20
18 17
70 71
71 72
7 8
56 57
56 55
57 58
26 27
4 3
3 2
72 73
1 2
73 74
38 37
38 39
41 40
41 42
40 39
12 11
12 13
43 42
17 16
16 15
20 21
74 75
23 22
21 22
13 14
63 64
63 62
98 99
61 62
48 47
54 55
94 95
94 93
93 92
84 85
84 83
83 82
82 81
89 88
27 28
88 87
76 75
87 86
86 85
15 14