2 4 5 1 3 23 24 7 17 16 10 15 6 18 22 8 13 20 30 32 29 34 44 38 39 36 49 28 47 69 93 70 92 89 73 74 75 79 88 98 60 53 86 97 54 63 67 57 65 58 83 81 71 85 82 51 90 84 12 52 96
2 47
2 13
2 4
2 3
4 1
5 1
5 73
5 12
1 39
1 7
1 16
3 22
3 20
23 89
23 24
23 30
23 51
23 90
24 86
7 32
7 96
17 67
17 44
16 53
16 18
10 92
10 8
10 32
15 36
15 39
6 18
6 67
22 79
20 82
30 29
32 29
32 52
34 92
38 39
39 63
36 74
49 28
28 74
47 81
69 93
93 70
70 92
92 71
89 88
74 75
88 85
98 97
98 60
60 54
54 63
63 65
63 84
67 57
57 58
58 83