7 29 30 17 44 39 11 74 12 10 92 16 18 32 6 67 54 75 1 5 63 47 81 13 53 83 34 23 24 60 73 38 28 49 22 79 3 58 65 20 57 93 69 86 70 8 88 2 4 89 98 97 71 85 82 51 90 84 15 52 96
7 1
7 32
7 96
29 32
29 30
30 23
17 44
17 67
39 38
39 63
39 1
39 15
11 74
11 5
74 75
74 28
12 5
10 92
10 32
10 8
92 70
92 71
92 34
16 53
16 18
16 1
18 6
32 52
6 67
67 57
54 60
54 63
1 5
1 4
5 73
63 65
63 84
47 81
47 2
13 2
83 58
23 89
23 24
23 51
23 90
24 86
60 98
28 49
22 79
22 3
3 20
3 2
58 57
20 82
93 69
93 70
88 89
88 85
2 4
98 97