44 17 4 0 1 2 3 5 6 7 8 10 13 16 20 22 24 23 26 28 30 29 38 39 42 46 47 49 53 60 54 67 57 58 75 81 83 92 70 93 69 98 97 32 88 89 18 63 65 71 34 85 82 90 51 84 12 73 52 15 96
44 17
17 42
17 67
4 2
4 1
0 26
0 5
1 5
1 39
1 16
1 7
2 47
2 13
2 3
3 22
3 20
5 12
5 73
6 67
6 18
7 32
7 96
8 10
10 92
10 32
16 53
16 18
20 82
22 46
24 23
23 89
23 30
23 90
23 51
26 28
28 49
30 29
29 32
38 39
39 63
39 15
47 81
49 75
60 98
60 54
54 63
67 57
57 58
58 83
92 70
92 71
92 34
70 93
93 69
98 97
32 52
88 89
88 85
63 65
63 84