44 6 9 5 1 7 32 29 4 10 92 34 71 39 63 54 8 2 3 20 22 57 58 70 46 48 49 28 24 23 93 16 96 98 47 86 75 13 53 69 81 83 97 12 18 30 38 73 65 89 88 67 17 15 52 51 90 82 84 85
44 17
6 67
6 18
9 12
5 73
5 12
5 1
1 7
1 4
1 16
1 39
7 96
7 32
32 29
32 10
32 52
29 30
4 2
10 92
10 8
92 71
92 70
92 34
39 63
39 38
39 15
63 54
63 65
63 84
2 47
2 3
2 13
3 20
3 22
20 82
22 46
57 58
57 67
58 83
70 93
46 48
48 49
49 28
49 75
24 86
24 23
23 30
23 89
23 51
23 90
93 69
16 53
16 18
96 98
98 97
47 81
89 88
88 85
67 17