64 77 19 46 87 54 23 11 92 74 26 49 67 71 36 37 83 27 52 85 69 58 20 90 86 4 29 42 79 55 48 17 0 89 1 40 57 22 82 21 45 9 14 70 2 95 39 13 16 31 60 75 47 68 96 50 81 78 51 15 43 53 61 44 73 65 80 7 10 34
64 77
64 17
64 22
64 2
77 89
77 85
19 81
46 87
46 71
46 86
87 1
54 23
54 0
23 9
23 29
23 65
11 58
11 74
11 10
92 58
92 80
74 26
74 73
26 43
49 67
49 70
49 7
67 44
71 17
36 37
36 90
36 16
36 20
37 39
83 27
83 52
27 21
52 20
69 21
58 20
58 0
58 34
4 40
29 42
42 45
79 9
55 48
55 50
55 31
48 81
0 70
1 40
40 47
57 95
57 13
22 78
22 82
82 96
9 14
14 51
14 15
70 68
2 68
39 31
13 78
16 53
16 61
60 75
75 78