25 0 95 92 34 86 44 75 36 77 20 96 51 57 59 15 43 85 23 22 76 97 74 30 4 26 28 54 2 39 84 12 81 19 64 38 87 82 52 90 58 60 7 65 31 42 93 18 6 78 69 80 91 73 79 89 68 83 71 94 72 98 70 32 99 88
25 38
0 96
0 75
0 77
0 74
0 81
0 97
0 95
0 82
0 76
0 84
0 92
0 90
0 85
0 86
0 38
0 34
0 36
0 87
0 78
0 69
0 80
0 91
0 73
0 79
0 89
0 68
0 83
0 71
0 94
0 72
0 98
0 70
0 32
0 99
0 88
95 39
86 26
44 30
36 51
36 31
36 42
36 93
36 18
36 6
20 82
51 43
51 60
57 52
57 59
57 22
59 15
85 23
23 12
22 84
30 2
30 87
4 19
28 54
28 12
81 19
64 38
64 58
38 7
38 65