20 83 40 31 46 84 61 85 72 23 1 12 39 92 44 82 11 68 43 22 51 69 0 3 73 10 88 32 95 9 8 15 17 21 25 27 35 38 42 47 48 49 57 59 62 65 67 70 71 77 81 94 96 98 97 56 7 5 36 4 87 45 99 89 76 30
20 83
20 40
20 49
83 65
83 70
83 77
40 31
40 46
40 36
31 61
31 68
31 73
31 47
46 84
84 22
61 85
61 95
61 89
85 72
85 23
85 51
72 11
72 57
72 99
23 1
23 12
23 42
23 76
23 30
1 39
1 44
1 4
1 45
12 92
12 82
39 69
39 94
39 5
92 0
92 10
44 81
44 98
82 15
11 35
68 43
68 67
43 62
22 25
51 71
51 87
69 48
0 3
3 17
73 27
10 88
88 32
88 38
32 21
95 9
9 8
9 59
8 96
57 7
71 97
71 56