0 30 4 66 67 68 69 71 73 74 75 76 78 79 80 81 86 88 89 92 94 95 96 97 98 22 2 57 48 6 31 7 8 42 11 15 38 59 12 49 41 33 20 46 61 36 39 63 56 32 29 87 90 91 93 99 40 70 77 82 83 84
0 98
0 97
0 88
0 73
0 94
0 81
0 89
0 68
0 79
0 69
0 76
0 80
0 67
0 95
0 96
0 78
0 66
0 74
0 71
0 92
0 86
0 30
0 75
0 4
0 87
0 90
0 91
0 93
0 99
0 40
0 70
0 77
0 82
0 83
0 84
30 32
4 48
4 29
68 7
69 8
71 12
75 20
86 33
89 36
92 39
94 41
95 42
97 46
22 46
2 57
57 61
57 39
48 63
48 56
6 31
31 61
11 59
11 38
15 33
38 20
49 39