0 78 34 75 4 13 39 6 59 47 65 41 73 77 8 70 2 37 74 94 35 19 95 38 30 16 87 36 68 84 18 9 42 99 28 58 3 86 90 46 72 61 11 82 17 21 40 45 54 63 81 89 98 83 85 91 80 76 88 79 92 96 97 93
0 86
0 82
0 73
0 99
0 90
0 78
0 84
0 87
0 77
0 74
0 95
0 94
0 75
0 35
0 68
0 81
0 89
0 98
0 83
0 85
0 91
0 80
0 76
0 88
0 79
0 92
0 96
0 97
0 93
78 9
34 4
75 6
4 46
13 39
13 68
13 45
39 19
6 59
6 17
59 58
47 65
47 17
41 36
77 8
70 2
70 30
70 18
37 38
74 3
94 36
35 54
95 38
30 46
16 82
68 61
68 42
68 63
84 18
42 40
28 90
58 72
3 11
86 21