50 60 25 57 51 52 53 54 55 56 58 59 26 22 27 28 29 30 31 32 33 34 35 23 19 18 0 1 2 4 6 7 9 71 8 10 3 36 39 40 44 45 48 81 61 90 91 62 63 64 65 66 67 68 69 72 5 73 74 75 76 77 78 79
50 60
50 25
50 57
50 51
50 52
50 53
50 54
50 55
50 56
50 58
50 59
60 81
60 61
25 26
25 22
25 27
25 28
25 29
25 30
25 31
25 32
25 33
25 34
25 35
57 71
26 36
22 23
19 18
18 0
0 1
0 2
0 4
0 6
0 7
0 9
0 71
0 8
0 10
71 3
71 44
71 72
71 5
39 40
40 44
44 45
45 48
81 90
61 62
90 91
62 63
63 64
64 65
65 66
66 67
67 68
68 69
72 73
73 74
74 75
75 76
76 77
77 78
78 79