0 71 44 45 40 39 72 73 74 75 76 18 19 22 25 26 50 60 81 36 61 62 63 64 65 66 67 68 90 77 78 1 2 3 4 6 7 9 23 48 69 79 91 57 8 10 27 28 29 30 31 32 33 34 35 5 51 52 53 54 55 56 58 59
0 1
0 2
0 4
0 6
0 7
0 9
0 18
0 71
0 8
0 10
71 44
71 72
71 57
71 3
71 5
44 45
44 40
45 48
40 39
72 73
73 74
74 75
75 76
76 77
18 19
22 23
22 25
25 26
25 50
25 27
25 28
25 29
25 30
25 31
25 32
25 33
25 34
25 35
26 36
50 60
50 57
50 51
50 52
50 53
50 54
50 55
50 56
50 58
50 59
60 81
60 61
81 90
61 62
62 63
63 64
64 65
65 66
66 67
67 68
68 69
90 91
77 78
78 79