50 45 36 25 26 4 57 19 71 3 63 64 0 2 60 81 72 73 9 74 75 23 6 22 91 48 78 79 40 65 67 68 77 44 66 18 61 62 7 90 69 1 39 76 10 8 33 30 35 32 29 27 34 28 31 5 51 52 58 54 59 53 56 55
50 60
50 25
50 57
50 51
50 52
50 58
50 54
50 59
50 53
50 56
50 55
45 48
45 44
36 26
25 26
25 22
25 33
25 30
25 35
25 32
25 29
25 27
25 34
25 28
25 31
4 0
57 71
19 18
71 72
71 44
71 3
71 0
71 5
63 64
63 62
64 65
0 2
0 9
0 6
0 7
0 1
0 18
0 10
0 8
60 81
60 61
81 90
72 73
73 74
74 75
75 76
23 22
91 90
78 79
78 77
40 44
40 39
65 66
67 68
67 66
68 69
77 76
61 62