32 31 22 20 10 0 1 2 5 6 9 11 12 14 15 16 19 23 24 25 29 30 39 36 35 40 41 44 45 46 47 49 50 51 52 53 54 55 56 59 60 61 62 65 66 69 70 73 77 76 79 80 81 82 83 84 85 86 87 90 91 92 93 94 95 96 97 13 48 43 21 42
32 31
31 22
31 30
22 23
20 10
20 30
20 21
10 0
10 11
0 1
1 2
5 6
5 14
9 19
11 12
12 13
14 15
14 13
15 16
19 29
23 24
24 25
29 39
30 40
39 49
36 35
36 49
40 50
40 41
41 42
44 45
44 43
45 46
45 51
46 47
47 48
49 59
49 48
50 60
50 51
51 52
52 53
53 54
54 55
55 65
55 56
59 69
60 61
60 70
61 62
65 66
66 77
69 79
70 80
73 80
77 76
80 81
80 90
81 82
82 83
83 84
84 85
85 86
86 87
90 91
91 92
92 93
93 94
94 95
95 96
96 97