32 31 22 30 40 50 60 70 80 51 45 44 43 46 47 48 49 39 29 59 69 79 19 89 99 86 9 8 85 84 83 98 97 96 95 94 93 92 18 17 27 26 25 68 67 66 77 65 64 14 5 4 3 2 13 12 11 10 73 36 35 76 20 88 52 58 53 57 28 61 16 87 42 56 41 38
32 31
31 22
31 30
30 40
30 20
40 50
40 41
50 60
50 51
60 70
60 61
70 80
80 73
51 52
51 45
45 46
45 44
44 43
43 42
46 47
47 48
48 49
49 36
49 59
49 39
39 29
39 38
29 28
29 19
59 69
59 58
69 79
69 68
79 89
19 9
19 18
89 99
89 88
99 98
99 86
86 85
9 8
85 84
84 83
98 97
97 96
96 95
95 94
94 93
93 92
18 17
17 16
27 26
27 28
26 25
68 67
67 66
66 77
66 65
77 76
65 64
14 5
14 13
5 4
4 3
3 2
13 12
12 11
11 10
10 20
36 35
88 87
52 53
58 57
57 56