50 51 52 53 54 55 63 62 66 67 68 69 77 76 40 30 31 32 22 23 24 27 28 29 15 14 19 9 8 7 20 10 0 1 2 3 39 36 49 35 60 70 73 80 81 82 83 84 85 86 99 87 90 41 48 47 11 16 91 92 93 94 95 96 45 12 13 46 59 58 61 44 79 21 42 43
50 60
50 51
50 40
51 52
51 45
52 53
53 54
54 55
63 62
62 61
66 77
66 67
67 68
68 69
69 59
69 79
77 76
40 41
40 30
30 31
30 20
31 32
31 22
22 23
23 24
27 15
27 28
28 29
29 19
29 39
15 16
14 13
19 9
9 8
8 7
20 10
20 21
10 0
10 11
0 1
1 2
2 3
39 49
36 35
36 49
49 59
49 48
60 70
60 61
70 80
73 80
80 81
80 90
81 82
82 83
83 84
84 85
85 86
86 99
86 87
90 91
41 42
48 47
47 46
11 12
91 92
92 93
93 94
94 95
95 96
45 44
45 46
12 13
59 58
44 43