98 97 32 40 30 99 59 58 27 26 69 79 50 60 28 51 52 19 9 68 83 86 89 18 62 63 67 82 49 77 76 45 44 22 23 66 61 37 36 31 48 39 96 17 70 93 54 38 47 46 10 11 1 2 90 91 35 7 6 57 80 0 20 81 92 29 73 12 53 3 13 8 41 42 43
98 99
98 97
97 96
32 31
40 30
40 41
40 50
30 31
30 20
99 86
99 89
59 58
59 69
59 49
58 57
27 28
27 26
69 79
69 68
79 89
50 60
50 51
60 70
60 61
28 29
51 52
51 45
52 53
19 9
19 18
19 29
9 8
68 67
83 82
18 17
62 63
62 61
67 66
82 81
49 48
49 39
77 76
77 66
45 46
45 44
44 43
22 23
22 31
37 38
37 36
36 35
48 47
39 29
39 38
70 80
93 92
54 53
47 46
10 0
10 20
10 11
11 12
1 2
1 0
2 3
90 91
90 80
91 92
7 8
7 6
80 81
80 73
12 13
41 42