15 50 51 14 45 16 13 12 11 10 9 8 52 53 54 55 56 57 58 59 60 61 62 63 64 65 66 67 68 69 0 1 2 3 4 5 44 43 42 41 37 36 35 34 33 32 31 30 29 28 27 26 25 24 23 22 17 18 19 20 21 40 46 47 48 49
15 14
15 16
15 45
15 50
15 46
15 47
15 48
15 49
50 51
51 52
14 13
45 44
16 17
13 12
12 11
11 10
10 9
9 8
52 53
53 54
54 55
55 56
56 57
57 58
58 59
59 60
60 61
61 62
62 63
63 64
64 65
65 66
66 67
67 68
68 69
69 0
0 1
1 2
2 3
3 4
4 5
44 43
43 42
42 41
41 40
37 36
36 35
35 34
34 33
33 32
32 31
31 30
30 29
29 28
28 27
27 26
26 25
25 24
24 23
23 22
22 21
17 18
18 19
19 20
20 21