13 12 11 10 56 57 15 16 50 51 17 20 21 39 38 9 8 28 29 18 1 0 23 24 62 63 37 36 34 33 45 7 6 22 53 54 4 3 52 14 44 43 61 40 35 25 26 2 27 69 67 64 42 41 19 55 60 32 58 59 5 68 47 48 49 46
13 12
13 14
12 11
11 10
10 9
56 55
56 57
57 58
15 14
15 16
15 45
15 50
15 47
15 48
15 49
15 46
16 17
50 51
51 52
17 18
20 21
20 19
21 22
39 40
39 38
38 37
9 8
8 7
28 29
28 27
18 19
1 0
1 2
0 69
23 24
23 22
24 25
62 61
62 63
63 64
37 36
36 35
34 35
34 33
33 32
45 44
7 6
6 5
53 52
53 54
54 55
4 3
4 5
3 2
44 43
43 42
61 60
40 41
25 26
26 27
69 68
67 68
42 41
60 59
58 59