0 1 3 10 12 13 11 6 8 19 14 28 20 22 23 24 30 34 35 50 47 48 51 56 49 72 52 54 61 60 71 70 66 69 73 74 77 76 75 82 87 78 81 83 89 88 57 9 39 25 18 21 4 44 45 46 58 2 16 5 32 38 15 7 42 31 29 33 36
0 1
0 3
1 12
3 11
3 10
3 4
10 13
13 14
13 2
13 16
11 20
11 18
11 21
6 8
6 5
8 28
8 9
8 14
8 7
19 9
19 44
19 45
14 15
28 30
20 22
22 23
23 24
24 25
30 35
30 31
30 29
30 33
34 35
34 32
35 39
35 50
35 36
50 49
50 72
50 42
47 51
47 56
47 48
47 46
48 49
51 52
56 60
49 57
72 74
72 71
52 54
61 60
71 70
70 69
70 73
66 69
73 77
74 76
77 78
76 87
76 75
75 82
82 83
82 81
87 88
89 88
57 58
39 38