0 1 3 12 11 10 4 13 14 2 16 20 18 21 6 8 5 28 9 7 19 44 45 15 30 22 23 24 25 35 31 29 33 34 32 39 50 36 49 72 42 47 51 56 48 46 52 60 57 74 71 54 61 70 69 73 66 77 76 78 87 75 82 83 81 88 89 58 38
0 1
0 3
1 12
3 11
3 10
3 4
11 20
11 18
11 21
10 13
13 14
13 2
13 16
14 8
14 15
20 22
6 8
6 5
8 28
8 9
8 7
28 30
9 19
19 44
19 45
30 35
30 31
30 29
30 33
22 23
23 24
24 25
35 34
35 39
35 50
35 36
34 32
39 38
50 49
50 72
50 42
49 48
49 57
72 74
72 71
47 51
47 56
47 48
47 46
51 52
56 60
52 54
60 61
57 58
74 76
71 70
70 69
70 73
69 66
73 77
77 78
76 87
76 75
87 88
75 82
82 83
82 81
88 89