11 3 0 1 6 8 12 13 19 20 22 23 24 28 30 34 35 47 48 50 51 52 54 56 57 60 61 66 69 70 72 73 74 76 75 77 78 79 82 83 84 85 87 10 9 49 71 14 39 25 27 18 21 4 46 45 44 58 5 2 16 38 32 15 7 42 31 29 33 36
11 3
11 20
11 18
11 21
3 0
3 10
3 4
0 1
1 12
6 8
6 5
8 28
8 9
8 14
8 7
13 10
13 14
13 2
13 16
19 9
19 45
19 44
20 22
22 23
23 24
23 27
24 25
28 30
30 35
30 31
30 29
30 33
34 35
34 32
35 39
35 50
35 36
47 51
47 56
47 48
47 46
48 49
50 49
50 72
50 42
51 52
52 54
56 60
57 49
57 58
60 61
66 69
69 70
70 73
70 71
72 74
72 71
73 77
74 76
76 75
76 87
75 82
77 78
78 79
82 83
83 84
84 85
14 15
39 38