50 72 39 71 56 60 70 73 77 69 61 51 47 52 80 81 82 75 76 63 64 87 88 89 85 86 30 28 8 6 13 3 0 1 12 11 20 22 23 24 10 14 34 35 46 48 9 19 49 57 74 58 25 18 21 43 4 59 44 45 16 2 5 15 38 32 7 31 29 33 42 36
50 35
50 72
50 49
50 42
72 74
72 71
39 35
39 38
71 70
56 60
56 47
60 61
70 69
70 73
73 77
61 63
51 52
51 47
47 46
47 48
80 81
81 82
82 75
75 76
76 87
76 74
63 64
87 88
87 86
88 89
89 85
30 35
30 28
30 31
30 29
30 33
28 8
8 6
8 14
8 9
8 7
6 5
13 10
13 14
13 16
13 2
3 11
3 0
3 10
3 4
0 1
1 12
11 20
11 18
11 21
20 22
22 23
23 24
24 25
14 15
34 35
34 32
35 36
46 43
48 49
9 19
19 44
19 45
49 57
57 58
58 59