11 3 10 0 13 14 8 19 46 47 48 56 71 60 61 70 72 35 74 76 87 86 67 66 88 89 20 85 84 83 82 81 80 79 78 22 23 51 52 57 1 12 24 54 6 9 58 49 50 28 30 31 34 39 38 32 42 15 18 16 36 17 41 40 43 21 26 27 37 45 7 29 44 25 5 33 59 2 4
11 3
11 20
11 18
11 21
3 0
3 10
3 4
10 13
0 1
13 14
13 16
13 2
14 8
14 15
8 6
8 28
8 9
8 7
19 9
19 45
19 44
46 47
46 43
47 51
47 56
47 48
48 49
56 60
71 72
71 70
60 61
72 74
72 50
35 34
35 39
35 50
35 30
35 36
74 76
76 87
87 86
87 88
86 67
67 66
88 89
89 85
20 22
85 84
84 83
83 82
82 81
81 80
80 79
79 78
22 23
23 24
23 26
23 27
51 52
52 54
57 49
57 58
1 12
12 17
24 25
6 5
58 59
49 50
50 42
28 30
30 31
30 29
30 33
31 37
34 32
39 38
38 41
38 40