11 3 10 0 13 14 8 19 47 48 56 71 60 61 70 72 31 30 35 74 76 87 86 67 66 65 88 89 20 85 84 83 82 81 80 79 78 22 23 51 52 57 1 12 24 28 9 50 39 38 34 6 49 46 58 18 21 45 40 37 43 36 17 27 2 7 32 33 26 4 16 42 25 59 29 15 5 44 41
11 3
11 20
11 18
11 21
3 0
3 10
3 4
10 13
0 1
13 14
13 2
13 16
14 8
14 15
8 6
8 9
8 28
8 7
19 9
19 45
19 44
47 51
47 56
47 48
47 46
48 49
56 60
71 72
71 70
60 61
72 74
72 50
31 30
31 37
30 28
30 35
30 33
30 29
35 34
35 39
35 50
35 36
74 76
76 87
87 86
87 88
86 67
67 66
66 65
88 89
89 85
20 22
85 84
84 83
83 82
82 81
81 80
80 79
79 78
22 23
23 24
23 27
23 26
51 52
57 58
57 49
1 12
12 17
24 25
50 49
50 42
39 38
38 40
38 41
34 32
6 5
46 43
58 59