74 76 50 72 71 70 30 22 23 52 8 14 69 9 49 13 10 28 35 19 34 48 51 57 82 81 11 20 0 75 39 24 61 83 60 6 1 12 56 47 66 77 78 87 73 88 54 3 89 25 18 21 4 44 45 46 58 16 2 5 32 38 15 7 42 33 29 31 36
74 76
74 72
76 87
76 75
50 35
50 72
50 49
50 42
72 71
71 70
70 69
70 73
30 28
30 35
30 33
30 29
30 31
22 23
22 20
23 24
52 51
52 54
8 28
8 9
8 6
8 14
8 7
14 13
14 15
69 66
9 19
49 57
49 48
13 10
13 16
13 2
10 3
35 34
35 39
35 36
19 44
19 45
34 32
48 47
51 47
57 58
82 83
82 81
82 75
11 3
11 20
11 18
11 21
0 1
0 3
39 38
24 25
61 60
60 56
6 5
1 12
56 47
47 46
77 73
77 78
87 88
88 89
3 4