6 7 4 10 11 12 9 20 13 21 22 17 16 24 26 29 34 35 28 32 30 36 37 44 39 38 41 46 47 95 51 50 54 56 58 63 60 61 62 64 68 69 70 67 98 77 81 82 86 90 93 94 87 91 92 96 80 83 84 79 88 2 8 31 25 0 1 97 5 3 55 14 18 19 57 75 27 33 49 42 43 15 53 48 23 45 40 52
6 7
6 12
6 0
6 1
7 2
4 9
4 11
4 3
10 11
10 5
11 16
12 13
12 18
12 19
9 8
20 13
20 14
13 26
21 22
21 15
22 17
22 29
22 23
17 16
24 30
24 31
24 25
26 32
26 33
29 35
29 51
29 50
29 34
34 41
35 28
28 27
32 38
30 36
36 37
37 44
37 42
37 43
44 95
44 38
39 38
39 46
41 46
41 40
41 52
46 47
46 45
47 48
95 96
51 54
50 56
54 58
54 49
56 63
56 53
58 57
58 75
63 60
60 61
61 62
61 64
62 98
64 67
64 68
68 69
69 70
98 94
77 81
81 82
82 86
86 90
90 93
93 94
87 84
87 91
87 55
91 92
91 96
92 97
80 83
80 79
80 88
83 84