4 11 13 26 12 24 91 87 84 56 63 50 29 22 34 41 47 58 6 83 46 60 61 62 98 64 67 68 69 70 86 82 81 77 80 90 92 10 38 35 44 37 21 95 96 17 20 54 51 39 16 28 7 32 36 9 30 55 75 42 57 40 27 18 31 1 23 97 45 0 49 43 5 52 79 15 48 14 53 3 33 19 8 25 88 2
4 9
4 11
4 3
11 16
11 10
13 20
13 26
13 12
26 32
26 33
12 6
12 18
12 19
24 30
24 31
24 25
91 92
91 96
91 87
87 84
87 55
84 83
56 63
56 50
56 53
63 60
50 29
29 22
29 51
29 34
29 35
22 21
22 17
22 23
34 41
41 46
41 40
41 52
47 46
47 48
58 54
58 75
58 57
6 7
6 1
6 0
83 80
46 39
46 45
60 61
61 62
61 64
62 98
98 86
64 67
64 68
68 69
69 70
86 82
86 90
82 81
81 77
80 79
80 88
92 97
10 5
38 44
38 32
38 39
35 28
44 95
44 37
37 36
37 42
37 43
21 15
95 96
17 16
20 14
54 51
54 49
28 27
7 2
36 30
9 8