4 9 8 6 11 12 13 16 20 15 22 24 26 29 30 32 34 36 37 39 41 44 46 50 51 54 56 58 63 60 61 62 64 67 68 69 70 77 81 82 86 87 84 83 80 90 91 92 98 14 31 35 38 10 17 47 95 96 21 33 88 79 97 55 48 5 45 57 75 3 42 43 52 40 49 7 0 1 2 53 28 25 27 19 18 23
4 9
4 3
9 14
8 14
8 2
6 12
6 7
6 0
6 1
11 10
11 16
12 13
12 19
12 18
13 26
13 20
16 17
20 14
20 15
15 21
22 17
22 21
22 29
22 23
24 30
24 31
24 25
26 33
26 32
26 31
29 35
29 51
29 50
29 34
30 36
32 38
34 41
36 37
36 42
36 43
37 44
39 46
39 38
41 52
41 40
44 95
46 47
46 45
50 56
51 54
54 58
54 49
56 63
56 53
58 57
58 75
63 60
60 61
61 62
61 64
62 98
64 67
64 68
68 69
69 70
77 81
81 82
82 86
86 90
86 98
87 84
87 91
87 55
84 83
83 80
80 88
80 79
91 92
91 96
92 97
35 28
10 5
47 48
95 96
33 27