4 9 14 8 11 20 13 26 33 32 12 24 30 15 36 37 44 95 96 91 87 84 56 63 50 54 29 22 34 41 47 58 6 83 46 60 61 62 98 64 67 68 69 70 86 82 81 77 80 90 92 31 10 35 17 16 51 39 21 38 88 79 97 55 48 5 45 57 75 3 42 43 40 52 49 0 1 7 2 53 28 25 27 19 18 23
4 9
4 3
9 14
14 8
14 20
8 2
11 10
11 16
20 13
20 15
13 12
13 26
26 33
26 32
26 31
33 27
32 38
12 6
12 19
12 18
24 30
24 31
24 25
30 36
15 21
36 37
36 42
36 43
37 44
44 95
95 96
96 91
91 92
91 87
87 84
87 55
84 83
56 63
56 50
56 53
63 60
50 29
54 51
54 58
54 49
29 35
29 51
29 22
29 34
22 17
22 21
22 23
34 41
41 40
41 52
47 46
47 48
58 57
58 75
6 0
6 1
6 7
83 80
46 39
46 45
60 61
61 62
61 64
62 98
98 86
64 67
64 68
68 69
69 70
86 82
86 90
82 81
81 77
80 88
80 79
92 97
10 5
35 28
17 16
39 38