56 58 51 87 11 84 91 16 22 29 83 80 4 9 8 14 21 20 13 24 96 92 95 44 38 39 46 63 60 64 61 68 69 70 73 76 77 81 82 86 98 67 30 36 90 54 41 10 17 34 35 6 12 26 31 37 47 50 32 15 33 88 79 97 55 48 5 45 57 75 3 42 43 52 40 49 7 0 1 2 53 28 25 27 19 18 23
56 63
56 50
56 53
58 54
58 57
58 75
51 29
51 54
87 84
87 91
87 55
11 10
11 16
84 83
91 92
91 96
16 17
22 17
22 21
22 29
22 23
29 35
29 50
29 34
83 80
80 88
80 79
4 9
4 3
9 14
8 14
8 2
14 20
21 15
20 13
20 15
13 12
13 26
24 30
24 31
24 25
96 95
92 97
95 44
44 37
38 39
38 32
39 46
46 47
46 45
63 60
60 61
64 68
64 67
64 61
68 69
69 70
70 73
73 76
76 77
77 81
81 82
82 86
86 98
86 90
30 36
36 37
36 42
36 43
54 49
41 34
41 52
41 40
10 5
35 28
6 12
6 7
6 0
6 1
12 19
12 18
26 33
26 32
26 31
47 48
33 27