4 11 13 26 32 12 24 36 37 44 91 87 84 56 63 54 29 22 34 41 47 58 6 83 46 60 61 62 98 64 67 68 69 70 86 82 81 77 80 90 92 10 28 35 39 16 38 17 7 30 50 21 95 96 51 9 20 3 8 45 97 25 1 52 40 27 57 18 49 42 79 48 19 88 0 15 23 55 33 75 5 2 14 53 43 31
4 9
4 11
4 3
11 10
11 16
13 12
13 26
13 20
26 32
26 33
32 38
12 6
12 18
12 19
24 30
24 25
24 31
36 37
36 30
37 44
37 42
37 43
44 95
44 38
91 92
91 96
91 87
87 84
87 55
84 83
56 63
56 50
56 53
63 60
54 51
54 58
54 49
29 51
29 50
29 35
29 22
29 34
22 21
22 17
22 23
34 41
41 46
41 52
41 40
47 46
47 48
58 57
58 75
6 7
6 1
6 0
83 80
46 39
46 45
60 61
61 62
61 64
62 98
98 86
64 67
64 68
68 69
69 70
86 82
86 90
82 81
81 77
80 79
80 88
92 97
10 5
28 35
28 27
39 38
16 17
7 2
21 15
95 96
9 8
20 14