4 11 13 26 32 12 15 37 44 91 87 84 56 63 50 29 22 41 47 58 6 83 46 60 61 62 98 64 67 68 69 70 86 82 81 77 80 90 92 21 16 31 39 10 35 38 17 24 20 95 96 9 14 36 30 34 33 54 51 8 3 0 5 27 2 25 28 52 49 42 18 7 1 40 48 55 19 53 45 43 97 57 88 79 75 23
4 9
4 3
11 10
11 16
13 12
13 26
13 20
26 33
26 31
26 32
32 38
12 6
12 18
12 19
15 20
15 21
37 36
37 44
44 95
91 92
91 96
91 87
87 84
87 55
84 83
56 63
56 50
56 53
63 60
50 29
29 35
29 51
29 22
29 34
22 17
22 21
22 23
41 34
41 52
41 40
47 46
47 48
58 54
58 57
58 75
6 0
6 7
6 1
83 80
46 39
46 45
60 61
61 62
61 64
62 98
98 86
64 67
64 68
68 69
69 70
86 82
86 90
82 81
81 77
80 88
80 79
92 97
16 17
31 24
39 38
10 5
35 28
24 30
24 25
20 14
95 96
9 14
14 8
36 30
36 42
36 43
33 27
54 51
54 49
8 2