98 34 41 60 13 12 61 58 46 82 81 47 91 87 95 96 50 29 69 70 6 94 93 37 20 22 21 35 4 9 92 83 80 90 62 84 36 30 64 54 51 38 44 28 39 32 56 17 24 63 68 16 26 86 11 10 77 67 7 88 79 2 8 25 31 1 0 97 5 3 55 14 19 18 75 57 27 33 49 42 43 15 53 48 23 45 52 40
98 62
98 94
34 29
34 41
41 46
41 52
41 40
60 63
60 61
13 20
13 26
13 12
12 6
12 19
12 18
61 62
61 64
58 54
58 75
58 57
46 47
46 39
46 45
82 81
82 86
81 77
47 48
91 92
91 87
91 96
87 84
87 55
95 96
95 44
50 56
50 29
29 35
29 22
29 51
69 68
69 70
6 7
6 1
6 0
94 93
93 90
37 36
37 44
37 42
37 43
20 14
22 21
22 17
22 23
21 15
35 28
4 9
4 11
4 3
9 8
92 97
83 80
83 84
80 88
80 79
90 86
36 30
30 24
64 68
64 67
54 51
54 49
38 32
38 44
38 39
28 27
32 26
56 63
56 53
17 16
24 25
24 31
16 11
26 33
11 10
10 5
7 2