41 96 0 16 73 7 28 67 49 89 26 64 38 58 59 21 39 13 32 23 37 8 42 34 63 24 25 46 50 91 98 84 72 78 47 88 97 80 76 85 87 69 94 70 77 71 99 79 68 74 86 93 82 81 15 75 92 35 95 90 83
41 63
41 96
41 34
96 0
0 98
0 88
0 76
0 85
0 91
0 69
0 80
0 70
0 89
0 72
0 77
0 71
0 99
0 79
0 68
0 78
0 94
0 86
0 82
0 16
0 73
0 87
0 93
0 97
0 74
0 84
0 81
0 75
0 92
0 95
0 90
0 83
16 15
16 35
73 7
28 67
28 87
67 50
49 47
26 64
26 85
64 38
38 58
58 59
59 21
39 94
13 78
32 23
23 84
37 93
8 25
8 74
42 46
42 97
63 24
98 47