50 48 47 45 44 42 41 39 38 36 35 33 32 30 29 27 26 24 23 21 20 18 17 15 14 12 11 9 8 6 5 3 2 51 53 54 56 57 59 60 62 63 65 66 68 69 71 72 74 75 77 78 80 81 83 84 86 87 89 90 92 93 95 96 98 76 73 70 31 67 34 37 64 40 61 43 58 46 55 49 52
50 51
50 48
50 49
48 47
47 45
47 46
45 44
44 42
44 43
42 41
41 39
39 38
39 40
38 36
38 37
36 35
35 33
35 34
33 32
32 30
32 31
30 29
29 27
27 26
26 24
24 23
23 21
21 20
20 18
18 17
17 15
15 14
14 12
12 11
11 9
9 8
8 6
6 5
5 3
3 2
51 53
53 54
53 52
54 56
56 57
56 55
57 59
57 58
59 60
60 62
60 61
62 63
63 65
63 64
65 66
66 68
68 69
68 67
69 71
71 72
71 70
72 74
74 75
74 73
75 77
75 76
77 78
78 80
80 81
81 83
83 84
84 86
86 87
87 89
89 90
90 92
92 93
93 95
95 96
96 98