11 84 86 29 27 5 81 47 42 41 14 12 92 93 26 95 96 89 90 18 17 54 56 57 59 74 75 30 45 44 63 69 71 2 36 35 87 38 66 68 9 8 15 65 77 39 32 51 21 20 72 78 23 60 62 98 24 33 80 3 53 50 48 83 6 76 73 70 31 67 34 37 64 40 61 43 58 46 55 52 49
11 12
11 9
84 83
84 86
86 87
29 30
29 27
27 26
5 6
5 3
81 80
81 83
47 48
47 45
47 46
42 41
42 44
41 39
14 15
14 12
92 93
92 90
93 95
26 24
95 96
96 98
89 90
89 87
18 17
18 20
17 15
54 53
54 56
56 57
56 55
57 59
57 58
59 60
74 75
74 72
74 73
75 77
75 76
30 32
45 44
44 43
63 62
63 65
63 64
69 68
69 71
71 72
71 70
2 3
36 35
36 38
35 33
35 34
38 39
38 37
66 65
66 68
68 67
9 8
8 6
77 78
39 40
32 33
32 31
51 50
51 53
21 20
21 23
78 80
23 24
60 62
60 61
53 52
50 48
50 49