55 54 52 51 48 45 42 40 39 37 36 34 33 31 30 28 27 25 24 21 19 18 16 15 13 12 10 9 7 6 4 3 1 57 60 61 63 64 66 67 69 70 72 75 78 79 81 82 84 85 87 88 90 91 93 94 96 97 23 77 59 47 74 50 44 26 73 29 71 32 68 35 65 38 62 41 58 56 53 46 43 49
55 54
55 57
54 52
54 53
52 51
51 50
48 50
48 47
48 49
45 44
45 47
45 46
45 43
42 44
42 40
42 41
40 39
39 37
39 38
37 36
36 34
36 35
34 33
33 31
33 32
31 30
30 28
30 29
28 27
27 25
25 24
24 23
24 26
21 19
21 23
19 18
18 16
16 15
15 13
13 12
12 10
10 9
9 7
7 6
6 4
4 3
3 1
57 59
57 58
57 56
60 59
60 61
60 62
61 63
63 64
63 65
64 66
66 67
66 68
67 69
69 70
69 71
70 72
72 74
72 73
75 77
75 74
78 77
78 79
79 81
81 82
82 84
84 85
85 87
87 88
88 90
90 91
91 93
93 94
94 96
96 97