51 54 57 60 61 63 66 67 69 48 45 42 40 39 36 33 31 30 27 70 72 75 78 79 81 82 84 85 87 89 90 91 93 94 96 97 24 21 20 18 16 15 13 12 11 9 8 6 4 3 2 37 23 52 25 55 77 59 47 74 28 50 64 34 44 76 80 26 73 29 71 32 68 35 65 38 62 41 56 58 46 43 53 49
51 50
51 52
54 52
54 55
54 53
57 59
57 55
57 56
57 58
60 59
60 61
60 62
61 63
63 64
63 65
66 64
66 67
66 68
67 69
69 70
69 71
48 50
48 47
48 49
45 44
45 47
45 46
45 43
42 44
42 40
42 41
40 39
39 37
39 38
36 37
36 34
36 35
33 34
33 31
33 32
31 30
30 28
30 29
27 25
27 28
70 72
72 74
72 73
75 74
75 77
78 79
78 77
78 76
78 80
79 81
81 82
82 84
84 85
85 87
87 89
89 90
90 91
91 93
93 94
94 96
96 97
24 23
24 25
24 26
21 20
21 23
20 18
18 16
16 15
15 13
13 12
12 11
11 9
9 8
8 6
6 4
4 3
3 2