51 48 47 45 44 42 52 54 55 57 59 60 63 64 66 69 70 72 74 75 77 78 81 83 84 86 87 88 90 92 93 95 96 98 39 37 36 34 33 30 28 27 25 24 23 21 19 18 17 15 14 12 10 9 7 6 5 3 2 61 67 50 40 31 79 26 71 29 68 32 65 35 62 38 58 56 41 53 43 46 49
51 50
51 52
48 50
48 47
48 49
47 45
45 44
45 43
45 46
44 42
42 40
42 41
52 54
54 55
54 53
55 57
57 59
57 58
57 56
59 60
60 61
60 62
63 61
63 64
63 65
64 66
66 67
66 68
69 67
69 70
69 71
70 72
72 74
74 75
75 77
77 78
78 79
81 83
81 79
83 84
84 86
86 87
87 88
88 90
90 92
92 93
93 95
95 96
96 98
39 37
39 40
39 38
37 36
36 34
36 35
34 33
33 31
33 32
30 28
30 31
30 29
28 27
27 25
25 24
24 23
24 26
23 21
21 19
19 18
18 17
17 15
15 14
14 12
12 10
10 9
9 7
7 6
6 5
5 3
3 2