18 17 15 14 12 10 19 21 9 7 6 5 3 2 24 27 28 30 31 33 34 36 37 39 40 42 45 47 48 51 52 54 55 57 59 60 63 64 66 69 70 72 74 75 77 78 80 81 83 84 86 87 88 90 92 93 95 96 98 61 50 67 25 44 23 41 58 53 38 35 46 71 26 32 49 43 68 56 62 29 65
18 17
18 19
17 15
15 14
14 12
12 10
10 9
19 21
21 23
9 7
7 6
6 5
5 3
3 2
24 23
24 25
24 26
27 28
27 25
28 30
30 31
30 29
31 33
33 34
33 32
34 36
36 37
36 35
37 39
39 40
39 38
40 42
42 44
42 41
45 44
45 47
45 46
45 43
47 48
48 50
48 49
51 52
51 50
52 54
54 55
54 53
55 57
57 59
57 58
57 56
59 60
60 61
60 62
63 64
63 61
63 65
64 66
66 67
66 68
69 67
69 70
69 71
70 72
72 74
74 75
75 77
77 78
78 80
80 81
81 83
83 84
84 86
86 87
87 88
88 90
90 92
92 93
93 95
95 96
96 98