3 72 74 57 59 75 88 90 18 96 52 54 60 17 15 36 13 70 42 77 21 19 6 30 64 66 2 55 45 44 97 48 37 9 28 27 78 81 23 47 61 63 33 84 31 12 10 5 50 79 69 87 40 93 25 92 95 85 83 34 39 24 7 51 67 26 71 29 68 32 65 35 62 38 58 56 41 53 43 46 49
3 2
3 5
72 74
72 70
74 75
57 59
57 55
57 58
57 56
59 60
75 77
88 90
88 87
90 92
18 19
18 17
96 95
96 97
52 51
52 54
54 55
54 53
60 61
60 62
17 15
15 13
36 37
36 34
36 35
13 12
70 69
42 44
42 40
42 41
77 78
21 23
21 19
6 7
6 5
30 28
30 31
30 29
64 66
64 63
66 67
66 68
45 44
45 47
45 43
45 46
48 50
48 47
48 49
37 39
9 7
9 10
28 27
27 25
78 79
81 83
81 79
23 24
61 63
63 65
33 34
33 31
33 32
84 83
84 85
12 10
50 51
69 67
69 71
87 85
40 39
93 92
93 95
25 24
39 38
24 26