1 2 8 10 25 12 16 18 19 20 21 22 24 27 32 33 34 35 49 38 42 44 45 46 47 70 50 55 58 60 75 62 61 63 68 69 71 72 74 79 82 83 84 85 88 92 98 40 0 15 96 97 7 64 73 29 30 31 48 11 37 39 5 6 36 13 14 41 43 4 23 9 26 28 17 3
1 0
1 98
2 68
2 18
2 0
8 7
8 11
10 12
10 25
10 9
25 27
25 20
25 26
25 28
12 13
16 18
16 15
18 19
18 17
19 44
19 20
20 63
20 21
20 3
21 22
22 24
22 23
24 38
24 14
27 70
32 35
32 29
32 30
32 31
33 34
33 35
34 49
34 36
49 45
38 47
38 37
42 40
42 45
42 41
42 43
44 45
46 47
46 48
70 69
70 71
50 55
55 58
58 61
60 75
75 79
62 61
62 63
71 79
72 74
72 73
74 64
74 88
79 82
82 85
83 85
83 84
84 92
88 97
98 96
40 39
0 4
15 7
96 97
7 5
7 6