18 16 15 7 8 11 39 38 24 14 2 0 68 1 47 42 34 33 35 32 21 20 25 27 98 96 97 88 74 64 19 71 79 75 60 82 85 83 84 92 89 57 58 55 50 46 70 69 10 44 40 73 29 30 31 72 48 49 36 41 43 37 45 12 9 22 26 28 4 13 23 3 5 6 17
18 16
18 21
18 2
18 17
16 15
15 7
15 14
7 8
7 39
7 5
7 6
8 11
11 12
39 40
38 47
38 24
38 37
24 14
24 22
14 13
14 23
2 68
2 0
0 1
0 4
1 98
47 46
42 40
42 34
42 41
42 43
34 33
34 49
34 36
33 35
35 32
32 29
32 30
32 31
21 20
20 19
20 25
20 3
25 10
25 27
25 26
25 28
27 70
98 96
96 97
97 88
88 89
88 74
74 64
74 72
64 73
19 44
71 79
71 70
79 75
79 82
75 60
82 85
85 83
83 84
84 92
89 57
57 58
57 55
55 50
46 48
70 69
10 9
44 45