7 8 15 6 5 39 22 24 21 23 38 14 27 70 25 69 71 34 49 33 36 35 18 2 16 19 17 10 12 9 50 55 11 74 64 88 72 73 45 32 30 31 29 47 46 48 68 0 1 4 57 89 97 20 79 37 98 96 75 60 28 26 63 3 44 82 85 62 42 40 43 41 13 84 92 83
7 8
7 15
7 6
7 5
7 39
8 11
15 16
22 24
22 21
22 23
24 38
24 14
21 20
38 47
38 37
27 70
27 25
70 69
70 71
25 10
25 20
25 28
25 26
71 79
34 49
34 33
34 36
49 45
33 35
35 32
18 2
18 16
18 19
18 17
2 68
2 0
19 20
19 44
10 12
10 9
12 13
50 55
55 57
74 64
74 88
74 72
64 73
88 89
88 97
45 42
45 44
32 30
32 31
32 29
47 46
46 48
0 1
0 4
1 98
57 89
97 96
20 63
20 3
79 75
79 82
98 96
75 60
63 62
82 85
85 83
42 40
42 43
42 41
84 92
84 83