18 2 0 1 8 10 12 19 20 21 24 25 27 32 33 34 38 42 47 46 63 62 60 50 55 57 64 68 69 70 71 74 75 79 82 84 88 89 92 97 35 49 85 83 16 22 44 45 98 96 7 15 73 72 29 30 31 48 11 37 36 5 6 39 13 14 40 41 43 23 9 4 28 26 17 3
18 2
18 16
18 19
18 17
2 68
2 0
0 1
0 4
1 98
8 7
8 11
10 12
10 25
10 9
12 13
19 44
19 20
20 63
20 25
20 21
20 3
21 22
24 38
24 22
24 14
25 27
25 28
25 26
27 70
32 35
32 29
32 30
32 31
33 34
33 35
34 49
34 36
38 47
38 37
42 45
42 40
42 41
42 43
47 46
46 48
63 62
60 75
50 55
55 57
57 89
64 74
64 73
69 70
70 71
71 79
74 88
74 72
75 79
79 82
82 85
84 92
84 83
88 89
88 97
97 96
49 45
85 83
16 15
22 23
44 45
98 96
7 15
7 5
7 6
7 39