20 60 50 55 64 57 89 88 87 24 90 86 19 18 2 68 71 69 84 92 70 79 75 0 10 1 98 25 33 44 7 39 38 40 34 42 47 46 58 21 35 32 74 16 8 11 96 97 27 15 14 29 30 31 73 48 72 49 36 9 41 43 37 12 28 26 22 45 3 13 23 4 5 6 17
20 25
20 21
20 3
60 75
50 55
55 57
64 74
64 73
57 89
57 58
89 88
89 90
88 74
88 97
88 87
87 86
24 38
24 14
24 22
90 92
86 84
19 18
19 44
18 16
18 21
18 2
18 17
2 68
2 0
71 79
71 70
69 70
70 27
79 75
0 1
0 4
10 25
10 9
1 98
98 96
25 27
25 28
25 26
33 34
33 35
44 45
7 8
7 39
7 15
7 5
7 6
39 40
38 47
38 37
40 42
34 42
34 49
34 36
42 41
42 43
47 46
46 48
35 32
32 29
32 30
32 31
74 72
16 15
8 11
11 12
96 97
15 14
14 13
14 23