18 16 15 7 8 38 24 2 0 68 1 47 42 34 33 35 32 21 20 25 27 98 96 97 88 74 64 19 71 79 75 60 82 85 83 84 99 92 95 89 57 58 55 50 46 70 10 44 45 49 22 12 13 6 23 28 39 73 43 26 11 36 72 30 31 37 3 29 40 9 4 17 48 5 41 14
18 2
18 16
18 19
18 17
16 15
15 7
7 8
7 6
7 39
7 5
8 11
38 47
38 24
38 37
24 22
24 14
2 68
2 0
0 1
0 4
1 98
47 46
42 45
42 43
42 40
42 41
34 49
34 33
34 36
33 35
35 32
32 30
32 31
32 29
21 20
21 22
20 25
20 19
20 3
25 10
25 27
25 28
25 26
27 70
98 96
96 97
97 88
88 89
88 74
74 64
74 72
64 73
19 44
71 79
71 70
79 75
79 82
75 60
82 85
85 83
83 84
84 92
84 99
99 95
89 57
57 58
57 55
55 50
46 48
10 12
10 9
44 45
45 49
22 23
12 13