18 16 15 7 8 38 24 2 0 68 1 47 42 34 33 35 32 21 20 25 27 98 96 97 88 74 19 71 79 75 60 82 85 83 84 99 92 95 89 57 58 55 50 46 70 72 10 44 45 49 22 12 39 5 4 23 29 30 3 17 40 64 13 41 36 26 14 73 11 9 37 28 6 43 31 48
18 16
18 2
18 19
18 17
16 15
15 7
7 8
7 39
7 5
7 6
8 11
38 47
38 24
38 37
24 22
24 14
2 0
2 68
0 1
0 4
1 98
47 46
42 45
42 40
42 41
42 43
34 33
34 49
34 36
33 35
35 32
32 29
32 30
32 31
21 22
21 20
20 19
20 25
20 3
25 10
25 27
25 26
25 28
27 70
98 96
96 97
97 88
88 89
88 74
74 72
74 64
19 44
71 79
71 70
79 75
79 82
75 60
82 85
85 83
83 84
84 92
84 99
99 95
89 57
57 58
57 55
55 50
46 48
72 73
10 12
10 9
44 45
45 49
22 23
12 13