56 57 55 5 8 31 33 49 45 46 13 10 12 11 14 47 48 4 1 2 19 39 35 37 43 44 65 66 68 70 22 21 75 26 27 28 76 77 78 81 86 90 96 18 32 54 91 80 69 67 83 63 74 94 82 71 92 93
56 90
56 57
57 55
55 5
5 8
8 96
31 32
33 32
33 49
33 81
49 45
45 48
45 46
46 13
13 10
13 65
10 12
10 14
12 11
11 63
14 54
47 70
47 48
48 4
48 19
4 1
4 2
19 18
39 35
35 37
35 68
37 43
44 74
65 78
65 68
66 69
66 91
68 67
70 71
70 74
22 21
21 82
75 26
75 78
26 27
27 28
76 77
76 78
77 86
81 80
90 91
91 94
80 83
69 67
83 82
94 92
92 93