65 78 97 68 75 42 62 74 72 73 70 47 48 4 45 49 33 32 19 71 53 52 26 29 23 44 43 37 81 61 64 57 55 5 8 9 89 85 86 77 13 82 31 1 93 2 36 46 80 10 83 40 60 18 56 59 58 63 41
65 68
65 13
78 97
78 75
75 26
75 42
42 62
62 74
62 61
62 64
74 44
74 72
74 70
72 73
73 23
70 47
70 71
47 48
48 19
48 4
48 45
4 2
4 1
45 49
45 46
49 33
33 32
33 81
32 31
19 18
71 53
53 52
26 29
44 43
44 40
43 37
37 36
81 80
61 60
64 57
57 55
57 56
55 5
5 8
5 9
9 89
89 85
85 86
86 77
13 10
13 46
82 83
93 2
80 83
40 41
60 63
56 59
59 58