56 57 64 55 5 62 74 73 70 47 48 4 45 49 33 32 14 10 13 65 78 97 68 35 44 39 8 23 20 87 88 86 77 89 28 29 99 81 82 2 1 93 46 71 83 85 80 19 18 16 0 40 54 17 92 3 41 12 42 61 53 72
56 57
57 64
57 55
64 62
55 5
5 8
62 74
62 42
62 61
74 70
74 44
73 23
73 71
70 47
70 71
70 72
47 48
48 4
48 19
48 45
4 2
4 1
45 49
45 46
49 33
33 32
33 81
14 10
14 54
10 13
10 12
13 65
13 46
65 68
65 78
78 97
97 99
68 35
35 39
44 40
23 20
20 87
87 88
88 85
86 77
86 85
89 28
89 85
28 29
81 80
82 83
2 93
1 0
93 92
71 53
83 80
19 18
18 16
16 17
0 3
40 41