10 13 14 54 65 78 97 68 75 42 62 74 72 73 70 71 23 26 29 44 47 48 4 45 49 33 32 19 81 6 5 55 9 89 85 86 77 35 39 61 57 56 31 1 82 93 64 46 59 18 60 40 80 83 2 12 41 0 63 58
10 14
10 13
10 12
13 65
13 46
14 54
65 68
78 97
78 75
68 35
75 26
75 42
42 62
62 61
62 64
62 74
74 72
74 70
74 44
72 73
73 23
70 47
70 71
26 29
44 40
47 48
48 19
48 4
48 45
4 1
4 2
45 49
45 46
49 33
33 81
33 32
32 31
19 18
81 80
6 5
5 55
5 9
55 57
9 89
89 85
85 86
86 77
35 39
61 60
57 64
57 56
56 59
1 0
82 83
93 2
59 58
60 63
40 41
80 83