45 49 89 10 14 97 63 78 76 21 94 92 48 47 85 33 81 65 66 82 11 75 13 46 43 2 35 37 55 5 9 69 26 86 59 58 3 70 22 93 56 57 64 41 29 72 80 99 98 18 91 90 12 39 19 68 6 83 67 54 4
45 48
45 49
45 46
49 33
89 9
89 85
10 13
10 14
10 12
14 54
97 99
97 78
63 64
78 65
78 76
78 75
21 22
21 82
94 92
94 91
92 93
48 47
48 4
47 70
85 86
33 81
81 80
65 13
65 68
66 69
66 91
82 83
11 12
75 26
13 46
43 41
43 37
2 3
2 93
35 37
35 39
35 68
55 5
55 58
5 9
5 6
69 67
26 29
59 58
59 56
70 72
56 57
56 90
57 64
80 83
99 98
18 19
91 90
90 19
68 67