4 5 6 7 8 9 20 30 40 50 90 91 92 93 94 95 96 99 19 29 59 69 79 89 11 12 13 14 15 16 17 18 21 31 41 51 61 71 81 82 83 84 85 88 28 38 48 58 68 78 23 24 25 26 27 42 52 62 72 73 74 75 76 37 47 57 34 35 64 65 60 1 3 2 0 10
4 3
4 14
5 6
5 15
6 7
7 8
8 9
9 19
20 30
20 10
30 40
40 50
40 41
50 60
90 91
91 92
92 93
93 94
94 95
94 84
95 96
99 89
19 29
59 69
59 58
69 79
79 89
11 12
11 21
12 13
13 14
14 15
14 25
15 24
15 16
16 17
17 18
18 28
21 31
31 41
41 51
41 52
51 61
61 71
71 81
81 82
82 83
83 84
84 85
88 78
28 38
38 48
48 57
48 58
58 68
68 78
23 24
24 34
25 35
25 26
26 27
27 37
42 52
52 62
62 72
72 73
73 74
74 64
74 75
75 76
75 65
37 47
1 2
1 0
3 2