99 89 98 97 96 95 94 85 59 49 58 48 74 75 64 65 63 53 43 33 34 35 24 25 15 14 52 42 41 51 40 32 5 4 62 50 60 47 57 67 6 30 20 10 0 7 8 9 19 61 71 31 21 11 70 80 90 91 16 17 18 68 78 88 12 22 72 13 23 73 86 87 76 77 26 81 1 82 84
99 98
99 89
98 97
97 96
96 95
95 94
95 85
85 86
85 74
85 84
59 49
59 58
58 48
58 68
74 75
74 73
75 76
64 65
64 63
63 53
53 43
53 52
43 33
33 34
34 35
24 23
24 25
25 26
15 16
15 14
14 4
14 13
52 41
52 62
52 42
42 32
41 40
41 51
41 31
51 61
40 30
40 50
32 22
5 6
5 4
62 72
50 60
60 70
47 57
57 67
67 77
6 7
30 20
20 10
10 0
0 1
7 8
8 9
9 19
61 71
71 81
31 21
21 11
11 12
70 80
80 90
90 91
16 17
17 18
68 78
78 88
88 87
12 13
22 23
72 73
86 87
76 77
81 82