65 34 46 47 48 59 24 15 14 5 52 42 41 51 40 62 72 50 60 75 74 84 85 94 95 93 86 87 88 83 82 81 92 91 90 4 3 2 1 0 10 99 89 31 21 49 39 29 19 9 8 16 17 18 37 73 27 23 53 57 67 13 38 28 78 58 68 69 71 61 79 98 96 97
65 75
34 24
46 47
47 37
47 58
48 38
48 58
48 57
59 49
59 69
59 58
24 23
24 15
15 16
15 5
15 14
14 13
14 4
52 53
52 42
52 62
41 31
41 40
41 51
51 61
51 50
62 72
72 73
50 60
75 74
74 73
74 85
84 94
84 85
84 83
85 86
85 95
94 93
95 96
93 92
86 87
87 88
88 78
83 82
82 81
81 71
92 91
91 90
4 3
3 2
2 1
1 0
0 10
99 98
99 89
89 79
31 21
49 39
39 29
29 19
19 9
9 8
16 17
17 18
18 28
37 27
57 67
38 28
78 68
58 68
69 79
71 61
98 97