99 89 79 69 59 19 9 8 7 6 5 4 3 2 1 0 10 14 13 12 11 15 16 17 18 21 24 23 22 25 26 27 28 31 32 34 35 37 40 41 50 51 52 55 57 58 60 61 62 64 65 67 68 70 71 74 75 78 80 81 84 85 90 91 92 95 96 48 42 54 38 88 29 87 39 20 30 47 49 33
99 89
89 79
79 69
69 59
59 58
19 29
19 9
9 8
8 7
7 6
6 5
5 15
4 3
4 14
3 2
2 1
1 0
0 10
10 20
14 13
14 15
13 12
12 11
11 21
15 16
15 24
16 17
17 18
18 28
21 31
24 23
24 25
24 34
23 22
22 32
25 26
26 27
27 37
28 38
31 41
32 42
34 54
34 35
34 33
37 47
40 50
40 41
40 30
41 51
50 60
51 61
52 62
52 42
55 64
55 54
57 67
57 48
58 68
58 48
60 70
61 71
64 65
64 74
68 78
70 80
71 81
74 85
74 75
78 88
80 90
84 85
85 95
90 91
91 92
95 96
48 38
48 49
88 87
29 39