43 53 42 52 51 50 73 74 75 85 84 95 76 77 67 57 47 48 58 49 37 25 24 14 15 4 23 5 6 3 16 17 18 13 12 11 59 69 79 89 99 98 39 29 19 9 68 78 88 94 93 92 91 90 80 2 1 0 10 20 46 56 83 82 81 87 22 32 86 38 28 21
43 42
53 52
42 32
42 51
42 52
51 50
73 74
74 85
75 76
85 95
85 86
85 84
84 83
95 94
76 77
77 67
67 57
57 56
57 48
47 37
47 46
47 58
48 38
48 49
48 58
58 59
58 68
49 39
25 24
24 23
24 15
14 13
14 4
14 15
15 16
15 5
4 3
23 22
5 6
3 2
16 17
17 18
18 28
13 12
12 11
11 21
59 69
69 79
79 89
89 99
99 98
39 29
29 19
19 9
68 78
78 88
88 87
94 93
93 92
92 91
91 90
90 80
2 1
1 0
0 10
10 20
83 82
82 81
87 86
22 32
38 28