46 64 74 47 58 85 95 59 43 42 75 84 51 50 94 35 25 14 4 5 15 24 40 41 52 48 57 49 3 6 13 16 23 26 30 31 38 39 60 61 62 68 69 83 86 93 96 2 7 12 17 20 29 70 71 78 79 92 97 1 8 80 89 53 11 21 72 73 36 63 33 32 22 34 65 10 0 81 82 76 90 91
46 36
46 47
64 65
64 63
74 75
74 73
47 58
47 57
58 68
58 59
58 48
85 86
85 84
95 96
95 94
59 69
59 49
43 33
43 53
42 32
42 52
75 76
84 83
51 41
51 61
50 60
50 40
94 93
35 36
35 34
25 26
25 24
14 15
14 13
4 5
4 3
5 6
15 16
24 23
40 30
40 41
41 52
41 31
52 62
52 53
48 38
49 39
3 2
6 7
13 12
16 17
23 22
30 20
31 21
39 29
60 70
61 71
62 72
68 78
69 79
83 82
93 92
96 97
2 1
7 8
12 11
20 10
70 80
71 81
79 89
92 91
1 0
80 90
53 63
11 21
72 73
33 34
32 22
10 0
81 82
90 91