64 53 43 35 46 56 47 57 58 48 59 24 25 15 14 5 52 42 41 51 40 62 72 50 26 60 75 74 84 85 94 76 95 96 93 86 87 83 82 81 92 91 90 4 3 2 1 0 10 97 98 99 89 31 21 11 49 39 29 19 9 8 16 73 27 77 37 67 38 32 88 78 28 68 65 22
64 74
53 43
53 52
35 25
46 47
56 57
47 37
47 57
57 67
57 48
58 59
58 48
48 38
48 49
24 25
25 26
25 14
15 16
15 14
14 4
5 4
52 62
52 41
52 42
42 32
41 31
41 40
41 51
40 50
62 72
72 73
50 60
26 27
75 76
75 74
75 65
74 73
74 85
84 83
84 85
85 86
85 95
94 93
94 95
76 77
95 96
96 97
93 92
86 87
87 88
83 82
82 81
92 91
91 90
4 3
3 2
2 1
1 0
0 10
97 98
98 99
99 89
31 21
21 11
49 39
39 29
29 19
19 9
9 8
27 37
77 67
38 28
32 22
88 78
78 68