53 34 46 56 47 58 48 59 24 25 15 14 5 52 42 41 40 32 62 72 50 26 60 75 74 84 85 94 95 96 93 86 87 88 83 82 92 91 90 4 3 2 1 0 10 97 98 99 89 11 49 39 29 19 16 17 18 73 23 22 55 54 6 28 27 38 51 37 13 12 7 61 76 77 21
53 52
34 24
34 54
46 56
46 47
47 37
58 59
58 48
48 49
48 38
24 23
24 15
24 25
25 26
15 16
15 5
15 14
14 13
14 4
5 6
52 62
52 41
52 42
42 32
42 51
41 40
32 22
62 72
72 73
50 60
50 51
26 27
75 76
75 74
74 73
74 85
84 83
84 85
85 86
85 95
94 93
94 95
95 96
96 97
93 92
86 87
87 88
83 82
92 91
91 90
4 3
3 2
2 1
1 0
0 10
97 98
98 99
99 89
11 12
11 21
49 39
39 29
29 19
16 17
17 18
18 28
23 22
55 54
6 7
28 38
27 37
51 61
13 12
76 77