50 31 21 91 94 93 89 68 78 84 83 40 30 51 11 24 15 1 2 20 52 62 95 96 47 58 59 43 53 41 34 16 57 9 19 63 17 18 25 14 48 5 6 10 0 32 33 7 8 77 67 85 86 87 88 12 13 97 98 99 61 71 49 37 65 76 42 92 75 64 35 81 82 60 70 72
50 60
50 51
31 21
31 41
21 11
91 92
94 93
94 84
93 92
89 99
68 78
68 58
78 88
84 83
84 75
84 85
83 82
40 30
40 41
30 20
51 61
51 41
51 42
11 12
24 15
15 16
15 5
15 14
1 2
1 0
20 10
52 62
52 53
52 41
62 72
95 96
95 85
96 97
47 37
47 57
58 59
58 48
59 49
43 33
43 53
53 63
34 33
34 35
16 17
57 67
9 19
9 8
63 64
17 18
25 14
14 13
5 6
6 7
10 0
32 42
7 8
77 67
77 76
85 86
86 87
87 88
12 13
97 98
98 99
61 71
71 81
65 75
76 75
81 82
60 70