0 54 1 87 2 68 55 4 40 82 49 85 9 23 11 58 69 13 78 14 16 36 17 64 60 19 81 20 21 27 22 29 90 79 26 74 83 42 31 39 37 95 45 67 46 71 47 48 70 50 52 57 77 75 96 92 86 89 51 15 43 53 61 44 73 65 80 7 10 34
0 70
0 54
0 58
54 23
1 87
1 40
87 46
2 68
2 64
68 70
55 31
55 48
55 50
4 40
40 47
82 22
82 96
49 70
49 67
49 7
85 77
9 23
9 14
9 79
23 29
23 65
11 58
11 74
11 10
58 20
58 92
58 34
69 21
13 78
13 57
78 22
78 75
14 51
14 15
16 36
16 53
16 61
36 20
36 37
36 90
17 64
17 71
64 22
64 77
60 75
19 81
81 48
20 52
21 27
27 83
29 42
26 74
26 43
74 73
83 52
42 45
31 39
39 37
95 57
67 44
46 71
46 86
77 89
92 80