55 31 39 37 36 16 20 48 50 52 58 0 11 54 23 9 14 29 42 45 70 49 67 68 2 64 17 22 71 46 74 77 78 13 57 75 60 79 81 19 82 83 27 21 69 85 86 87 1 40 4 47 89 90 92 95 96 26 51 15 43 53 61 44 73 65 80 7 10 34
55 31
55 48
55 50
31 39
39 37
37 36
36 16
36 20
36 90
16 53
16 61
20 52
20 58
48 81
52 83
58 92
58 0
58 11
58 34
0 70
0 54
11 74
11 10
54 23
23 9
23 29
23 65
9 14
9 79
14 51
14 15
29 42
42 45
70 49
70 68
49 67
49 7
67 44
68 2
2 64
64 17
64 22
64 77
17 71
22 78
22 82
71 46
46 86
46 87
74 26
74 73
77 85
77 89
78 13
78 75
13 57
57 95
75 60
81 19
82 96
83 27
27 21
21 69
87 1
1 40
40 4
40 47
92 80
26 43