0 54 23 29 58 20 52 92 42 45 26 74 11 9 79 14 83 27 21 69 70 68 2 64 77 17 49 89 71 46 86 87 1 40 4 47 22 82 96 78 13 57 95 75 60 85 67 36 90 37 16 39 31 55 48 50 81 19 51 15 43 53 61 44 73 65 80 7 10 34
0 70
0 54
0 58
54 23
23 9
23 29
23 65
29 42
58 20
58 92
58 11
58 34
20 52
20 36
52 83
92 80
42 45
26 74
26 43
74 11
74 73
11 10
9 79
9 14
14 51
14 15
83 27
27 21
21 69
70 68
70 49
68 2
2 64
64 77
64 17
64 22
77 89
77 85
17 71
49 67
49 7
71 46
46 86
46 87
87 1
1 40
40 4
40 47
22 82
22 78
82 96
78 13
78 75
13 57
57 95
75 60
67 44
36 90
36 37
36 16
37 39
16 53
16 61
39 31
31 55
55 48
55 50
48 81
81 19