55 31 39 48 81 37 36 20 58 0 70 68 2 64 22 78 75 77 82 13 17 71 46 52 83 27 21 11 74 42 29 23 9 57 49 87 1 40 4 14 16 19 45 47 50 60 67 69 79 85 86 89 90 92 95 96 54 26 80 53 43 44 15 7 73 10 34 61 51 65
55 31
55 48
55 50
31 39
39 37
48 81
81 19
37 36
36 20
36 16
36 90
20 58
20 52
58 92
58 0
58 11
58 34
0 70
0 54
70 68
70 49
68 2
2 64
64 22
64 77
64 17
22 78
22 82
78 75
78 13
75 60
77 85
77 89
82 96
13 57
17 71
71 46
46 87
46 86
52 83
83 27
27 21
21 69
11 74
11 10
74 26
74 73
42 45
42 29
29 23
23 9
23 54
23 65
9 14
9 79
57 95
49 67
49 7
87 1
1 40
40 4
40 47
14 15
14 51
16 53
16 61
67 44
92 80
26 43