98 99 72 61 60 33 20 71 26 32 31 1 0 10 92 93 90 50 51 42 52 45 11 40 41 82 12 53 84 85 94 95 73 74 77 67 5 4 36 59 58 57 56 13 64 70 27 14 15 16 17 18 46 47 62 63 30 25 83 69 68 34 35 39 21 86 6 81 80 66 79 43 91
98 99
99 72
72 73
72 33
72 71
72 61
61 62
61 60
60 20
60 59
60 66
33 32
33 34
20 21
71 26
71 70
26 27
26 25
32 31
32 84
31 1
31 30
1 0
10 11
10 40
10 92
92 93
92 91
93 94
90 45
90 50
50 51
51 52
51 42
42 41
42 43
52 53
45 46
11 12
40 39
40 41
41 82
82 81
82 83
12 13
84 85
84 83
85 86
94 95
73 74
77 67
67 5
67 68
5 4
36 35
59 58
58 57
57 56
13 14
64 63
64 6
70 69
14 15
15 16
16 17
17 18
46 47
62 63
69 68
34 35
81 80
80 79