67 68 25 24 58 59 77 78 72 73 23 93 94 86 87 3 2 14 13 74 1 39 38 10 9 50 51 31 30 49 63 64 33 32 71 89 90 4 52 57 75 37 16 15 96 97 40 29 54 55 95 65 66 48 47 28 44 43 69 27 26 83 84 7 6 53 36 5 81 82 35 91 46 45 56 42 79 20 19 85 76 60 61 18 22 21 8 17 34 41 12 11 92 80 62 88 98 70
67 68
67 66
68 69
25 24
25 26
24 23
58 59
58 57
59 60
77 78
77 76
78 79
72 73
72 71
73 74
23 22
93 94
93 92
94 95
86 87
86 85
87 88
3 2
3 4
2 1
14 13
14 15
13 12
74 75
39 38
39 40
38 37
10 9
10 11
9 8
50 51
50 49
51 52
31 30
31 32
30 29
49 48
63 64
63 62
64 65
33 32
33 34
71 70
89 90
89 88
90 91
4 5
52 53
57 56
75 76
37 36
16 15
16 17
96 97
96 95
97 98
40 41
29 28
54 55
54 53
55 56
65 66
48 47
47 46
28 27
44 43
44 45
43 42
69 70
27 26
83 84
83 82
84 85
7 6
7 8
6 5
36 35
81 82
81 80
35 34
91 92
46 45
42 41
79 80
20 19
20 21
19 18
60 61
61 62
18 17
22 21
12 11