0 5 27 16 2 32 33 3 34 35 36 4 38 39 40 42 14 43 21 13 52 22 19 56 12 62 20 18 65 68 69 15 23 71 72 73 74 75 79 80 81 82 83 84 85 87 88 93 94 55 59 60 10 54 6 37 9 98 53 97 99
0 27
5 40
5 42
27 73
16 75
16 74
2 32
2 33
33 35
3 34
3 35
34 62
35 85
35 83
35 94
35 53
35 97
36 75
4 38
4 39
4 37
38 42
39 75
39 83
39 99
14 69
14 68
43 81
43 52
43 6
21 88
13 65
52 83
52 9
22 93
19 82
19 84
19 83
56 75
56 10
12 62
20 87
20 85
18 79
18 80
18 81
65 84
68 72
68 73
15 71
15 72
23 94
73 83
73 98
74 55
74 59
74 60
75 88
84 54
88 93