53 43 33 34 35 36 47 58 48 59 24 25 15 14 5 52 42 41 40 32 62 72 50 26 60 75 74 84 85 94 76 95 96 93 86 87 88 83 82 81 92 91 90 4 3 2 1 0 10 97 98 99 89 31 21 11 49 39 29 19 9 8 16 17 18 73 22 44 23 54 77 67 57 65 78 68 63 71 51
53 63
53 52
53 43
53 44
43 33
33 34
34 35
35 36
47 57
58 59
58 48
58 68
59 49
24 15
24 23
24 25
25 26
15 16
15 5
15 14
14 4
52 62
52 41
52 42
42 32
41 31
41 40
41 51
40 50
32 22
62 72
72 73
50 60
75 65
75 76
75 74
74 73
74 85
84 83
84 85
85 95
85 86
94 93
94 95
76 77
95 96
96 97
93 92
86 87
87 88
88 78
83 82
82 81
81 71
92 91
91 90
4 3
3 2
2 1
1 0
0 10
97 98
98 99
99 89
31 21
21 11
49 39
39 29
29 19
19 9
9 8
16 17
17 18
22 23
44 54
77 67
67 57
78 68