65 64 63 53 43 33 34 35 36 46 56 47 57 58 48 59 24 25 15 14 5 52 42 41 51 40 32 62 72 50 26 60 75 74 84 85 94 76 95 96 93 86 87 88 83 82 81 92 91 90 4 3 2 1 0 10 97 98 99 89 31 21 11 49 39 29 19 9 8 16 17 18
65 64
65 75
64 63
63 53
53 43
53 52
43 33
33 34
34 35
34 24
35 36
36 46
46 56
46 47
47 57
47 58
58 48
58 59
59 49
24 25
24 15
25 26
15 14
15 5
15 16
5 4
52 42
52 41
52 62
42 32
41 51
41 40
41 31
40 50
62 72
50 60
75 74
75 84
75 76
84 85
84 94
84 83
85 86
94 95
94 93
95 96
96 97
93 92
86 87
87 88
83 82
82 81
92 91
91 90
4 3
3 2
2 1
1 0
0 10
97 98
98 99
99 89
31 21
21 11
49 39
39 29
29 19
19 9
9 8
16 17
17 18