1 3 7 9 6 10 12 14 16 15 19 20 22 23 24 31 33 34 35 37 38 39 40 42 43 44 46 47 48 51 30 54 55 58 59 60 61 62 65 67 69 70 71 72 73 74 77 79 80 82 83 84 85 87 88 89 92 94 95 98 76 56 26 25 53 29 27 41 63 52 57 45 64 36 66 49 50 32 28 68
1 3
3 7
7 9
7 6
9 10
10 12
12 14
14 16
14 15
16 19
19 20
20 22
22 23
23 24
24 25
31 33
31 30
31 32
33 34
34 35
34 36
35 37
37 38
37 39
38 50
39 40
40 42
40 41
42 43
43 44
44 46
44 45
46 47
47 48
48 51
48 49
51 53
51 52
30 29
54 55
54 53
55 56
55 57
58 59
58 56
59 60
60 62
60 61
61 63
62 65
62 67
65 64
67 69
67 66
67 68
69 70
70 71
71 72
72 73
73 74
74 76
77 79
77 76
79 80
80 82
82 83
83 84
84 85
85 87
87 88
88 89
89 92
92 94
94 95
95 98
26 29
26 25
26 27
27 28