1 3 4 7 8 10 12 14 15 16 19 20 22 23 24 26 27 29 31 33 34 35 37 38 39 40 42 43 44 47 48 51 54 55 56 58 59 60 61 62 65 67 69 70 71 72 73 74 77 79 80 82 83 84 85 87 88 89 92 94 95 98 21 46 30 53 25 28 64 63 32 66 68 50 36 41 57 45 52 49
1 3
3 7
3 4
7 8
8 10
10 12
12 14
14 15
14 16
16 19
19 20
20 21
22 23
22 21
23 24
24 25
26 25
26 29
26 27
27 28
29 30
31 33
31 30
31 32
33 34
34 35
34 36
35 37
37 38
37 39
38 50
39 40
40 42
40 41
42 43
43 44
44 46
44 45
47 46
47 48
48 51
48 49
51 53
51 52
54 55
54 53
55 56
55 57
56 58
58 59
59 60
60 62
60 61
61 63
62 67
62 65
65 64
67 69
67 66
67 68
69 70
70 71
71 72
72 73
73 74
74 77
77 79
79 80
80 82
82 83
83 84
84 85
85 87
87 88
88 89
89 92
92 94
94 95
95 98