48 38 47 51 53 54 55 56 37 39 34 33 31 30 27 24 23 22 20 19 16 14 15 12 10 9 7 3 1 4 40 42 58 59 60 62 67 65 69 61 70 71 72 73 74 77 79 80 82 83 84 85 87 88 89 92 94 95 98 46 44 35 29 43 26 25 21 28 64 63 32 66 68 50 36 41 57 45 52 49
48 51
48 47
48 49
38 37
38 50
47 46
51 53
51 52
53 54
54 55
55 56
55 57
56 58
37 35
37 39
39 40
34 33
34 35
34 36
33 31
31 30
31 32
30 29
27 26
27 28
24 23
24 25
23 22
22 21
20 19
20 21
19 16
16 14
14 15
14 12
12 10
10 9
9 7
7 3
3 1
3 4
40 42
40 41
42 43
58 59
59 60
60 62
60 61
62 67
62 65
67 69
67 66
67 68
65 64
69 70
61 63
70 71
71 72
72 73
73 74
74 77
77 79
79 80
80 82
82 83
83 84
84 85
85 87
87 88
88 89
89 92
92 94
94 95
95 98
46 44
44 43
44 45
29 26
26 25