37 48 31 59 60 56 58 62 67 19 16 47 34 33 18 88 89 55 25 24 44 43 14 12 51 46 30 61 3 1 90 92 76 77 84 85 80 82 7 95 22 21 6 35 70 71 53 40 72 73 78 86 26 94 74 38 8 39 10 98 54 97 29 65 27 42 69 9 79 23 83 87 20 28 32 50 64 36 63 68 66 41 45 57 49 52
37 35
37 38
37 39
48 51
48 47
48 49
31 33
31 30
31 32
59 60
59 58
60 62
60 61
56 58
56 55
62 67
62 65
67 69
67 68
67 66
19 16
19 20
16 18
16 14
47 46
34 33
34 35
34 36
88 89
88 87
89 90
55 54
55 57
25 24
25 26
24 23
44 43
44 46
44 45
43 42
14 12
12 10
51 53
51 52
30 29
61 63
3 1
3 7
90 92
92 94
76 77
76 74
77 78
84 85
84 83
85 86
80 82
80 79
82 83
7 6
7 9
95 94
95 97
22 23
22 21
21 20
70 71
70 69
71 72
53 54
40 39
40 42
40 41
72 73
73 74
78 79
86 87
26 29
26 27
38 50
8 10
8 9
98 97
65 64
27 28