2 1 4 5 88 3 76 7 9 11 48 6 8 49 12 14 51 13 17 50 19 22 15 96 18 28 26 27 45 55 43 53 24 46 41 31 80 30 33 64 36 37 54 52 59 69 71 60 61 62 72 67 66 98 84 70 87 83 99 10 34 93 75 47 63
2 76
2 4
1 5
1 4
1 88
4 48
4 11
5 6
88 55
3 9
3 7
3 76
7 49
11 51
8 12
8 49
12 50
14 15
51 10
13 19
13 75
17 28
17 18
19 15
19 55
22 53
22 45
22 55
15 96
96 67
96 71
18 27
18 26
18 45
18 93
28 30
26 31
27 80
55 46
55 60
55 63
43 46
53 33
24 46
41 52
33 64
64 84
64 34
36 59
36 52
37 54
37 69
54 67
52 72
60 61
61 62
61 47
62 98
72 84
66 70
98 87
70 87
70 83
87 99