2 76 3 7 49 6 9 4 8 11 17 18 45 22 55 19 15 96 67 54 35 37 69 25 36 53 33 64 84 27 80 46 47 23 26 56 66 59 13 14 70 87 5 28 12 30 31 43 48 50 88 1 51 60 61 62 98 83 99 10 34 42 93 75 63
2 76
2 4
76 3
3 9
3 7
7 49
49 8
6 5
4 48
4 11
4 1
8 12
11 51
17 28
17 18
18 27
18 26
18 45
18 93
45 22
22 53
22 55
55 88
55 46
55 60
55 19
55 63
19 13
19 15
15 14
15 96
15 23
96 67
67 54
54 37
54 35
35 36
35 25
37 69
36 59
53 33
33 64
64 84
64 34
27 80
46 43
47 61
47 42
26 31
56 66
66 70
13 75
70 87
70 83
87 98
87 99
5 1
28 30
12 50
88 1
51 10
60 61
61 62
62 98