37 70 87 18 17 28 98 15 19 46 43 4 48 3 7 27 31 64 33 9 41 52 12 5 6 36 59 80 55 60 26 56 76 30 54 67 13 11 88 2 14 96 53 22 8 72 1 62 61 45 47 69 50 66 49 84 83 99 51 34 93 75 63
37 54
37 69
70 87
70 66
70 83
87 98
87 99
18 27
18 26
18 17
18 45
18 93
17 28
28 30
98 62
15 14
15 19
15 96
19 13
19 55
46 43
46 55
4 48
4 2
4 1
4 11
3 9
3 7
3 76
7 49
27 80
31 26
64 33
64 84
64 34
33 53
41 52
52 36
52 72
12 8
12 50
5 1
5 6
36 59
55 88
55 60
55 22
55 63
60 61
56 66
76 2
54 67
67 96
13 75
11 51
88 1
53 22
22 45
8 49
72 84
62 61
61 47