2 3 4 1 5 6 7 8 9 11 12 13 14 15 17 18 19 22 23 24 26 27 28 30 31 33 35 36 37 38 43 48 50 54 55 59 62 64 67 69 70 87 96 46 98 81 49 45 88 76 51 53 60 61 80 84 83 99 10 34 0 93 47 75 63
2 4
2 76
2 0
3 9
3 76
3 7
4 48
4 11
4 1
1 5
1 88
5 6
7 49
8 12
8 49
11 51
12 50
13 19
13 75
14 15
15 96
15 19
15 23
17 28
17 18
18 27
18 26
18 45
18 93
19 55
22 53
22 45
22 55
23 81
24 38
24 46
26 31
27 80
28 30
33 53
33 64
35 36
35 54
36 59
37 69
37 54
43 46
54 67
55 88
55 46
55 60
55 63
62 98
62 61
64 84
64 34
67 96
70 87
70 83
87 98
87 99
51 10
60 61
61 47