19 22 15 13 14 1 43 47 5 41 55 96 67 69 85 11 17 28 30 78 6 4 2 3 8 12 50 37 48 62 56 52 66 70 18 27 33 31 26 64 9 87 54 98 88 61 45 53 60 76 46 84 80 72 83 99 51 34 42 93 75 63
19 15
19 13
19 55
22 53
22 45
22 55
15 96
15 14
13 75
1 5
1 4
1 88
43 46
47 61
47 42
5 6
41 52
55 88
55 60
55 46
55 63
96 67
67 54
69 85
69 37
85 78
11 4
11 51
17 28
17 18
28 30
6 8
4 48
4 2
2 76
3 9
3 76
8 12
12 50
37 54
62 98
62 61
56 66
52 72
66 70
70 87
70 83
18 27
18 26
18 45
18 93
27 80
33 53
33 64
31 26
64 84
64 34
87 98
87 99
61 60
84 72