2 3 6 9 4 8 11 17 18 22 55 19 15 96 67 54 35 37 69 25 39 36 53 33 64 84 27 80 46 47 23 26 59 13 14 70 87 5 28 12 30 31 43 48 50 88 51 1 60 61 62 98 10 20 45 93 75 76 99 83 63 34
2 4
2 76
3 10
6 8
6 5
9 20
4 48
4 1
4 11
8 12
11 51
17 28
17 18
18 45
18 27
18 26
18 93
22 53
22 45
22 55
55 88
55 46
55 60
55 19
55 63
19 13
19 15
15 14
15 96
15 23
96 67
67 54
54 35
54 37
35 36
35 25
37 69
25 39
36 59
53 33
33 64
64 84
64 34
27 80
46 43
47 61
26 31
13 75
70 87
70 83
87 98
87 99
5 1
28 30
12 50
88 1
51 10
60 61
61 62
62 98
10 20