2 9 17 21 16 43 30 58 59 60 80 57 28 64 66 15 10 13 18 25 8 7 69 90 74 71 67 88 0 1 3 20 23 38 35 40 48 47 82 81 54 78 72 76 77 27 36 42 49 56 84 87 93 97 61 37 44 33 53 79 34 62 68 29 22
2 9
9 17
17 21
21 15
21 28
21 29
16 37
16 8
16 43
43 30
43 38
30 80
30 58
30 44
58 74
58 57
58 59
59 60
60 64
60 69
60 61
60 72
80 78
57 56
57 28
28 22
64 66
64 88
15 10
10 13
13 18
18 25
25 54
8 7
7 0
69 90
69 68
90 97
74 71
74 79
71 67
0 1
1 3
20 23
20 27
38 48
38 35
35 34
40 36
40 42
48 47
48 49
47 82
82 81
81 84
78 87
72 76
76 77
77 93
27 61
42 44
56 53
56 62
37 33