1 0 2 99 97 95 93 91 98 96 94 92 89 87 85 3 5 7 9 11 13 15 17 83 81 79 77 19 21 23 4 6 8 10 12 14 90 88 86 84 82 80 78 76 74 72 70 68 66 64 62 60 58 56 54 52 50 48 46 44 42 40 38 36 34 32 30 28 26 24 22 25 27 29 31 33 35 37 39 41 43 45 47 49 51 53 55 57 59 61 63 65 67 69 71 16
1 0
1 99
1 3
0 2
0 98
2 4
99 97
97 95
95 93
93 91
91 89
98 96
96 94
94 92
92 90
89 87
87 85
85 83
3 5
5 7
7 9
9 11
11 13
13 15
15 17
17 19
83 81
81 79
79 77
19 21
21 23
23 25
4 6
6 8
8 10
10 12
12 14
14 16
90 88
88 86
86 84
84 82
82 80
80 78
78 76
76 74
74 72
72 70
70 68
68 66
66 64
64 62
62 60
60 58
58 56
56 54
54 52
52 50
50 48
48 46
46 44
44 42
42 40
40 38
38 36
36 34
34 32
32 30
30 28
28 26
26 24
24 22
25 27
27 29
29 31
31 33
33 35
35 37
37 39
39 41
41 43
43 45
45 47
47 49
49 51
51 53
53 55
55 57
57 59
59 61
61 63
63 65
65 67
67 69
69 71