59 57 61 63 65 67 55 53 51 49 47 45 43 41 39 37 35 33 31 29 27 25 23 21 19 17 15 13 11 9 7 5 3 1 0 2 99 97 95 93 91 98 96 94 92 89 87 85 83 81 79 77 4 6 8 10 12 14 90 88 86 84 82 80 78 76 74 72 70 68 66 64 62 60 58 56 54 52 50 48 46 44 42 40 38 36 34 32 30 28 26 24 22 75 73 16
59 57
59 61
57 55
61 63
63 65
65 67
55 53
53 51
51 49
49 47
47 45
45 43
43 41
41 39
39 37
37 35
35 33
33 31
31 29
29 27
27 25
25 23
23 21
21 19
19 17
17 15
15 13
13 11
11 9
9 7
7 5
5 3
3 1
1 0
1 99
0 2
0 98
2 4
99 97
97 95
95 93
93 91
91 89
98 96
96 94
94 92
92 90
89 87
87 85
85 83
83 81
81 79
79 77
77 75
4 6
6 8
8 10
10 12
12 14
14 16
90 88
88 86
86 84
84 82
82 80
80 78
78 76
76 74
74 72
72 70
70 68
68 66
66 64
64 62
62 60
60 58
58 56
56 54
54 52
52 50
50 48
48 46
46 44
44 42
42 40
40 38
38 36
36 34
34 32
32 30
30 28
28 26
26 24
24 22
75 73