28 30 93 91 31 33 66 64 79 77 80 78 85 83 62 60 58 56 92 90 65 63 81 1 99 2 4 23 25 15 17 95 9 11 37 39 61 73 71 68 87 75 98 96 84 82 97 94 24 26 13 59 57 19 21 50 18 20 76 44 46 0 70 48 6 8 55 74 72 43 45 10 88 47 49 5 7 89 69 36 38 22 27 29 35 42 34 12 14 67 41 3 16 86 32 40
28 30
28 26
30 32
93 91
93 95
91 89
31 29
31 33
33 35
66 68
66 64
64 62
79 77
79 81
77 75
80 82
80 78
78 76
85 83
85 87
83 81
62 60
60 58
58 56
92 94
92 90
90 88
65 63
65 67
63 61
1 0
1 99
1 3
99 97
2 4
2 0
4 6
23 21
23 25
25 27
15 13
15 17
17 19
95 97
9 7
9 11
11 13
37 35
37 39
39 41
61 59
73 71
73 75
71 69
68 70
87 89
98 0
98 96
96 94
84 86
84 82
24 26
24 22
59 57
57 55
19 21
50 48
18 20
18 16
20 22
76 74
44 46
44 42
46 48
70 72
6 8
8 10
74 72
43 41
43 45
45 47
10 12
88 86
47 49
5 3
5 7
69 67
36 38
36 34
38 40
27 29
42 40
34 32
12 14
14 16