32 33 31 30 82 92 81 94 85 89 37 56 16 17 15 18 1 2 0 3 95 68 67 12 11 79 78 80 62 61 63 64 39 40 83 38 41 90 66 19 6 7 5 8 69 65 35 34 36 60 91 27 28 26 25 42 43 4 54 57 48 51 58 52 55 46 49 59 50 53 47 70 71 29 86 84 21 22 20 23 24 72 75 87 88
32 33
32 31
33 34
31 30
30 29
82 92
82 81
92 94
81 70
94 95
85 89
85 37
89 56
37 38
37 36
56 54
56 57
56 48
56 51
56 58
56 52
56 55
56 46
56 49
56 59
56 50
56 53
56 47
16 17
16 15
17 18
18 19
1 2
1 0
2 3
0 91
3 4
68 67
68 12
67 66
12 11
79 78
79 80
80 61
62 61
62 63
61 60
63 64
64 69
64 65
39 40
39 83
39 38
40 41
40 90
83 86
38 84
41 42
90 91
66 65
19 20
6 7
6 5
7 8
5 4
69 70
35 34
35 36
35 60
27 28
27 26
28 29
26 25
25 75
25 24
42 43
70 71
71 72
84 87
84 88
21 22
21 20
22 23
23 24