95 93 92 82 81 70 69 64 63 62 61 60 35 34 33 32 31 30 29 28 27 26 25 24 23 22 21 20 19 18 17 16 15 12 11 10 9 8 7 6 5 4 3 2 1 0 36 37 38 39 40 41 42 43 56 65 66 71 72 78 84 83 90 91 85 89 80 79 75 44 45 59 57 58 46 47 48 49 50 51 52 53 54 55 86 88 87
95 93
93 92
92 82
82 81
81 70
70 69
70 71
69 64
64 65
64 63
63 62
62 61
61 60
61 80
60 35
35 34
35 36
34 33
33 32
32 31
31 30
30 29
29 28
28 27
27 26
26 25
25 75
25 24
24 23
23 22
22 21
21 20
20 19
19 18
18 17
17 16
16 15
12 11
11 10
10 9
9 8
8 7
7 6
6 5
5 4
4 3
3 2
2 1
1 0
0 91
0 45
36 37
37 85
37 38
38 39
38 84
39 40
39 83
40 41
40 90
41 42
42 43
43 44
56 89
56 59
56 57
56 58
56 46
56 47
56 48
56 49
56 50
56 51
56 52
56 53
56 54
56 55
65 66
71 72
78 79
84 88
84 87
83 86
90 91
85 89
80 79