35 34 60 61 80 62 63 64 69 65 66 67 68 12 13 11 10 9 8 7 6 5 4 3 2 1 0 59 91 45 44 43 42 14 15 16 17 18 19 20 21 22 23 24 25 26 27 28 29 30 31 73 72 76 77 39 36 37 38 85 84 70 81 82 92 95 94 71 96 97 93
35 34
35 60
35 36
60 61
61 80
61 62
62 63
63 64
64 65
64 69
69 70
65 66
66 67
67 68
68 12
12 11
12 13
13 14
11 10
10 9
9 8
8 7
7 6
6 5
5 4
4 3
3 2
2 1
1 0
0 45
0 91
0 59
45 44
44 43
43 42
14 15
15 16
16 17
17 18
18 19
19 20
20 21
21 22
22 23
23 24
24 25
25 26
26 27
27 28
28 29
29 30
30 31
73 72
72 76
72 71
76 77
39 38
36 37
37 85
37 38
38 84
70 81
70 71
81 82
82 92
92 94
95 94
95 96
95 97
94 93