0 1 6 10 11 12 13 16 17 18 20 21 22 23 26 27 30 31 32 33 34 35 36 39 40 41 42 45 46 49 50 51 52 53 56 57 58 59 60 61 62 63 64 67 68 69 70 71 72 73 74 75 79 80 81 82 83 84 85 86 87 88 90 92 95 96 97 98 99 25 66
0 1
1 31
6 64
10 11
10 92
10 40
11 12
12 13
16 17
17 18
18 23
20 60
20 21
21 22
22 23
26 27
26 71
26 25
30 31
31 32
32 84
32 33
33 34
33 72
34 35
35 36
39 40
40 41
41 42
41 82
42 51
45 46
45 90
49 50
50 51
50 90
51 52
52 53
56 57
57 58
58 59
59 60
60 61
60 66
61 62
61 72
62 63
63 64
67 68
68 69
69 70
70 71
71 72
72 73
72 99
73 74
74 75
79 80
80 81
81 82
82 83
83 84
84 85
85 86
86 87
87 88
95 96
96 97
97 98
98 99