79 62 63 61 72 71 70 51 64 78 98 97 27 28 35 36 34 88 89 99 4 60 20 95 26 6 58 57 5 96 21 22 56 55 17 16 92 37 38 90 45 67 77 59 54 15 46 32 84 33 82 18 73 31 44 12 50 49 83 10 23 69 66 11 91 68 7 3 87 76 24 75 65 19 25 74
79 78
62 63
62 61
63 64
61 60
61 72
72 99
72 73
72 33
72 71
71 26
71 70
70 69
51 50
64 6
78 77
98 97
98 99
97 96
27 28
27 26
35 36
35 34
36 37
34 60
88 4
88 89
88 87
89 90
4 5
4 3
60 59
60 20
60 66
20 21
20 19
95 96
26 25
6 7
58 59
58 57
57 56
5 67
21 22
22 23
56 55
55 54
17 16
17 18
16 15
92 91
92 10
37 38
90 91
90 50
90 45
45 46
45 44
67 77
67 68
77 76
32 84
32 33
32 31
84 83
82 83
18 23
73 74
12 11
50 49
10 11
23 24
69 68
66 65
76 75