69 68 67 0 1 6 8 9 10 11 12 13 14 15 16 17 18 20 23 24 25 26 27 28 31 32 33 34 37 38 40 41 42 43 45 48 49 51 52 53 54 55 56 57 60 61 64 72 73 74 77 78 79 80 82 84 85 88 90 92 93 94 95 96 97 50 83 89 7 81 39 86 44 91
69 68
68 67
67 77
0 1
0 8
6 64
6 7
8 7
8 9
9 10
10 11
10 92
10 40
11 12
12 13
13 14
14 15
15 16
16 17
17 18
18 23
20 60
23 24
24 25
25 26
26 27
27 28
31 32
32 33
32 84
33 34
33 72
34 60
37 38
38 39
40 39
40 41
41 42
41 82
42 51
42 43
43 44
45 90
48 49
49 50
51 52
51 50
52 53
53 54
54 55
55 56
56 57
61 72
72 73
73 74
77 78
78 79
79 80
80 81
82 81
82 83
84 85
84 83
85 86
88 89
90 89
90 50
92 93
92 91
93 94
94 95
95 96
96 97