60 59 34 35 67 5 6 20 18 17 77 7 8 0 1 31 30 32 84 33 72 99 83 58 57 56 68 4 88 90 45 46 42 91 41 78 79 61 82 16 62 71 26 73 74 36 37 38 55 54 53 9 10 11 12 13 92 95 96 85 23 50 49 21 69 70 27 22 63 64 98 97 76 24 75 25 65 19 66
60 59
60 34
60 20
60 61
60 66
59 58
34 35
35 36
67 77
67 68
5 4
5 6
6 7
6 64
20 21
20 19
18 17
18 23
17 16
77 78
77 76
7 8
8 9
8 0
0 1
31 30
31 32
32 84
32 33
84 85
84 83
33 72
72 99
72 73
72 71
72 61
99 98
83 82
58 57
57 56
56 55
68 69
4 88
90 50
90 45
90 91
45 46
42 41
91 92
41 82
78 79
61 62
62 63
71 26
71 70
26 27
26 25
73 74
74 75
36 37
37 38
55 54
54 53
9 10
10 11
10 92
11 12
12 13
95 96
96 97
23 22
23 24
50 49
21 22
69 70
63 64
64 65
98 97