60 61 72 71 26 20 21 34 33 32 31 1 0 10 92 93 90 50 51 42 52 45 11 40 41 82 12 84 85 53 99 98 97 96 73 74 77 67 5 4 78 39 59 58 57 56 13 6 64 68 27 28 18 23 17 16 46 47 70 69 62 83 22 63 86 81 35 36 76 75 25 66
60 20
60 59
60 61
60 66
61 72
61 62
72 99
72 73
72 33
72 71
71 26
71 70
26 27
26 25
20 21
21 22
34 35
34 33
33 32
32 31
32 84
31 1
1 0
10 11
10 92
10 40
92 93
90 45
90 50
50 51
51 52
51 42
42 41
52 53
45 46
11 12
40 39
40 41
41 82
82 81
82 83
12 13
84 85
84 83
85 86
99 98
98 97
97 96
73 74
74 75
77 78
77 67
77 76
67 5
67 68
5 4
59 58
58 57
57 56
6 64
64 63
68 69
27 28
18 17
18 23
23 22
17 16
46 47
70 69
62 63
35 36