69 68 70 67 71 72 61 60 77 33 20 21 26 32 31 1 0 10 92 93 90 50 51 42 52 45 11 40 41 82 12 53 84 85 99 98 97 96 39 36 5 4 81 80 59 58 57 56 13 6 64 27 28 18 23 17 16 46 47 73 62 34 83 22 63 86 35 74 75 25 66
69 68
69 70
68 67
70 71
67 77
67 5
71 26
71 72
72 99
72 73
72 33
72 61
61 60
61 62
60 20
60 59
60 66
33 32
33 34
20 21
21 22
26 27
26 25
32 31
32 84
31 1
1 0
10 11
10 92
10 40
92 93
90 45
90 50
50 51
51 52
51 42
42 41
52 53
45 46
11 12
40 39
40 41
41 82
82 81
82 83
12 13
84 85
84 83
85 86
99 98
98 97
97 96
36 35
5 4
81 80
59 58
58 57
57 56
6 64
64 63
27 28
18 17
18 23
23 22
17 16
46 47
73 74
62 63
34 35
74 75