98 99 72 61 60 20 71 26 31 1 10 92 93 91 90 50 51 52 45 11 40 41 82 12 53 85 94 95 75 76 77 67 5 4 88 78 39 38 37 79 59 58 57 56 13 6 64 70 27 28 14 15 16 17 18 23 46 89 34 68 69 42 87 3 86 0 49 44 74 62 63 73 2 7 66 43
98 99
99 72
72 61
72 71
72 73
61 60
61 62
60 20
60 59
60 34
71 26
71 70
26 27
31 1
1 0
10 11
10 92
92 93
92 91
93 94
91 90
90 89
90 45
90 50
50 49
50 51
51 52
51 42
52 53
45 46
45 44
11 12
40 39
40 41
41 82
41 42
12 13
85 86
94 95
75 76
75 74
76 77
77 78
77 67
67 5
67 68
67 66
5 4
5 6
4 3
4 88
88 87
88 89
78 79
39 38
38 37
59 58
58 57
57 56
13 14
6 64
6 7
64 63
70 69
27 28
14 15
15 16
16 17
17 18
18 23
68 69
42 43
87 86
3 0
3 2