4 1 7 10 13 16 19 22 25 28 31 34 37 40 43 46 49 52 55 58 61 64 67 70 73 76 79 82 85 88 91 94 98 95 92 89 86 83 80 77 74 71 68 65 62 59 56 53 50 47 44 41 38 35 32 29 26 23 20 17 14 11 8 5 2 99 96 93 90 87 84 81 78 75 72 69 66 63 60 57 54 51 48 45 42 39 36 33 30 27 24 21 18 15 12 9 6 3
4 1
4 7
1 98
7 10
10 13
13 16
16 19
19 22
22 25
25 28
28 31
31 34
34 37
37 40
40 43
43 46
46 49
49 52
52 55
55 58
58 61
61 64
64 67
67 70
70 73
73 76
76 79
79 82
82 85
85 88
88 91
91 94
98 95
95 92
92 89
89 86
86 83
83 80
80 77
77 74
74 71
71 68
68 65
65 62
62 59
59 56
56 53
53 50
50 47
47 44
44 41
41 38
38 35
35 32
32 29
29 26
26 23
23 20
20 17
17 14
14 11
11 8
8 5
5 2
2 99
99 96
96 93
93 90
90 87
87 84
84 81
81 78
78 75
75 72
72 69
69 66
66 63
63 60
60 57
57 54
54 51
51 48
48 45
45 42
42 39
39 36
36 33
33 30
30 27
27 24
24 21
21 18
18 15
15 12
12 9
9 6
6 3