64 61 1 98 95 92 47 50 84 41 44 51 54 96 99 87 90 42 45 2 37 34 0 97 58 33 36 57 60 4 62 65 28 25 73 70 93 68 80 77 13 10 5 8 9 12 89 86 48 52 49 38 30 3 20 23 53 56 83 32 35 59 15 18 46 43 63 66 85 82 11 14 21 24 22 19 39 67 26 29 7 94 91 31 55 79 76 69 6 16 74 88 72 71 17 27 75 40
64 67
64 61
61 58
1 4
1 98
98 95
95 92
92 89
47 50
47 44
50 53
84 87
41 44
41 38
51 54
51 48
54 57
96 99
96 93
99 2
87 90
90 93
42 45
42 39
45 48
2 5
37 40
37 34
34 31
0 3
0 97
97 94
58 55
33 36
33 30
36 39
57 60
60 63
4 7
62 65
62 59
65 68
28 31
28 25
25 22
73 76
73 70
70 67
68 71
80 83
80 77
77 74
13 16
13 10
10 7
5 8
8 11
9 12
9 6
12 15
89 86
86 83
52 55
52 49
49 46
38 35
30 27
3 6
20 23
20 17
23 26
53 56
56 59
32 35
32 29
15 18
18 21
46 43
43 40
63 66
66 69
85 88
85 82
82 79
11 14
14 17
21 24
24 27
22 19
19 16
26 29
94 91
91 88
79 76
69 72
74 71
72 75