0 19 24 25 26 27 30 2 7 31 33 3 35 4 9 10 37 5 41 42 44 47 21 49 12 52 54 14 56 57 62 63 16 67 18 73 74 17 23 76 79 81 83 84 85 86 88 93 95 96 97 99 32 80 75 40 20 34 36 39
0 24
0 27
0 19
0 25
0 26
19 83
19 84
24 99
24 97
25 54
25 35
25 62
26 73
26 79
26 37
26 42
27 86
30 93
2 33
2 32
2 31
7 47
31 44
31 35
3 35
3 34
3 36
35 47
35 95
4 37
9 52
9 54
10 56
10 57
37 39
5 42
5 41
5 40
41 67
42 81
44 88
47 85
21 88
49 83
12 63
12 62
14 67
57 62
16 74
16 73
16 75
18 79
18 80
17 76
23 96
23 95
76 84
86 20
93 99