36 3 8 1 5 21 24 0 19 17 18 16 13 10 7 2 6 11 14 15 22 26 80 79 78 27 76 56 25 99 91 74 93 82 75 81 90 70 37 39 42 84 86 69 87 66 62 20 67 40 48 54 92 53 65 41 71 68 73
36 3
36 39
8 5
1 20
5 40
5 42
5 41
21 90
24 99
0 25
0 27
0 26
19 82
19 18
17 78
17 76
18 79
18 80
18 81
16 75
16 74
16 73
13 66
13 65
10 56
7 2
7 6
7 48
2 11
14 67
14 69
14 68
15 70
15 71
22 93
22 91
22 92
26 37
26 79
80 74
78 90
27 86
76 84
56 91
25 62
25 54
99 93
91 48
91 70
74 70
75 53
81 42
81 66
81 69
37 39
84 67
69 87
87 20