0 34 38 36 70 74 76 77 78 81 82 84 85 86 87 92 95 96 30 43 4 19 20 11 12 23 28 15 59 22 35 57 26 25 54 44 33 51 64 52 58 60 7 65 93 6 18 31 42 32 68 69 71 72 73 75 79 80 83 88 89 90 91 94 97 98 99
0 96
0 77
0 78
0 74
0 84
0 81
0 70
0 95
0 82
0 76
0 87
0 85
0 86
0 38
0 34
0 36
0 92
0 32
0 68
0 69
0 71
0 72
0 73
0 75
0 79
0 80
0 83
0 88
0 89
0 90
0 91
0 94
0 97
0 98
0 99
38 25
38 64
38 7
38 65
36 51
36 93
36 6
36 18
36 31
36 42
76 11
81 19
82 20
84 22
85 23
86 26
87 30
92 35
30 44
43 51
4 19
12 28
12 23
28 54
15 59
59 57
22 57
35 33
57 52
51 60
64 58