43 51 36 0 34 38 25 64 2 30 44 39 9 66 59 15 57 52 48 4 8 20 28 12 23 26 54 87 92 90 82 97 75 96 73 85 80 86 76 77 95 74 58 60 7 65 42 18 6 31 93 78 32 98 89 91 99 69 94 70 79 72 88 71 84 83 68 81
43 51
51 36
51 60
36 0
36 42
36 18
36 6
36 31
36 93
0 90
0 97
0 92
0 75
0 96
0 80
0 76
0 77
0 95
0 74
0 85
0 86
0 73
0 82
0 38
0 34
0 87
0 78
0 32
0 98
0 89
0 91
0 99
0 69
0 94
0 70
0 79
0 72
0 88
0 71
0 84
0 83
0 68
0 81
38 25
38 64
38 7
38 65
64 58
2 30
30 44
30 87
39 95
9 66
9 74
66 59
59 15
59 57
57 52
48 8
48 4
8 73
20 82
28 54
28 12
12 23
23 85
26 86