0 76 81 86 80 19 85 96 68 74 9 82 34 90 77 70 20 26 11 69 2 23 43 45 44 66 38 25 4 57 59 15 12 28 52 64 36 54 51 92 95 58 60 7 65 42 18 6 31 93 73 75 83 97 71 88 72 79 98 32 87 89 91 99 94 78 84
0 80
0 68
0 77
0 70
0 96
0 81
0 74
0 82
0 90
0 92
0 95
0 76
0 69
0 86
0 85
0 38
0 34
0 36
0 73
0 75
0 83
0 97
0 71
0 88
0 72
0 79
0 98
0 32
0 87
0 89
0 91
0 99
0 94
0 78
0 84
76 11
81 19
86 26
19 4
85 23
74 9
9 66
82 20
11 45
69 2
23 12
43 51
45 44
66 59
38 25
38 64
38 7
38 65
57 52
57 59
59 15
12 28
28 54
64 58
36 51
36 42
36 18
36 6
36 31
36 93
51 60