43 0 36 38 87 30 44 11 59 57 22 48 4 28 12 23 8 2 51 15 20 25 26 34 52 54 64 92 78 76 95 70 77 90 82 84 74 96 73 85 86 58 60 7 65 42 18 6 31 93 99 32 98 97 89 91 68 69 94 79 72 88 71 83 75 80 81
43 51
0 90
0 95
0 77
0 70
0 92
0 96
0 74
0 78
0 84
0 76
0 85
0 86
0 73
0 82
0 38
0 34
0 36
0 87
0 99
0 32
0 98
0 97
0 89
0 91
0 68
0 69
0 94
0 79
0 72
0 88
0 71
0 83
0 75
0 80
0 81
36 51
36 42
36 18
36 6
36 31
36 93
38 25
38 64
38 7
38 65
87 30
30 44
30 2
11 76
59 15
59 57
57 52
57 22
22 84
48 8
48 4
28 54
28 12
12 23
23 85
8 73
51 60
20 82
26 86
64 58