43 0 36 38 87 30 44 11 59 57 22 62 48 4 28 12 23 2 51 15 20 25 26 34 52 54 64 74 77 82 92 85 90 76 84 78 70 95 86 96 71 31 98 58 88 79 72 18 81 60 80 32 89 65 6 75 42 68 7 97 99 83 94 69 91 93 73
43 51
0 74
0 77
0 82
0 90
0 92
0 84
0 78
0 70
0 95
0 76
0 96
0 85
0 86
0 87
0 38
0 36
0 34
0 71
0 98
0 88
0 79
0 72
0 81
0 80
0 32
0 89
0 75
0 68
0 97
0 99
0 83
0 94
0 69
0 91
0 73
36 51
36 31
36 18
36 6
36 42
36 93
38 25
38 64
38 65
38 7
87 30
30 44
30 2
11 76
59 57
59 15
57 22
57 62
57 52
22 84
62 48
48 4
28 54
28 12
12 23
23 85
51 60
20 82
26 86
64 58