43 0 36 38 87 30 44 55 39 59 57 22 48 4 28 12 23 8 2 51 15 20 25 26 34 52 54 64 92 76 90 82 84 75 73 85 86 77 96 74 95 78 97 71 81 99 7 18 94 88 6 60 31 91 83 93 68 80 58 79 89 69 70 42 32 72 98 65
43 51
0 90
0 75
0 84
0 76
0 77
0 96
0 74
0 92
0 95
0 78
0 97
0 85
0 86
0 73
0 82
0 38
0 34
0 36
0 87
0 71
0 81
0 99
0 94
0 88
0 91
0 83
0 68
0 80
0 79
0 89
0 69
0 70
0 32
0 72
0 98
36 51
36 18
36 6
36 31
36 93
36 42
38 25
38 64
38 7
38 65
87 30
30 44
30 2
55 39
39 95
59 15
59 57
57 52
57 22
22 84
48 4
48 8
28 54
28 12
12 23
23 85
8 73
51 60
20 82
26 86
64 58