43 0 36 38 87 44 11 59 57 22 4 37 28 12 23 2 51 15 20 25 26 34 52 54 64 95 78 84 85 30 92 82 76 70 90 86 74 77 73 18 99 71 93 6 91 89 79 60 69 83 94 32 88 58 81 72 42 31 96 68 97 80 75 98 7 65
43 51
0 84
0 92
0 82
0 76
0 70
0 90
0 95
0 78
0 74
0 77
0 73
0 87
0 85
0 86
0 34
0 36
0 38
0 99
0 71
0 91
0 89
0 79
0 69
0 83
0 94
0 32
0 88
0 81
0 72
0 96
0 68
0 97
0 80
0 75
0 98
36 51
36 18
36 93
36 6
36 42
36 31
38 25
38 64
38 7
38 65
87 30
44 30
11 76
59 57
59 15
57 52
57 22
22 84
4 37
37 28
28 12
28 54
12 23
23 85
2 30
51 60
20 82
26 86
64 58