37 36 96 97 28 27 14 13 91 92 33 32 49 50 3 2 29 26 25 89 90 1 51 39 38 35 83 84 34 5 4 30 64 65 12 73 74 59 60 88 66 67 68 69 41 40 53 54 56 57 61 77 78 6 80 81 31 87 76 75 21 20 85 7 86 52 15 82 17 16 43 42 55 93 94 47 46 71 72 24 23 62 63 79 22 45 70 19 18 11 10 58 44 95 48 98 8 9
37 36
37 38
36 35
96 97
96 95
97 98
28 27
28 29
27 26
14 13
14 15
13 12
91 92
91 90
92 93
33 32
33 34
32 31
49 50
49 48
50 51
3 2
3 4
2 1
29 30
26 25
25 24
89 90
89 88
51 52
39 38
39 40
35 34
83 84
83 82
84 85
5 4
5 6
30 31
64 65
64 63
65 66
12 11
73 74
73 72
74 75
59 60
59 58
60 61
88 87
66 67
67 68
68 69
69 70
41 40
41 42
53 54
53 52
54 55
56 57
56 55
57 58
61 62
77 78
77 76
78 79
6 7
80 81
80 79
81 82
87 86
76 75
21 20
21 22
20 19
85 86
7 8
15 16
17 16
17 18
43 42
43 44
93 94
94 95
47 46
47 48
46 45
71 72
71 70
24 23
23 22
62 63
45 44
19 18
11 10
10 9
8 9