50 59 49 52 53 51 55 60 62 64 65 63 67 68 69 72 73 74 76 75 77 79 80 81 82 83 84 85 86 87 88 89 90 91 92 93 94 48 47 46 45 44 43 42 41 40 39 38 37 36 35 34 33 32 31 30 29 27 25 24 23 22 19 18 17 13 26 12 14 10 15 9 0 2 3 5 95 96 97 98 7 57 70 78 58 71 66 54 56 61
50 59
50 49
50 52
50 51
59 60
49 48
52 53
52 55
53 54
51 56
55 57
60 62
60 61
62 64
62 63
64 65
65 66
63 67
67 68
68 69
69 72
69 70
72 73
73 74
74 75
76 75
76 78
75 77
77 79
79 80
80 81
81 82
82 83
83 84
84 85
85 86
86 87
87 88
88 89
89 90
90 91
91 92
92 93
93 94
94 95
48 47
47 46
46 45
45 44
44 43
43 42
42 41
41 40
40 39
39 38
38 37
37 36
36 35
35 34
34 33
33 32
32 31
31 30
30 29
29 27
27 25
25 24
25 26
24 23
23 22
22 19
19 18
18 17
17 13
13 12
12 14
12 10
14 15
10 9
9 0
0 2
2 3
2 5
5 7
95 96
96 97
97 98
57 58
70 71