48 47 46 45 60 62 18 17 90 91 64 65 24 23 59 63 25 44 43 88 89 31 30 22 26 68 69 50 49 67 15 27 19 70 0 38 37 73 74 3 7 39 14 75 82 83 51 32 13 12 77 79 96 97 98 33 42 41 10 92 93 29 53 81 40 52 2 57 5 94 9 84 85 95 35 34 72 55 80 86 87 76 36 78 58 71 66 54 56 61
48 47
48 49
47 46
46 45
45 44
60 62
60 59
60 61
62 63
62 64
18 17
18 19
17 13
90 91
90 89
91 92
64 65
65 66
24 23
24 25
23 22
59 50
63 67
25 27
25 26
44 43
43 42
88 89
88 87
31 30
31 32
30 29
22 19
68 69
68 67
69 72
69 70
50 49
50 52
50 51
15 14
27 29
70 71
0 9
0 2
38 37
38 39
37 36
73 74
73 72
74 75
3 2
7 5
39 40
14 12
75 77
75 76
82 83
82 81
83 84
51 56
32 33
13 12
12 10
77 79
79 80
96 97
96 95
97 98
33 34
42 41
41 40
10 9
92 93
93 94
53 52
53 54
81 80
52 55
2 5
57 55
57 58
94 95
84 85
85 86
35 34
35 36
86 87
76 78