0 6 12 18 35 28 33 36 53 56 54 59 60 67 42 68 48 72 73 76 77 83 88 84 90 96 78 24 58 70 71 44 39 34 29 21 23 22 9 11 7 3 1 15 27 10 4 8 17 16 19 25 14 20 30 2 31 13 26 43 5
0 6
0 3
0 1
0 4
0 2
0 5
6 12
6 7
6 10
6 8
12 21
12 15
12 17
12 16
12 14
18 21
18 19
18 20
35 28
35 31
28 33
28 29
33 30
36 39
53 56
53 44
56 54
54 60
54 59
59 58
60 67
67 68
67 71
42 44
42 43
48 58
72 76
72 73
73 83
73 71
76 77
76 78
77 70
83 88
88 84
84 90
90 96
24 29
24 27
24 26
44 39
39 34
34 29
29 21
29 23
23 22
22 25
9 7
9 11
11 13