41 34 8 25 52 16 0 37 22 23 32 42 46 51 13 27 40 39 54 2 4 44 19 7 11 28 29 49 57 63 24 66 21 59 58 38 64 26 31 14 33 67 50 84 35 3 36 43 93 47 55 17 69 83 48 71 53 18 90
41 34
41 63
34 8
8 25
8 52
52 37
52 35
16 0
0 84
37 42
37 22
37 43
37 93
22 23
22 83
23 32
23 84
32 51
32 54
32 53
32 18
32 90
42 46
51 13
51 48
13 27
13 36
27 40
40 39
54 4
54 2
2 17
2 69
4 44
4 71
44 49
44 19
19 11
19 7
7 28
7 57
7 55
11 3
28 29
28 67
49 47
57 66
63 24
66 21
21 59
59 58
58 38
38 64
64 26
26 31
31 14
14 33
67 50