2 0 4 6 8 11 12 14 17 18 20 22 23 24 26 29 30 32 35 36 38 40 41 42 44 47 48 50 52 53 54 56 59 60 62 65 66 68 71 72 74 77 78 80 83 84 86 89 90 92 94 37 27 19 51 33 64 28 25 39 55 34 45 31 58 49 43 46
2 0
0 4
4 6
6 8
6 11
11 12
12 17
12 14
17 18
18 20
20 22
22 23
23 24
23 19
24 26
24 29
26 27
29 30
29 28
29 25
30 32
30 35
30 34
32 33
35 36
35 31
36 38
36 40
38 39
40 37
41 42
41 37
42 44
42 47
42 46
44 45
47 48
47 43
48 53
50 52
50 51
52 53
53 54
53 49
54 56
54 59
54 58
59 60
59 55
60 62
60 65
60 64
65 66
66 71
66 68
71 72
72 77
72 74
77 78
78 80
78 83
83 84
84 86
84 89
89 90
90 92
92 94