48 52 47 44 42 41 40 38 36 35 32 50 53 30 54 59 56 29 26 24 23 18 20 60 65 66 71 68 72 74 77 78 80 83 84 86 89 90 94 92 17 12 11 6 8 14 4 2 62 22 37 27 33 51 25 39 34 57 64 31 45 55 58 49 46 43
48 47
48 53
52 50
52 53
47 42
47 43
44 42
44 45
42 41
42 46
41 37
40 37
40 36
38 36
38 39
36 35
35 30
35 31
32 30
32 33
50 51
53 54
53 49
30 29
30 34
54 56
54 59
54 58
59 60
59 55
56 57
29 24
29 25
26 24
26 27
24 23
23 22
18 17
18 20
20 22
60 62
60 65
60 64
65 66
66 71
66 68
71 72
72 77
72 74
77 78
78 80
78 83
83 84
84 86
84 89
89 90
90 92
94 92
17 12
12 11
12 14
11 6
6 4
6 8
4 2