2 4 6 11 12 17 18 23 24 29 30 35 36 40 41 42 47 48 53 54 59 60 65 66 71 72 77 78 83 84 89 90 94 8 14 20 26 32 38 44 50 56 62 68 74 80 86 92 22 52 37 34 39 33 46 25 31 55 27 49 58 43 64 57 45 51
2 4
4 6
6 8
6 11
11 12
12 17
12 14
17 18
18 20
23 24
23 22
24 26
24 29
29 30
29 25
30 32
30 35
30 34
35 36
35 31
36 40
36 38
40 37
41 42
41 37
42 44
42 47
42 46
47 48
47 43
48 53
53 54
53 52
53 49
54 56
54 59
54 58
59 60
59 55
60 62
60 65
60 64
65 66
66 71
66 68
71 72
72 77
72 74
77 78
78 80
78 83
83 84
84 86
84 89
89 90
90 92
94 92
20 22
26 27
32 33
38 39
44 45
50 52
50 51
56 57