18 17 66 68 72 74 71 29 23 84 86 14 42 41 89 90 38 77 8 11 6 26 24 35 50 20 47 60 48 53 78 36 30 4 0 54 83 56 80 92 52 2 44 65 12 59 95 40 22 62 37 32 27 19 51 33 64 28 25 39 55 34 45 31 58 49 43 46
18 17
18 20
17 12
66 65
66 68
66 71
72 71
72 74
72 77
29 30
29 24
29 28
29 25
23 24
23 22
23 19
84 83
84 86
84 89
14 12
42 41
42 44
42 47
42 46
41 37
89 90
90 95
90 92
38 36
38 39
77 78
8 6
11 12
11 6
6 4
26 24
26 27
35 36
35 30
35 31
50 52
50 51
20 22
47 48
47 43
60 59
60 62
60 65
60 64
48 53
53 54
53 52
53 49
78 80
78 83
36 40
30 32
30 34
4 0
0 2
54 56
54 59
54 58
44 45
59 55
40 37
32 33