98 97 68 67 8 9 48 49 76 75 28 29 73 72 82 81 55 54 71 45 46 66 60 59 78 77 62 61 57 56 0 1 11 12 17 18 23 24 5 6 14 15 99 13 89 88 80 79 96 95 70 69 74 27 19 85 84 30 31 47 94 93 10 51 50 58 20 21 22 87 52 91 90 83 38 39 25 33 34 65 53 26 41 42 64 63 2 3 4 7 86 92 16 35 40 36 37 32
98 99
98 97
97 96
68 69
68 67
67 66
8 9
8 7
9 10
48 49
48 47
49 50
76 77
76 75
75 74
28 29
28 27
29 30
73 74
73 72
72 71
82 83
82 81
81 80
55 56
55 54
54 53
71 70
45 46
46 47
66 65
60 61
60 59
59 58
78 79
78 77
62 63
62 61
57 58
57 56
0 1
0 99
1 2
11 12
11 10
12 13
17 18
17 16
18 19
23 24
23 22
24 25
5 6
5 4
6 7
14 15
14 13
15 16
89 90
89 88
88 87
80 79
96 95
95 94
70 69
27 26
19 20
85 86
85 84
84 83
30 31
31 32
94 93
93 92
51 52
51 50
20 21
21 22
87 86
52 53
91 92
91 90
38 39
38 37
39 40
25 26
33 34
33 32
34 35
65 64
41 42
41 40
64 63
2 3
3 4
35 36
36 37