4 3 1 2 17 14 18 20 6 13 7 53 76 23 26 29 30 31 32 33 34 35 36 37 38 39 40 50 55 56 58 63 78 79 69 85 95 94 99 91 96 97 86 90 92 89 5 57 59 54 22 28 62 21 25 10 19 51 61 60 64 52 9 67 68 75 77 12 24 27 15 71 65 66 70 72 73 74 0 11 8 16
4 2
4 6
4 19
3 20
3 1
3 14
3 0
3 11
1 17
1 2
1 8
1 16
2 18
2 15
17 76
17 53
17 13
14 9
18 10
20 29
20 26
20 24
20 27
6 7
13 12
7 5
53 55
53 58
76 78
23 29
23 22
23 28
26 21
26 25
29 30
30 31
31 32
32 33
33 34
34 35
35 36
36 37
37 38
38 39
39 40
50 58
50 56
55 63
55 51
55 61
56 57
56 59
56 54
58 60
58 64
58 52
63 62
78 79
78 71
78 65
78 66
78 70
78 72
78 73
78 74
79 69
79 67
79 68
79 75
79 77
69 85
85 99
85 96
85 91
95 96
94 91
99 97
99 86
91 92
96 90
92 89