78 69 76 17 1 2 3 4 6 7 20 29 30 31 32 33 34 35 36 37 38 39 40 53 55 50 85 91 92 83 82 84 89 87 93 97 14 13 58 79 23 18 56 26 63 5 59 57 54 28 22 62 21 25 10 19 61 51 64 60 52 67 77 68 75 9 12 24 27 15 72 74 70 66 71 65 73 11 0 16 8
78 76
78 79
78 72
78 74
78 70
78 66
78 71
78 65
78 73
69 85
69 79
76 17
17 53
17 13
17 1
1 3
1 2
1 16
1 8
2 18
2 4
2 15
3 20
3 14
3 11
3 0
4 6
4 19
6 7
7 5
20 29
20 26
20 24
20 27
29 30
29 23
30 31
31 32
32 33
33 34
34 35
35 36
36 37
37 38
38 39
39 40
53 55
53 58
55 63
55 61
55 51
50 58
50 56
85 91
91 92
92 83
92 89
83 82
82 84
89 87
87 93
93 97
14 9
13 12
58 64
58 60
58 52
79 67
79 77
79 68
79 75
23 28
23 22
18 10
56 59
56 57
56 54
26 21
26 25
63 62