17 1 3 20 2 14 7 18 53 50 56 76 79 78 69 85 91 94 99 86 97 93 98 96 90 95 92 29 30 31 32 33 34 35 36 37 38 39 40 55 58 23 26 15 4 6 13 63 5 57 59 54 28 22 62 21 25 11 10 19 61 51 9 64 60 52 67 77 68 75 24 27 12 72 74 70 66 71 65 73 0 8 16
17 53
17 76
17 1
17 13
1 3
1 2
1 8
1 16
3 20
3 14
3 0
20 29
20 26
20 24
20 27
2 18
2 4
2 15
14 9
7 6
7 5
18 10
53 55
53 58
50 58
50 56
56 57
56 59
56 54
76 78
79 69
79 78
79 67
79 77
79 68
79 75
78 72
78 74
78 70
78 66
78 71
78 65
78 73
69 85
85 91
85 99
85 96
91 94
91 92
99 86
99 97
86 98
97 93
96 90
96 95
29 30
29 23
30 31
31 32
32 33
33 34
34 35
35 36
36 37
37 38
38 39
39 40
55 63
55 61
55 51
58 64
58 60
58 52
23 28
23 22
26 21
26 25
15 11
4 6
4 19
13 12
63 62