78 76 69 85 96 95 99 97 17 1 2 53 55 58 13 7 3 14 20 29 30 31 32 93 87 81 89 92 83 33 34 35 36 37 38 39 40 63 23 79 50 26 4 56 6 18 67 15 22 60 5 11 51 57 24 68 75 72 21 19 77 73 9 59 64 25 0 66 54 62 52 70 28 27 12 8 71 16 74 65 10 61
78 76
78 79
78 72
78 73
78 66
78 70
78 71
78 74
78 65
76 17
69 85
69 79
85 96
85 99
96 95
99 97
97 93
17 53
17 13
17 1
1 2
1 3
1 8
1 16
2 18
2 4
2 15
53 55
53 58
55 63
55 51
55 61
58 50
58 60
58 64
58 52
13 12
7 6
7 5
3 20
3 14
3 11
3 0
14 9
20 29
20 26
20 24
20 27
29 30
29 23
30 31
31 32
32 33
93 87
87 81
87 89
89 92
92 83
33 34
34 35
35 36
36 37
37 38
38 39
39 40
63 62
23 22
23 28
79 67
79 68
79 75
79 77
50 56
26 21
26 25
4 6
4 19
56 57
56 59
56 54
18 10