78 76 69 85 96 95 99 97 17 1 2 53 55 58 13 7 3 14 20 29 30 31 32 93 87 81 89 92 83 33 34 35 36 37 38 39 40 79 6 4 23 50 18 56 26 63 75 28 9 52 77 8 0 25 11 71 74 67 16 24 5 21 73 54 51 68 59 64 70 12 22 66 57 60 27 62 15 19 72 10 65 61
78 76
78 79
78 71
78 74
78 73
78 70
78 66
78 72
78 65
76 17
69 85
69 79
85 96
85 99
96 95
99 97
97 93
17 53
17 13
17 1
1 3
1 2
1 8
1 16
2 18
2 4
2 15
53 55
53 58
55 63
55 51
55 61
58 50
58 52
58 64
58 60
13 12
7 6
7 5
3 20
3 14
3 0
3 11
14 9
20 29
20 26
20 24
20 27
29 30
29 23
30 31
31 32
32 33
93 87
87 81
87 89
89 92
92 83
33 34
34 35
35 36
36 37
37 38
38 39
39 40
79 75
79 77
79 67
79 68
6 4
4 19
23 28
23 22
50 56
18 10
56 54
56 59
56 57
26 25
26 21
63 62