78 2 7 76 99 97 56 18 58 85 91 23 4 6 86 53 55 94 17 13 89 37 38 20 79 31 32 92 30 3 96 90 1 29 26 63 69 14 35 36 33 34 40 50 95 39 5 59 54 57 28 22 62 25 21 10 19 61 51 60 64 52 9 67 75 77 68 12 24 27 15 71 66 73 70 74 72 65 11 0 16 8
78 76
78 79
78 71
78 66
78 73
78 70
78 74
78 72
78 65
2 18
2 4
2 1
2 15
7 6
7 5
76 17
99 85
99 97
99 86
56 50
56 59
56 54
56 57
18 10
58 53
58 50
58 60
58 64
58 52
85 69
85 91
85 96
91 94
91 92
23 29
23 28
23 22
4 6
4 19
53 17
53 55
55 63
55 61
55 51
17 13
17 1
13 12
89 92
37 38
37 36
38 39
20 3
20 29
20 26
20 24
20 27
79 69
79 67
79 75
79 77
79 68
31 32
31 30
32 33
30 29
3 1
3 14
3 11
3 0
96 90
96 95
1 16
1 8
26 25
26 21
63 62
14 9
35 36
35 34
33 34
40 39