7 22 24 27 70 34 33 18 10 50 8 74 64 49 35 32 47 46 2 0 55 57 88 21 89 71 68 38 98 96 75 97 25 20 69 19 16 15 79 82 60 63 62 45 42 12 84 92 1 44 83 85 73 72 30 31 29 48 11 37 36 6 5 39 13 14 40 43 41 23 9 4 28 26 17 3
7 8
7 15
7 6
7 5
7 39
22 24
22 21
22 23
24 38
24 14
27 70
27 25
70 69
70 71
34 49
34 33
34 36
33 35
18 2
18 16
18 19
18 17
10 12
10 25
10 9
50 55
8 11
74 64
74 88
74 72
64 73
49 45
35 32
32 30
32 31
32 29
47 46
47 38
46 48
2 68
2 0
0 1
0 4
55 57
57 89
88 89
88 97
21 20
71 79
38 37
98 1
98 96
96 97
75 60
75 79
25 20
25 28
25 26
20 63
20 19
20 3
19 44
16 15
79 82
82 85
63 62
45 42
45 44
42 40
42 43
42 41
12 13
84 92
84 83
83 85