89 21 3 4 5 42 6 38 11 70 76 10 68 96 15 57 17 18 19 61 20 83 24 51 28 29 82 32 33 92 55 36 37 69 59 39 97 48 63 50 56 52 94 58 67 60 93 62 75 66 79 71 72 84 85 90 95 16
89 90
21 20
3 4
4 42
4 5
5 6
5 38
6 11
38 39
38 37
11 10
70 71
70 69
76 75
68 67
68 69
96 97
96 95
15 57
15 16
57 56
57 58
17 18
18 19
18 61
19 20
19 83
61 62
61 60
83 84
83 82
24 51
51 50
28 29
29 82
32 33
32 92
92 93
55 56
36 37
37 59
59 60
59 58
48 63
63 62
50 56
52 94
94 95
94 93
58 67
67 66
60 93
62 75
66 79
71 72
84 85
90 95