32 31 82 92 85 89 16 15 17 1 2 94 68 12 79 78 62 63 39 40 67 18 6 7 64 65 35 34 90 91 27 26 42 43 66 41 3 56 0 69 70 28 83 95 30 38 21 20 5 8 36 4 60 61 23 22 80 37 33 29 19 71 72 75 84 24 25 81 11 86 54 57 48 51 58 52 55 46 49 59 50 53 47 87 88
32 33
32 31
31 30
82 92
82 81
92 94
85 89
85 37
89 56
16 17
16 15
17 18
1 2
1 0
2 3
94 95
68 67
68 12
12 11
79 78
79 80
62 61
62 63
63 64
39 40
39 83
39 38
40 41
40 90
67 66
18 19
6 7
6 5
7 8
64 69
64 65
65 66
35 34
35 36
35 60
34 33
90 91
91 0
27 28
27 26
26 25
42 41
42 43
3 4
56 54
56 57
56 48
56 51
56 58
56 52
56 55
56 46
56 49
56 59
56 50
56 53
56 47
69 70
70 81
70 71
28 29
83 86
30 29
38 37
38 84
21 22
21 20
20 19
5 4
36 37
60 61
61 80
23 24
23 22
71 72
75 25
84 87
84 88
24 25