2 6 7 8 11 14 15 18 21 22 25 28 29 32 34 35 36 39 41 42 43 46 47 49 50 53 54 56 57 60 61 63 64 67 68 70 71 74 77 78 81 84 85 88 91 92 95 98 65 30 58 69 33 31 73 62 38 37 66 44 51 40 45 55 59 48 52
2 6
6 7
7 8
8 11
11 14
14 15
15 18
18 21
21 22
22 25
25 28
28 29
28 31
29 32
32 35
34 30
34 35
35 36
35 38
36 39
39 42
39 40
41 42
41 37
42 43
42 45
43 46
46 47
46 49
47 44
49 50
49 48
49 52
50 53
53 54
53 56
54 51
56 57
56 55
56 59
57 60
60 63
60 61
61 58
63 64
63 66
64 67
67 70
67 68
68 65
70 71
70 73
71 74
74 77
77 78
78 81
81 84
84 85
85 88
88 91
91 92
92 95
95 98
65 69
30 33
58 62