98 95 92 91 90 86 84 83 79 77 70 65 63 56 49 42 41 35 34 30 28 27 23 21 20 16 14 13 9 7 6 2 47 54 61 68 71 74 64 67 57 60 50 53 43 46 36 39 32 29 58 69 33 31 73 62 38 37 66 44 51 40 45 55 59 48 52
98 95
95 92
92 91
91 90
90 86
86 84
84 83
83 79
79 77
77 74
70 71
70 67
70 73
65 68
65 69
63 60
63 64
63 66
56 57
56 53
56 55
56 59
49 46
49 50
49 48
49 52
42 41
42 39
42 43
42 45
41 37
35 36
35 34
35 32
35 38
34 30
30 33
28 27
28 29
28 31
27 23
23 21
21 20
20 16
16 14
14 13
13 9
9 7
7 6
6 2
47 46
47 44
54 53
54 51
61 58
61 60
68 67
71 74
64 67
57 60
50 53
43 46
36 39
39 40
32 29
58 62