81 84 78 54 53 51 67 70 68 64 71 73 57 60 56 63 61 28 25 29 31 14 15 11 6 2 7 46 47 43 49 42 66 58 92 95 91 98 77 74 8 88 85 35 36 34 32 38 41 37 22 21 18 39 40 65 69 50 48 52 45 59 55 30 44 33 62
81 84
81 78
84 85
78 77
54 53
54 51
53 50
53 56
67 70
67 68
67 64
70 71
70 73
68 65
64 63
71 74
57 60
57 56
60 63
60 61
56 59
56 55
63 66
61 58
28 25
28 29
28 31
25 22
29 32
14 15
14 11
15 18
11 8
6 2
6 7
7 8
46 47
46 43
46 49
47 44
43 42
49 50
49 48
49 52
42 41
42 39
42 45
58 62
92 95
92 91
95 98
91 88
77 74
88 85
35 36
35 34
35 32
35 38
36 39
34 30
41 37
22 21
21 18
39 40
65 69
30 33