98 95 92 91 88 85 84 81 78 77 74 71 70 67 64 63 60 57 56 53 50 49 46 43 42 39 36 35 32 29 28 25 22 21 18 15 14 11 8 7 4 1 0 30 65 47 54 61 68 34 41 58 69 33 31 27 73 62 38 37 66 51 44 40 45 59 55 52 48
98 95
95 92
92 91
91 88
88 85
85 84
84 81
81 78
78 77
77 74
74 71
71 70
70 67
70 73
67 68
67 64
64 63
63 60
63 66
60 61
60 57
57 56
56 53
56 59
56 55
53 54
53 50
50 49
49 46
49 52
49 48
46 47
46 43
43 42
42 41
42 39
42 45
39 36
39 40
36 35
35 34
35 32
35 38
32 29
29 28
28 25
28 31
28 27
25 22
22 21
21 18
18 15
15 14
14 11
11 8
8 7
7 4
4 1
1 0
30 34
30 33
65 68
65 69
47 44
54 51
61 58
41 37
58 62