49 46 42 39 35 32 30 28 25 21 18 14 11 7 4 2 53 56 60 63 65 67 70 74 77 81 84 88 91 93 95 98 8 15 22 29 36 43 47 50 54 57 61 64 68 71 78 85 41 34 58 69 33 31 27 73 62 38 37 66 51 44 40 45 59 55 52 48
49 46
49 50
49 52
49 48
46 47
46 43
42 41
42 39
42 43
42 45
39 36
39 40
35 36
35 34
35 32
35 38
32 29
30 34
30 33
28 25
28 29
28 31
28 27
25 22
21 18
21 22
18 15
14 11
14 15
11 8
7 4
7 8
4 2
53 54
53 56
53 50
56 57
56 59
56 55
60 63
60 61
60 57
63 64
63 66
65 68
65 69
67 70
67 68
67 64
70 71
70 73
74 77
74 71
77 78
81 84
81 78
84 85
88 91
88 85
91 93
93 95
95 98
47 44
54 51
61 58
41 37
58 62