98 97 93 91 90 86 84 83 79 77 70 63 56 49 42 35 34 28 27 23 21 20 16 14 13 9 7 6 2 57 71 78 46 53 64 50 29 32 39 36 43 60 67 74 61 68 30 65 41 54 47 48 31 51 58 52 59 40 66 38 37 45 33 62 44 73 69 55
98 97
97 93
93 91
91 90
90 86
86 84
84 83
83 79
79 78
77 74
77 78
70 71
70 67
70 73
63 64
63 60
63 66
63 62
56 53
56 57
56 59
56 55
49 50
49 46
49 48
49 52
42 43
42 41
42 39
42 45
35 36
35 32
35 34
35 38
34 30
28 27
28 29
28 31
27 23
23 21
21 20
20 16
16 14
14 13
13 9
9 7
7 6
6 2
57 60
71 74
46 43
46 47
53 50
53 54
64 67
29 32
39 36
39 40
60 61
67 68
61 58
68 65
30 33
65 69
41 37
54 51
47 44