81 54 67 70 57 60 28 14 6 46 43 63 61 92 95 77 7 91 84 85 35 41 22 21 18 39 36 15 65 71 78 8 32 29 2 88 11 49 50 53 68 42 56 74 64 25 34 98 47 30 58 69 33 31 73 62 38 37 66 44 51 40 45 59 55 48 52
81 84
81 78
54 53
54 51
67 70
67 68
67 64
70 71
70 73
57 60
57 56
60 63
60 61
28 25
28 29
28 31
14 15
14 11
6 2
6 7
46 47
46 43
46 49
43 42
63 64
63 66
61 58
92 95
92 91
95 98
77 74
77 78
7 8
91 88
84 85
85 88
35 36
35 34
35 32
35 38
41 42
41 37
22 21
22 25
21 18
18 15
39 42
39 36
39 40
65 68
65 69
71 74
8 11
32 29
49 50
49 48
49 52
50 53
53 56
42 45
56 59
56 55
34 30
47 44
30 33
58 62