3 7 4 12 11 15 16 13 17 20 22 23 24 26 27 30 31 35 34 29 28 33 39 38 36 40 32 42 41 45 37 46 47 44 48 43 49 50 53 57 52 54 51 55 62 61 56 58 66 60 65 63 67 59 69 70 72 73 75 78 82 79 86 87 91 90 92 88 95 97
3 7
7 4
7 12
12 13
12 17
11 15
11 16
16 20
17 22
20 23
22 24
23 26
24 27
26 30
27 30
30 31
30 35
30 34
30 29
31 28
35 36
35 40
34 33
34 39
34 38
33 32
39 42
36 41
40 45
42 46
41 37
45 47
45 44
46 48
46 43
47 49
48 50
50 53
53 57
53 52
57 54
57 62
57 61
57 56
57 58
54 51
54 55
62 63
62 67
61 66
61 60
61 65
66 69
66 70
60 59
67 72
69 73
73 75
75 78
78 82
82 79
82 86
82 87
86 91
86 90
87 92
87 88
91 95
92 97