3 7 4 11 10 12 13 16 17 21 23 24 26 27 30 34 33 35 36 39 40 42 46 47 48 50 53 54 57 61 60 62 63 66 67 69 73 75 78 79 82 86 85 87 88 91 92 94 96 20 45 72 41 31 49 37 44 59 28 70 51 55 32 65 29 56 58 52 38 43
3 7
7 4
7 12
11 10
11 16
12 13
12 17
16 20
17 21
21 24
23 26
23 20
24 27
26 30
27 30
30 31
30 35
30 34
30 29
34 33
34 39
34 38
33 32
35 36
35 40
36 41
39 42
40 45
42 46
46 48
46 43
47 45
47 49
48 50
50 53
53 57
53 52
54 57
54 51
54 55
57 62
57 61
57 56
57 58
61 66
61 60
61 65
60 59
62 63
62 67
66 69
66 70
67 72
69 73
73 75
75 78
78 82
79 82
82 86
82 87
86 85
86 91
87 88
87 92
91 94
92 96
45 44
41 37
31 28