3 7 12 13 17 4 21 11 15 24 27 30 35 34 36 39 40 26 23 45 47 54 57 61 53 66 69 73 75 60 78 82 87 92 86 85 91 94 79 76 74 88 96 62 63 50 48 41 31 42 46 33 49 37 44 59 28 32 51 55 70 65 29 38 56 58 52 43
3 7
7 12
7 4
7 11
12 13
12 17
17 21
21 24
11 15
24 27
27 30
30 26
30 31
30 35
30 34
30 29
35 36
35 40
34 33
34 39
34 38
36 41
39 42
40 45
26 23
45 47
45 44
47 49
54 57
54 51
54 55
57 61
57 62
57 53
57 56
57 58
61 66
61 60
61 65
53 50
53 52
66 69
66 70
69 73
73 75
75 78
60 59
78 82
82 87
82 86
82 79
87 92
87 88
92 96
86 85
86 91
91 94
79 76
76 74
62 63
50 48
48 46
41 37
31 28
42 46
46 43
33 32