57 62 67 63 54 53 50 79 82 86 90 91 87 88 78 75 73 95 92 96 47 40 35 36 61 60 30 26 23 27 24 21 17 12 7 11 10 3 13 34 4 39 45 72 48 41 31 46 42 33 66 69 49 37 44 59 28 32 70 51 55 65 29 38 58 56 52 43
57 61
57 62
57 53
57 54
57 58
57 56
62 63
62 67
67 72
54 51
54 55
53 50
53 52
50 48
79 82
82 86
82 87
82 78
86 90
86 91
91 95
87 88
87 92
78 75
75 73
73 69
92 96
47 45
47 49
40 45
40 35
35 36
35 30
36 41
61 66
61 60
61 65
60 59
30 26
30 27
30 31
30 34
30 29
26 23
27 24
24 21
21 17
17 12
12 7
12 13
7 11
7 3
7 4
11 10
34 33
34 39
34 38
39 42
45 44
48 46
41 37
31 28
46 42
46 43
33 32
66 69
66 70