3 7 12 13 17 4 21 11 15 24 27 30 35 34 36 39 33 40 26 23 45 54 57 61 53 66 69 73 75 60 78 82 87 92 86 85 91 94 79 76 74 88 96 62 63 50 48 31 46 41 42 47 44 65 59 58 55 51 38 56 28 70 37 52 29 32 43 49
3 7
7 12
7 4
7 11
12 13
12 17
17 21
21 24
11 15
24 27
27 30
30 26
30 31
30 35
30 34
30 29
35 36
35 40
34 39
34 33
34 38
36 41
39 42
33 32
40 45
26 23
45 47
45 44
54 57
54 55
54 51
57 61
57 62
57 53
57 58
57 56
61 66
61 60
61 65
53 50
53 52
66 69
66 70
69 73
73 75
75 78
60 59
78 82
82 87
82 86
82 79
87 92
87 88
92 96
86 85
86 91
91 94
79 76
76 74
62 63
50 48
48 46
31 28
46 42
46 43
41 37
47 49