91 11 30 31 23 20 40 35 57 66 86 69 73 62 67 78 79 36 41 87 88 12 7 61 82 3 26 92 13 53 50 34 16 47 45 54 4 97 48 46 42 27 39 63 33 60 94 24 90 17 22 71 10 75 49 37 44 59 28 70 55 51 32 65 29 56 58 38 52 43
91 86
91 94
11 10
11 16
30 31
30 26
30 27
30 35
30 34
30 29
31 28
23 20
23 26
20 16
40 45
40 35
35 36
57 62
57 61
57 53
57 54
57 56
57 58
66 61
66 69
66 70
86 82
86 90
69 73
73 75
62 63
62 67
67 71
78 75
78 82
79 82
36 41
41 37
87 88
87 82
87 92
12 13
12 17
12 7
7 4
7 3
61 60
61 65
92 97
53 50
53 52
50 48
34 33
34 39
34 38
47 45
47 49
45 44
54 55
54 51
48 46
46 42
46 43
42 39
27 24
33 32
60 59
24 22
17 22