10 13 14 54 65 78 97 68 75 62 74 73 70 71 23 26 29 44 47 48 4 45 49 33 32 19 81 66 91 6 5 55 9 89 85 86 77 35 39 61 57 56 31 1 82 93 18 2 46 80 64 40 83 16 69 53 67 0 42 12 41 72 3
10 13
10 14
10 12
13 65
13 46
14 54
65 78
65 68
78 97
68 35
68 67
75 26
75 42
62 61
62 64
62 74
62 42
74 44
74 70
73 23
73 71
70 47
70 71
70 72
71 53
26 29
44 40
47 48
48 19
48 45
48 4
4 1
4 2
45 49
45 46
49 33
33 81
33 32
32 31
19 18
81 80
66 91
66 69
6 5
5 55
5 9
55 57
9 89
89 85
85 86
86 77
35 39
57 56
57 64
1 0
82 83
93 2
18 16
80 83
40 41
69 67
0 3