10 13 14 54 65 78 97 68 75 42 62 74 72 73 70 23 26 29 44 43 37 47 48 4 45 49 33 32 19 81 6 5 55 9 89 85 86 77 61 57 56 31 15 1 82 93 2 36 46 64 90 59 40 84 60 71 63 58 41
10 13
10 14
13 65
13 46
14 54
65 68
78 97
78 75
75 26
75 42
42 62
62 74
62 61
62 64
74 44
74 72
74 70
72 73
73 23
73 15
70 47
70 71
26 29
44 43
44 84
44 40
43 37
37 36
47 48
48 4
48 45
48 19
4 2
4 1
45 49
45 46
49 33
33 32
33 81
32 31
6 5
5 55
5 9
55 57
9 89
89 85
85 86
86 77
61 60
57 64
57 56
56 59
56 90
82 84
93 2
59 58
40 41
60 63