34 2 3 19 4 5 21 7 8 24 11 13 25 36 38 16 17 26 18 23 27 29 43 44 49 50 54 53 55 58 60 62 64 69 66 75 67 70 79 80 78 72 77 81 84 89 88 90 95 94 92 61 10 28 63 59 9 22 20 6
34 27
2 3
3 4
19 18
4 5
4 21
4 20
5 8
5 7
5 60
5 6
21 23
7 58
8 9
24 25
24 23
11 38
11 36
11 13
13 25
13 10
16 17
17 18
26 29
26 27
26 18
26 28
18 23
23 22
29 44
29 43
49 50
49 54
54 53
54 55
55 58
60 62
60 61
62 64
62 70
64 69
64 63
69 75
66 67
75 84
75 88
67 72
70 79
79 80
79 95
79 78
80 77
80 94
78 72
77 81
84 89
88 90
95 92
61 59