5 7 60 4 3 21 58 55 23 24 25 13 18 19 26 27 29 32 14 39 35 38 43 8 52 11 62 70 79 80 72 67 74 83 73 84 75 82 95 64 66 49 50 51 17 48 69 63 59 2 42 44 10 16 28 9 61 6 22 20
5 8
5 7
5 4
5 60
5 6
7 58
60 62
60 61
4 21
4 3
4 20
3 2
3 59
21 23
58 55
23 24
23 18
23 22
24 25
25 13
13 14
13 11
13 10
18 26
18 17
18 19
19 32
26 29
26 27
26 28
29 43
29 44
14 39
39 48
35 38
38 52
38 11
43 42
8 9
62 70
70 79
79 80
79 95
72 67
72 73
67 74
67 66
74 83
83 82
73 84
84 75
75 69
64 69
64 63
49 50
49 48
50 51
17 16
63 59