58 64 55 54 49 52 91 93 94 80 92 38 62 60 67 74 84 83 59 3 2 19 32 27 29 13 11 25 24 42 82 66 23 18 5 8 17 26 31 43 72 16 28 7 4 21 69 75 63 36 37 41 30 15 12 40 44 61 1 14 10 9 6 20 22
58 55
58 7
64 69
64 63
55 54
54 49
52 91
52 38
91 93
91 92
94 80
94 92
38 11
62 60
60 5
60 61
67 72
67 74
67 66
74 83
84 75
83 82
59 63
59 3
3 2
3 4
2 1
19 32
19 18
27 26
27 31
29 43
29 26
29 44
13 11
13 25
13 14
13 10
11 36
11 12
25 24
24 23
24 8
42 43
42 41
66 69
23 21
23 18
23 22
18 26
18 17
5 7
5 4
5 6
8 9
17 16
26 28
31 30
16 15
28 40
4 21
4 20
69 75
36 37