5 60 4 3 21 7 61 58 55 23 24 25 13 18 19 26 27 29 32 14 39 47 46 54 43 8 62 70 79 78 80 72 67 74 83 73 84 75 82 95 92 91 93 51 64 11 66 2 17 42 71 28 10 16 63 22 20 9 44 59 6
5 4
5 8
5 7
5 60
5 6
60 62
60 61
4 3
4 21
4 20
3 2
21 23
7 58
61 59
58 55
55 54
23 18
23 24
23 22
24 25
25 13
13 14
13 11
13 10
18 19
18 26
18 17
19 32
26 29
26 27
26 28
29 43
29 44
14 39
39 47
47 46
43 42
8 9
62 70
62 64
70 79
70 71
79 80
79 95
79 78
78 72
72 73
72 67
67 74
67 66
74 83
83 82
73 84
84 75
95 92
92 91
91 93
93 51
64 63
17 16