53 92 19 32 75 88 79 26 29 43 49 84 54 24 21 60 61 62 64 90 69 70 67 66 95 73 4 3 72 58 7 55 18 80 77 2 28 40 11 23 16 8 81 36 37 27 5 94 89 17 50 25 59 63 13 42 10 44 9 22 20 6
53 54
92 95
19 32
19 18
75 88
75 69
75 84
88 90
79 80
79 70
79 95
26 29
26 28
26 27
26 18
29 43
29 44
43 42
49 50
49 54
84 89
84 73
54 55
24 25
24 23
21 23
21 4
60 62
60 61
60 5
61 59
62 70
64 69
64 63
67 72
67 66
73 72
4 5
4 3
4 20
3 2
58 55
58 7
7 5
18 17
18 23
80 77
80 94
77 81
28 40
40 36
11 13
23 22
16 17
8 5
8 9
36 37
5 6
25 13
59 63
13 10