84 27 34 99 46 94 79 21 73 47 8 54 28 32 93 30 7 52 78 53 67 2 66 18 80 68 14 49 61 31 6 91 82 64 41 85 59 1 65 48 12 19 83 38 60 20 44 29 70 11 90 23 81 55 62 76 58 74 16
84 32
84 60
27 21
27 6
34 99
34 78
34 18
34 38
99 61
46 83
46 94
46 38
94 81
94 14
79 93
79 7
21 41
73 54
73 47
73 62
47 2
8 30
8 18
8 58
8 74
54 28
28 82
28 16
7 41
52 19
78 80
53 67
67 64
2 66
66 20
18 1
18 19
18 60
80 68
14 90
49 91
61 76
31 55
31 11
91 60
82 44
82 41
82 64
82 38
85 90
59 11
1 65
65 23
48 11
48 12
12 70
60 11
44 29