98 97 93 91 90 86 84 83 79 77 72 70 65 63 56 49 42 41 35 34 30 28 27 23 21 20 16 14 13 9 7 6 2 24 47 54 61 68 71 74 64 67 57 60 50 53 43 46 36 39 29 32 58 33 59 55 37 73 62 66 51 69 48 38 45 31 44 40 52
98 97
97 93
93 91
91 90
90 86
86 84
84 83
83 79
79 77
77 74
72 74
70 67
70 71
70 73
65 68
65 69
63 60
63 64
63 66
56 53
56 57
56 59
56 55
49 50
49 46
49 48
49 52
42 41
42 39
42 43
42 45
41 37
35 36
35 34
35 32
35 38
34 30
30 33
28 27
28 29
28 31
27 23
23 24
21 20
21 24
20 16
16 14
14 13
13 9
9 7
7 6
6 2
47 46
47 44
54 53
54 51
61 58
61 60
68 67
71 74
64 67
57 60
50 53
43 46
36 39
39 40
29 32
58 62