98 97 93 91 90 86 84 83 79 77 70 65 63 56 49 42 35 28 27 23 21 20 16 14 13 9 7 6 2 39 78 71 36 32 43 29 73 46 74 50 53 34 75 64 60 61 57 30 68 67 54 47 41 37 51 62 45 44 69 59 40 58 31 38 66 55 52 33 48
98 97
97 93
93 91
91 90
90 86
86 84
84 83
83 79
79 78
77 74
77 78
70 73
70 71
70 67
65 68
65 69
63 60
63 64
63 62
63 66
56 57
56 53
56 59
56 55
49 50
49 46
49 52
49 48
42 43
42 39
42 41
42 45
35 36
35 32
35 34
35 38
28 27
28 29
28 31
27 23
23 21
21 20
20 16
16 14
14 13
13 9
9 7
7 6
6 2
39 36
71 74
32 29
43 46
46 47
74 75
50 53
53 54
34 30
64 67
60 57
60 61
61 58
30 33
68 67
54 51
47 44
41 37
37 40