76 75 99 98 6 7 92 91 62 61 40 41 60 90 24 25 39 45 46 28 29 17 18 80 79 42 43 65 64 1 2 73 72 8 15 16 37 38 63 77 5 11 12 19 20 86 85 44 78 26 47 48 36 30 31 9 10 52 53 71 22 23 83 82 88 87 34 35 70 69 49 13 97 67 66 56 57 84 74 96 89 33 27 21 55 14 50 51 54 81 93 3 4 68 32 95 94 0
76 75
76 77
75 74
99 98
99 1
98 97
6 5
6 7
7 8
92 91
92 93
91 90
62 61
62 63
61 60
40 39
40 41
41 42
90 89
24 23
24 25
25 26
39 38
45 44
45 46
46 47
28 27
28 29
29 30
17 16
17 18
18 19
80 79
80 81
79 78
42 43
43 44
65 64
65 66
64 63
1 2
1 0
2 3
73 72
73 74
72 71
8 9
15 14
15 16
37 36
37 38
77 78
5 4
11 10
11 12
12 13
19 20
20 21
86 85
86 87
85 84
26 27
47 48
48 49
36 35
30 31
31 32
9 10
52 51
52 53
53 54
71 70
22 21
22 23
83 82
83 84
82 81
88 87
88 89
34 33
34 35
70 69
69 68
49 50
13 14
97 96
67 66
67 68
56 55
56 57
96 95
33 32
55 54
50 51
93 94
3 4
95 94