11 3 10 0 13 14 8 19 47 56 71 60 61 70 72 30 74 76 87 86 67 66 88 89 20 85 84 83 82 81 80 79 78 22 23 51 52 57 1 12 24 54 49 6 28 50 35 39 38 48 46 34 58 9 31 29 18 37 15 16 26 36 32 40 41 2 42 59 33 5 44 21 45 27 17 4 43 25 7
11 3
11 20
11 18
11 21
3 0
3 10
3 4
10 13
0 1
13 14
13 16
13 2
14 8
14 15
8 6
8 9
8 28
8 7
19 9
19 44
19 45
47 51
47 56
47 46
47 48
56 60
71 72
71 70
60 61
72 74
72 50
30 28
30 35
30 31
30 29
30 33
74 76
76 87
87 86
87 88
86 67
67 66
88 89
89 85
20 22
85 84
84 83
83 82
82 81
81 80
80 79
79 78
22 23
23 24
23 26
23 27
51 52
52 54
57 58
57 49
1 12
12 17
24 25
49 48
49 50
6 5
50 35
50 42
35 34
35 39
35 36
39 38
38 40
38 41
46 43
34 32
58 59
31 37