11 22 21 23 32 14 24 34 42 41 44 49 5 52 74 75 47 57 25 8 29 39 18 27 17 15 26 37 35 88 89 77 87 67 76 86 85 58 80 81 72 84 82 83 51 61 62 59 45 12 33 1 0 9 4 6 2 43 31 20 10 48 46 7 19 28 13 16 36
11 1
11 22
11 10
22 12
22 21
22 23
22 32
22 33
21 31
21 20
23 24
32 42
14 24
14 13
24 34
24 25
34 44
42 52
42 41
49 39
49 59
5 15
5 4
5 6
52 51
52 62
74 84
74 75
75 76
47 57
47 37
47 48
47 46
57 67
57 58
25 15
25 26
25 35
8 18
8 9
29 27
29 39
29 28
18 27
18 19
27 17
27 26
27 37
27 36
17 7
15 16
35 45
88 89
88 77
77 67
77 76
77 87
87 86
86 85
80 81
81 72
72 62
72 82
82 83
51 61
12 2
33 43
1 0