27 5 1 11 15 21 22 24 25 29 32 33 34 35 39 40 42 45 49 50 52 55 56 59 60 62 65 66 69 72 74 75 77 80 81 82 83 84 85 86 87 88 89 23 26 20 2 30 19 12 18 3 0 6 4 43 10 13 17 37 36 31 46 44 16 14
27 29
27 18
27 26
27 17
27 37
27 36
5 15
5 6
5 4
1 11
1 0
11 22
11 10
15 25
15 16
21 22
21 20
21 31
22 12
22 23
22 32
22 33
24 23
24 25
24 34
24 14
25 26
25 35
29 39
32 42
33 43
34 44
35 45
39 49
40 50
40 30
42 52
45 55
45 46
49 59
50 60
52 62
55 56
55 65
59 69
62 72
65 75
65 66
66 77
72 81
72 82
74 75
74 84
75 85
77 88
77 87
80 81
83 84
85 86
88 89
20 30
2 12
2 3
19 18
12 13