27 29 39 59 58 57 56 55 54 77 45 25 87 86 34 33 22 21 12 2 20 64 74 84 83 72 81 80 50 51 88 89 15 5 6 7 8 44 11 10 75 47 93 24 43 26 76 53 63 52 42 46 85 32 73 65 23 14 35
27 26
27 29
29 39
59 58
58 57
57 56
56 55
55 54
55 65
54 53
54 64
54 44
77 88
77 87
77 76
45 46
45 44
25 15
25 26
25 24
86 85
34 33
34 24
34 44
34 35
33 22
22 12
22 21
22 11
22 32
21 20
12 2
64 63
64 74
74 84
74 75
74 73
84 83
83 93
72 81
72 63
81 80
50 51
51 52
88 89
15 5
5 6
6 7
7 8
44 43
11 10
75 76
75 85
47 46
24 23
24 14
43 42
53 52