34 24 26 27 95 18 22 21 47 72 81 77 88 57 94 64 74 80 41 56 5 52 6 54 55 58 14 44 43 25 15 42 82 89 63 13 68 53 48 66 29 19 51 61 11 12 84 20 10 87 33 32 75 23 65 35 45
34 33
34 24
34 44
34 35
24 14
24 25
24 23
26 27
26 25
27 29
27 18
95 94
18 19
22 21
22 11
22 12
22 33
22 32
21 20
47 48
47 57
72 63
72 82
72 81
81 80
77 88
77 87
77 66
88 89
57 58
57 56
94 84
64 63
64 74
64 54
74 84
74 75
41 42
56 66
56 55
5 6
5 15
52 51
52 53
54 53
54 55
54 44
55 65
58 68
14 13
44 43
44 45
43 42
25 15
51 61
11 10