67 16 17 15 14 13 12 11 10 9 8 7 6 5 4 3 2 1 34 18 19 20 21 22 23 24 25 26 27 28 29 30 94 31 96 32 98 65 63 61 59 57 55 53 51 49 47 69 71 73 75 77 79 81 45 43 41 39 37 83 85 87 89 91 93 90 46 88 48 86 50 84 52 82 54 80 56 78 58 76 60 74 62 72 64 70 66 68
67 17
67 16
16 65
16 66
17 69
17 68
15 65
15 63
15 64
14 63
14 61
14 62
13 61
13 59
13 60
12 59
12 57
12 58
11 57
11 55
11 56
10 55
10 53
10 54
9 53
9 51
9 52
8 51
8 49
8 50
7 49
7 47
7 48
6 45
6 47
6 46
5 45
5 43
4 43
4 41
3 41
3 39
2 39
2 37
1 34
1 37
18 69
18 71
18 70
19 71
19 73
19 72
20 73
20 75
20 74
21 75
21 77
21 76
22 77
22 79
22 78
23 79
23 81
23 80
24 81
24 83
24 82
25 83
25 85
25 84
26 85
26 87
26 86
27 87
27 89
27 88
28 89
28 91
28 90
29 93
29 91
30 94
30 93
94 31
31 96
96 32
32 98