28 63 14 5 10 87 27 77 22 47 6 16 67 20 49 7 29 31 45 51 8 3 39 79 23 61 13 81 24 4 83 25 35 69 18 2 71 93 30 17 26 75 21 91 11 89 19 41 59 12 9 53 37 1 57 85 32 98 43 95 97 65 15 73 55 82 54 80 56 78 58 76 60 74 62 72 64 70 66 68
28 89
28 91
63 15
63 14
14 61
14 62
5 43
5 45
10 53
10 55
10 54
87 27
87 26
27 89
77 22
77 21
22 79
22 78
47 7
47 6
6 45
16 65
16 67
16 66
67 17
20 73
20 75
20 74
49 8
49 7
29 91
29 93
31 95
31 97
51 9
51 8
3 39
3 41
39 2
79 23
23 81
23 80
61 13
13 59
13 60
81 24
24 83
24 82
4 43
4 41
83 25
25 85
35 1
69 18
69 17
18 71
18 70
2 37
71 19
93 30
30 95
17 68
26 85
75 21
21 76
11 55
11 57
11 56
19 73
19 72
59 12
12 57
12 58
9 53
37 1
32 97
32 98
65 15
15 64