93 94 81 82 35 34 10 9 5 4 56 57 46 45 11 86 87 19 18 50 51 75 76 77 17 64 65 31 30 3 2 60 61 69 70 15 14 84 85 47 95 96 8 1 42 41 52 58 20 67 68 80 49 48 89 90 92 66 40 39 38 37 28 27 36 59 78 12 79 91 71 55 26 25 88 83 21 29 53 7 72 43 54 16 44 73 24 33 32 74 63 23 22 13 97 6 62 98
93 94
93 92
94 95
81 82
81 80
82 83
35 34
35 36
34 33
10 9
10 11
9 8
5 4
5 6
4 3
56 57
56 55
57 58
46 45
46 47
45 44
11 12
86 87
86 85
87 88
19 18
19 20
18 17
50 51
50 49
51 52
75 76
75 74
76 77
77 78
17 16
64 65
64 63
65 66
31 30
31 32
30 29
3 2
2 1
60 61
60 59
61 62
69 70
69 68
70 71
15 14
15 16
14 13
84 85
84 83
47 48
95 96
96 97
8 7
42 41
42 43
41 40
52 53
58 59
20 21
67 68
67 66
80 79
49 48
89 90
89 88
90 91
92 91
40 39
39 38
38 37
37 36
28 27
28 29
27 26
78 79
12 13
71 72
55 54
26 25
25 24
21 22
53 54
7 6
72 73
43 44
73 74
24 23
33 32
63 62
23 22
97 98