5 2 0 1 4 3 11 24 25 26 29 27 28 32 37 30 36 40 34 33 42 31 39 38 35 41 43 6 7 8 9 10 44 45 46 47 48 49 50 51 52 53 54 55 56 57 58 59 60 61 62 72 12 76 95 14 74 77 78 73 65 96 13 23 66 71 75 98
5 2
5 11
5 12
2 0
2 6
0 1
1 4
1 3
4 9
4 10
3 7
3 8
11 24
11 23
24 25
25 26
25 27
25 37
26 29
26 28
29 34
29 35
27 31
28 32
28 33
32 40
32 41
37 50
37 51
37 30
30 36
36 48
36 49
40 56
40 57
34 44
34 45
33 42
33 43
42 60
42 61
31 39
31 38
39 54
39 55
38 52
38 53
35 46
35 47
41 58
41 59
43 62
6 14
6 13
45 65
45 66
48 72
48 71
49 74
49 73
50 76
50 75
51 77
51 78
60 95
60 96
61 98