1 2 3 4 5 6 7 8 11 12 13 14 15 16 17 18 24 25 26 27 28 30 31 33 34 35 36 37 38 43 44 45 46 47 51 52 53 54 55 56 57 58 64 68 69 71 72 73 74 81 82 83 84 85 86 87 88 91 92 93 94 95 96 97 98 50 32 63 59 42 48 67 23 62 75 66 65
1 2
2 3
3 4
4 5
5 6
5 15
6 7
7 8
11 12
12 13
13 14
14 15
15 16
15 25
16 17
17 18
24 25
24 23
25 26
25 35
26 27
27 28
30 31
31 32
33 32
33 34
34 35
35 36
35 45
36 37
37 38
43 44
43 42
44 45
45 55
45 46
46 47
47 48
51 50
51 52
52 53
53 54
54 55
54 64
55 56
56 57
56 66
57 58
57 67
58 68
58 59
64 63
64 74
64 65
68 69
71 72
72 73
73 74
74 84
74 75
81 82
82 83
83 84
84 85
84 94
85 86
86 87
87 88
91 92
92 93
93 94
94 95
95 96
96 97
97 98
63 62