55 54 53 52 51 56 57 58 66 50 48 38 37 36 35 34 33 32 31 28 18 17 16 15 14 13 12 11 10 68 78 88 87 86 85 84 83 82 81 80 27 47 67 19 77 89 46 45 44 65 76 26 79 29 69 39 59 49
55 54
55 56
54 53
53 52
52 51
51 50
56 57
57 58
58 68
58 48
58 59
66 67
66 65
48 47
48 38
48 49
38 37
38 28
38 39
37 36
36 35
35 34
34 33
33 32
32 31
28 27
28 18
28 29
18 17
18 19
17 16
16 15
15 14
14 13
13 12
12 11
11 10
68 67
68 78
68 69
78 77
78 88
78 79
88 87
88 89
87 86
86 85
85 84
84 83
83 82
82 81
81 80
27 26
47 46
77 76
46 45
45 44