55 45 35 25 15 65 75 85 95 14 24 34 44 54 64 74 84 94 3 13 23 33 43 53 63 73 83 93 2 12 22 32 42 52 62 72 82 92 1 11 21 31 41 51 61 71 81 91 16 26 36 46 56 66 76 86 96 17 27 37 47 57 67 77 87 97 8 18 28 38 48 58 68 78 88 98
55 56
55 54
45 46
45 44
35 36
35 34
25 26
25 24
15 16
15 14
65 66
65 64
75 76
75 74
85 86
85 84
95 94
95 96
14 13
14 24
24 23
24 34
34 33
34 44
44 43
44 54
54 53
54 64
64 63
64 74
74 73
74 84
84 83
84 94
94 93
3 2
3 13
13 12
23 22
33 32
43 42
53 52
63 62
73 72
83 82
93 92
2 1
12 11
22 21
32 31
42 41
52 51
62 61
72 71
82 81
92 91
16 17
26 27
36 37
46 47
56 57
66 67
76 77
86 87
96 97
17 18
27 28
37 38
47 48
57 58
67 68
77 78
87 88
97 98
8 18