55 54 53 52 51 56 57 58 50 48 38 37 36 35 34 33 32 31 28 18 17 16 15 14 13 12 11 10 68 78 77 76 75 74 73 72 71 81 91 94 95 96 97 98 88 27 47 67 19 46 66 45 44 65 26 87 89 29 79 39 69 49 59
55 54
55 56
54 53
53 52
52 51
51 50
56 57
57 58
58 68
58 48
58 59
48 47
48 38
48 49
38 37
38 28
38 39
37 36
36 35
35 34
34 33
33 32
32 31
28 27
28 18
28 29
18 17
18 19
17 16
16 15
15 14
14 13
13 12
12 11
11 10
68 67
68 78
68 69
78 77
78 88
78 79
77 76
76 75
75 74
74 73
73 72
72 71
71 81
81 91
94 95
95 96
96 97
97 98
98 88
88 87
88 89
27 26
47 46
67 66
46 45
66 65
45 44