78 77 76 75 74 73 72 71 70 68 58 57 56 55 54 53 52 51 48 38 37 36 35 34 33 32 31 30 11 12 13 14 15 16 17 18 19 1 88 98 97 96 95 94 93 92 91 22 47 67 87 46 66 86 45 65 44 64 28 27 26 29 59 39 69 89 79 25 49
78 77
78 88
78 68
78 79
77 76
76 75
75 74
74 73
73 72
72 71
71 70
68 67
68 58
68 69
58 57
58 48
58 59
57 56
56 55
55 54
54 53
53 52
52 51
48 47
48 38
48 49
38 37
38 28
38 39
37 27
37 36
36 26
36 35
35 34
34 33
33 32
32 31
32 22
31 30
11 1
11 12
12 13
13 14
14 15
15 16
16 26
17 27
18 19
18 28
88 98
88 87
88 89
98 97
97 96
96 95
95 94
94 93
93 92
92 91
47 46
67 66
87 86
46 45
66 65
45 44
65 64
28 29
26 25