78 76 74 73 72 71 70 68 58 57 56 55 54 53 52 51 48 38 37 36 35 32 31 30 21 11 13 14 15 16 17 18 19 1 88 98 96 95 94 93 92 91 45 47 46 26 64 44 34 67 66 33 23 69 77 75 65 86 87 85 27 39 25 63 43 59 49
78 77
76 75
76 66
76 77
76 86
74 73
74 75
73 72
72 71
71 70
68 69
68 67
58 57
58 59
57 56
56 66
56 55
56 46
55 54
54 53
53 52
52 51
48 47
48 49
38 37
38 39
37 36
36 26
36 35
36 46
35 34
32 31
32 33
31 30
31 21
21 11
11 1
13 14
14 15
15 16
16 17
16 26
17 18
18 19
88 98
88 87
96 95
96 86
95 94
94 93
93 92
92 91
45 46
45 44
47 46
26 27
26 25
64 65
64 63
44 43
34 33
67 66
66 65
33 23
86 85
86 87