78 74 73 72 71 70 68 58 57 56 55 54 53 52 51 48 38 37 36 35 34 33 32 31 30 21 11 13 14 15 16 17 18 19 1 88 98 97 96 95 94 93 92 91 26 25 24 22 46 45 65 23 66 64 27 47 44 67 43 63 28 75 49 77 69 42 59 76 39 62
78 88
78 68
74 73
74 64
73 72
72 71
71 70
68 67
68 69
58 57
58 59
57 56
56 66
56 55
56 46
55 54
54 53
53 52
52 51
48 47
48 49
38 37
38 39
37 36
36 26
36 35
36 46
35 25
35 34
34 24
34 33
33 23
33 32
32 31
31 30
21 11
21 22
11 1
13 23
14 24
15 25
16 26
17 18
17 27
18 19
88 98
98 97
97 96
96 95
95 94
94 93
93 92
92 91
26 27
22 23
46 47
46 45
45 44
65 64
65 66
65 75
66 67
66 76
64 63
27 28
44 43
67 77
43 42
63 62