48 24 14 42 32 45 55 36 26 86 83 22 12 52 62 84 11 88 98 46 56 25 15 35 73 54 64 63 38 28 74 16 53 41 78 31 13 82 18 8 44 34 47 65 66 76 43 81 91 33 85 68 75 72 71 10 51 23 50 58 30 39 59 40 49 57 37
48 47
48 38
48 58
48 49
24 14
24 34
42 43
42 52
42 32
42 41
32 22
32 31
45 35
45 44
45 46
45 55
55 65
36 46
36 26
26 16
86 76
83 73
22 12
12 11
52 62
52 51
62 72
84 74
11 10
88 98
88 78
46 47
46 56
56 66
25 15
25 35
73 63
54 64
54 44
64 74
63 53
38 28
38 39
28 18
53 43
41 40
78 68
31 30
13 23
82 81
82 72
18 8
44 34
44 43
47 57
47 37
65 75
66 76
43 33
81 91
33 23
85 75
68 58
72 71
51 50
58 59