0 1 2 3 4 5 6 10 11 14 8 27 38 15 16 22 25 24 33 35 32 41 43 46 47 49 44 45 50 52 53 56 48 57 58 59 54 60 64 66 67 69 62 68 71 74 76 98 72 80 84 86 89 81 82 83 88 92 93 85 94 90 7 70 23 30 31 40 51 42 26
0 1
0 11
0 10
1 2
2 3
3 4
4 14
5 14
5 6
6 7
11 22
14 15
14 23
8 27
27 16
38 47
15 16
15 25
15 26
25 24
25 35
24 33
33 32
35 46
32 41
32 42
41 52
41 50
41 30
41 31
41 40
41 51
43 52
46 45
46 56
47 56
49 59
44 45
44 53
50 60
56 67
48 57
48 58
57 67
58 69
59 69
54 64
60 71
64 74
66 76
66 67
67 68
67 98
62 71
71 80
71 72
71 70
74 84
76 86
98 88
72 84
80 81
80 90
89 88
81 82
82 83
83 93
83 92
93 94
85 94