25 24 33 32 41 52 43 35 46 56 47 67 57 66 68 55 38 54 64 74 27 8 84 72 15 14 4 5 6 76 86 71 62 80 81 45 44 53 48 58 69 59 49 82 83 92 93 94 85 98 88 89 3 2 1 0 11 10 20 16 7 96 23 77 75 26 87 97 65
25 24
25 35
25 15
24 33
33 32
32 41
41 52
52 43
35 46
46 45
46 56
56 67
56 47
47 38
67 57
67 68
67 98
67 66
57 48
66 55
66 76
66 65
55 54
54 64
64 74
74 84
27 8
27 16
84 72
72 71
15 14
15 16
15 26
14 4
14 5
14 23
4 3
5 6
6 7
76 86
76 77
76 75
86 96
71 62
71 80
80 81
81 82
45 44
44 53
48 58
58 69
69 59
59 49
82 83
83 92
83 93
93 94
94 85
98 88
98 87
98 97
88 89
3 2
2 1
1 0
0 11
0 10
10 20