6 5 14 15 25 4 3 16 27 28 38 24 33 32 41 52 50 60 71 72 84 74 64 54 80 81 82 83 93 94 35 46 45 44 55 66 76 67 98 88 57 48 58 69 59 2 1 0 10 20 11 8 43 49 53 62 68 85 86 89 92 77 65 23 26 61 90 42 70 51 31 30 40
6 5
5 14
14 15
14 4
14 23
15 25
15 16
15 26
25 24
25 35
4 3
3 2
16 27
27 28
27 8
28 38
24 33
33 32
32 41
32 42
41 52
41 50
41 51
41 31
41 30
41 40
52 43
50 60
60 71
71 80
71 62
71 72
71 70
72 84
84 74
74 64
64 54
54 55
80 81
80 90
81 82
82 83
83 93
83 92
93 94
94 85
35 46
46 45
45 44
44 53
55 66
66 67
66 76
66 65
76 86
76 77
67 57
67 68
67 98
98 88
88 89
57 48
48 58
58 69
69 59
59 49
2 1
1 0
0 10
0 11
10 20
62 61