81 82 50 60 27 38 33 32 88 89 41 52 45 44 80 67 68 46 84 74 3 2 57 48 86 58 71 94 85 69 59 25 15 49 35 24 14 5 4 10 56 47 83 0 11 64 54 6 98 66 76 72 53 93 92 43 8 16 1 22 62 90 7 70 23 30 31 51 40 42 26
81 82
81 80
82 83
50 60
50 41
60 71
27 8
27 16
38 47
33 32
33 24
32 41
32 42
88 89
88 98
41 52
41 30
41 31
41 51
41 40
52 43
45 44
45 46
44 53
80 71
80 90
67 68
67 57
67 56
67 98
67 66
46 35
46 56
84 74
84 72
74 64
3 2
3 4
2 1
57 48
48 58
86 76
58 69
71 62
71 72
71 70
94 85
94 93
69 59
59 49
25 15
25 24
25 35
15 14
15 16
15 26
14 5
14 4
14 23
5 6
10 0
56 47
83 93
83 92
0 1
0 11
11 22
64 54
6 7
66 76