8 4 10 16 9 18 23 12 7 30 33 34 2 37 3 39 15 19 40 41 20 43 0 45 46 17 49 51 52 53 56 57 59 60 62 63 64 65 66 67 38 68 11 73 74 14 77 79 80 81 85 87 89 90 91 97 44 82 28 70 36 95 96 83 22 1 88
8 4
8 10
8 67
4 65
4 45
10 89
10 51
16 9
16 18
16 90
23 12
23 33
23 56
12 43
7 34
30 37
34 97
2 68
2 36
37 3
3 53
39 19
39 15
15 90
15 49
19 59
40 91
40 80
40 1
41 20
41 63
20 85
20 60
0 53
0 44
45 82
46 17
46 22
17 52
17 49
49 56
51 87
52 70
57 63
60 80
62 64
64 79
66 74
66 96
67 28
67 38
38 73
68 44
68 11
11 87
11 88
73 91
74 14
14 80
77 89
79 81
81 89
87 97
44 95
28 70
36 83