12 56 55 62 64 2 61 79 81 89 10 4 45 58 67 38 36 83 92 3 73 77 41 15 14 90 51 87 59 23 33 21 97 34 49 53 68 26 48 6 17 46 66 37 30 91 42 76 24 8 47 43 99 11 88 44 86 94 95 7 82 25 84 32 35
12 43
12 23
56 23
56 55
56 49
55 42
55 25
62 26
62 58
62 64
64 6
64 79
2 36
2 61
2 68
61 76
79 81
81 89
81 35
89 77
89 10
10 8
10 51
4 8
4 45
45 82
58 92
67 38
67 8
38 73
36 83
92 3
3 53
3 37
73 91
77 41
77 47
15 49
15 90
14 86
51 87
87 11
87 97
59 94
23 33
21 30
97 34
34 7
49 17
53 66
68 44
68 11
26 42
26 48
48 24
6 84
6 32
17 46
37 30
47 94
99 86
11 88
88 86
44 95