46 17 49 15 39 19 56 23 12 33 43 55 42 26 16 9 27 21 3 53 0 62 41 36 2 64 6 4 10 45 66 67 38 68 11 70 73 1 74 14 77 79 83 82 81 89 90 28 58 92 51 48 87 97 44 8 34 25 84 32 57 35
46 17
17 49
49 15
49 56
15 39
15 90
39 19
56 23
56 55
23 12
23 33
12 43
55 42
55 25
42 26
42 57
26 48
26 62
16 9
16 90
9 27
27 21
3 53
3 92
53 66
53 0
62 58
62 64
41 77
36 2
36 83
2 68
64 6
64 79
6 84
6 32
4 45
4 8
10 89
10 8
10 51
45 82
66 74
67 38
67 8
67 28
38 73
68 44
68 11
11 87
70 28
1 83
74 14
77 89
79 81
81 89
81 35
58 92
51 87
87 97
97 34