71 19 39 95 18 16 24 48 26 7 27 2 94 21 33 83 1 73 44 0 47 28 77 41 89 34 4 55 56 23 49 17 46 14 86 88 11 36 6 10 97 12 43 66 68 42 45 87 51 53 62 64 79 81 8 67 38 3 84 82 61 35
71 19
71 95
19 39
95 44
18 16
18 24
24 48
48 7
26 42
26 62
7 34
27 21
2 36
2 68
2 61
94 47
94 21
33 23
83 1
83 36
73 38
44 68
44 0
0 53
47 77
28 67
77 89
77 41
89 10
89 81
34 97
4 8
4 45
55 56
55 42
56 49
56 23
23 12
49 17
17 46
14 86
86 88
88 11
11 68
11 87
6 64
6 84
10 8
10 51
97 87
12 43
66 53
45 82
87 51
53 3
62 64
64 79
79 81
81 35
8 67
67 38