46 15 90 16 9 86 59 94 47 18 5 83 36 60 20 44 77 68 7 34 97 4 45 8 67 79 26 37 56 12 23 87 33 43 66 78 2 80 11 14 74 0 95 88 51 10 89 81 64 62 6 38 53 42 55 3 73 28 92 82 35 61
46 78
15 90
90 78
90 16
16 9
16 18
86 88
59 94
94 47
47 77
18 5
5 83
83 36
36 2
36 60
60 20
60 80
44 95
44 0
44 68
77 89
68 11
68 2
7 34
34 97
97 87
4 8
4 45
45 82
8 10
8 67
67 38
67 28
79 64
79 81
26 62
26 42
37 3
56 23
56 55
12 43
12 23
23 33
87 11
87 51
66 53
2 61
80 14
11 88
14 74
0 53
51 10
10 89
89 81
81 35
64 6
64 62
38 73
53 3
42 55
3 92