46 17 49 15 9 39 76 24 86 19 94 47 36 71 69 60 20 77 68 34 97 65 4 45 8 67 38 73 91 64 79 53 26 42 37 12 23 87 33 43 66 50 51 11 10 2 81 88 89 92 3 0 62 61 6 44 28 95 83 7 98 35 29 58 13 82
46 17
17 49
49 15
15 39
9 76
39 19
76 24
76 61
86 88
19 71
94 47
47 77
36 60
36 2
36 83
71 69
71 95
69 12
69 29
60 20
77 89
68 2
68 44
68 11
34 65
34 97
34 7
97 87
4 45
4 8
45 82
8 67
8 10
67 38
67 28
38 73
73 91
64 6
64 62
64 79
79 81
53 66
53 3
53 0
26 42
26 62
37 3
12 43
12 23
23 33
87 51
87 11
33 50
51 10
11 88
10 89
2 61
81 89
81 35
92 3
92 58
0 44
0 98
44 95
95 13