0 1 2 5 95 7 10 15 18 20 23 25 28 30 33 35 38 40 43 45 48 50 53 55 56 60 63 65 68 70 73 75 80 82 85 86 90 92 97 12 77 87 3 88 11 13 76 78 8 6 81 84 83 4 89 98 99 96 91 94 93
0 5
0 1
0 95
1 2
1 4
2 3
5 10
5 7
95 97
95 90
7 8
7 6
10 15
10 12
15 18
15 20
20 23
20 25
25 28
25 30
30 33
30 35
35 38
35 40
40 43
45 48
45 50
50 53
50 55
55 60
55 56
60 63
60 65
65 68
65 70
70 73
70 75
75 77
75 80
80 82
80 85
82 81
82 84
82 83
85 86
85 90
86 87
86 89
90 92
92 91
92 94
92 93
97 98
97 99
97 96
12 11
12 13
77 76
77 78
87 88