99 4 9 14 19 34 39 44 49 54 59 64 69 74 79 84 45 40 35 30 25 20 15 10 86 94 82 89 96 1 66 67 71 72 76 77 61 62 91 57 81 53 52 48 47 83 46 51 78 73 63 68 50 75 55 56 58 70 60 65
99 4
99 96
99 94
4 1
4 9
9 14
14 19
34 39
39 44
44 49
49 48
49 54
54 53
54 59
59 57
59 64
64 61
64 69
69 74
69 66
74 79
74 71
79 84
79 76
84 89
84 81
45 40
45 48
40 35
35 30
30 25
25 20
20 15
15 10
86 89
94 91
94 89
82 81
82 83
66 67
66 65
67 68
71 72
71 70
72 73
76 77
76 75
77 78
61 62
61 60
62 63
57 55
57 56
57 58
53 52
53 50
52 51
48 47
47 46