97 95 99 4 9 14 19 80 75 70 15 10 94 63 58 89 46 51 71 47 67 57 56 41 62 61 42 52 32 66 27 31 68 37 53 74 36 48 43 38 33 28 26 23 22 21 18 17 45 39 35 44 40 34 25 30 29 49 50 54 20 16 24
97 95
97 99
99 94
99 4
4 9
9 14
14 19
19 18
80 75
75 70
70 71
15 10
15 18
94 89
63 62
63 66
58 61
58 57
46 47
46 43
46 45
46 49
51 48
51 52
51 50
51 54
71 74
71 68
47 48
67 66
67 68
57 56
56 53
41 38
41 42
41 44
41 40
62 61
42 43
52 53
32 31
32 33
27 28
27 26
31 28
31 34
37 38
37 36
36 33
36 39
36 35
33 30
28 25
28 29
26 23
23 22
23 20
23 24
22 21
21 18
18 17
17 16