95 0 3 4 5 10 15 20 25 30 35 40 45 50 55 60 65 70 73 75 78 80 85 88 89 90 12 17 22 27 32 37 42 47 52 57 62 66 61 63 26 28 31 56 58 33 53 54 51 38 39 36 48 49 46 43 44 41
95 0
0 3
0 5
3 4
5 10
10 12
10 15
15 17
15 20
20 22
20 25
25 27
25 30
30 32
30 35
35 37
35 40
40 45
40 42
45 50
45 47
50 55
50 52
55 60
55 57
60 65
60 62
65 70
65 66
70 73
70 75
75 78
75 80
80 85
85 88
85 90
88 89
27 26
27 28
32 31
32 33
37 38
37 39
37 36
42 43
42 44
42 41
47 48
47 49
47 46
52 53
52 54
52 51
57 56
57 58
62 61
62 63