94 79 74 69 64 59 54 49 6 0 95 90 85 80 65 60 55 50 45 7 41 42 36 37 31 32 26 27 21 22 16 17 11 12 3 92 8 13 18 23 28 33 38 43 46 47 48 10 14 44 40 15 19 24 39 35 20 29 30 34 25
94 92
79 74
74 69
69 64
64 59
59 54
54 49
49 46
6 3
6 7
0 95
0 3
95 90
90 85
90 92
85 80
65 60
60 55
55 50
50 45
45 46
7 8
41 42
41 38
41 44
41 40
42 43
36 37
36 33
36 39
36 35
37 38
31 32
31 28
31 30
31 34
32 33
26 23
26 27
26 29
27 28
21 18
21 22
21 24
22 23
16 13
16 17
17 18
11 8
11 12
12 13
13 10
13 14
18 15
18 19
23 20
28 25
43 46
46 47
47 48