94 89 84 79 74 69 64 59 54 49 44 39 34 29 24 19 14 9 4 2 7 12 17 27 32 37 42 47 52 57 62 72 77 82 87 93 96 99 21 26 31 36 41 46 51 56 61 66 28 63 33 58 38 53 43 48 55 35 50 40 45
94 93
94 89
89 87
89 84
84 82
84 79
79 77
79 74
74 72
74 69
69 66
69 64
64 59
64 61
59 56
59 54
54 51
54 49
49 44
49 46
44 39
44 41
39 34
39 36
34 29
34 31
29 24
29 26
24 21
24 19
19 17
19 14
14 12
14 9
9 7
9 4
4 2
4 99
27 26
27 28
32 31
32 33
37 36
37 38
42 41
42 43
47 46
47 48
52 51
52 53
57 56
57 58
62 61
62 63
96 99
36 35
41 40
46 45
51 50
56 55