97 95 99 4 9 14 19 24 29 34 39 44 49 54 59 64 69 74 79 84 83 70 25 20 15 10 86 94 89 62 52 27 58 26 47 41 46 66 67 73 57 36 32 31 37 42 61 56 51 35 55 45 43 28 63 40 48 53 38 33 68 50
97 95
97 99
99 94
4 9
9 14
14 19
19 24
24 29
29 34
29 26
34 39
34 31
39 36
39 44
44 49
44 41
49 54
49 46
54 59
54 52
59 64
59 58
64 69
64 61
69 66
69 74
74 73
74 79
79 84
84 83
84 89
70 73
25 20
25 26
20 15
15 10
86 89
94 89
62 61
62 63
52 51
52 53
52 50
27 26
27 28
58 57
58 55
47 46
47 48
41 42
41 40
46 45
66 67
67 68
57 56
36 37
36 35
32 31
32 33
37 38
42 43