97 95 99 4 9 24 29 34 39 44 49 54 59 64 69 74 79 84 83 30 25 20 15 10 86 94 89 36 37 41 42 46 47 51 52 56 57 61 62 66 67 71 72 76 32 38 73 43 68 48 63 53 58 65 45 60 50 55
97 95
97 99
99 94
99 4
4 9
24 29
29 34
34 32
34 39
39 44
39 36
44 49
44 41
49 46
49 54
54 51
54 59
59 64
59 56
64 69
64 61
69 74
69 66
74 79
74 71
79 84
79 76
84 83
84 89
30 25
30 32
25 20
20 15
15 10
86 89
94 89
36 37
37 38
41 42
42 43
46 47
46 45
47 48
51 52
51 50
52 53
56 57
56 55
57 58
61 62
61 60
62 63
66 67
66 65
67 68
71 72
72 73