85 30 35 75 70 0 2 50 55 13 45 47 10 80 28 60 81 20 87 5 7 40 8 15 17 65 95 97 12 90 49 1 96 22 58 25 32 63 77 38 71 68 92 11 23 21 98 6 86 88 3 18 16 91 93 94 14 99 9 4
85 80
85 87
85 90
30 32
30 35
30 25
35 38
35 40
75 77
75 80
75 70
70 71
70 65
0 95
0 5
0 1
2 1
2 3
50 45
55 58
55 60
13 12
13 10
13 14
45 47
45 40
47 49
10 15
10 5
80 81
28 25
60 63
60 65
20 25
20 22
20 15
87 86
87 88
5 8
7 8
7 6
8 9
15 17
17 18
17 16
65 68
95 90
95 96
97 96
97 98
12 11
90 92
1 4
96 99
22 23
22 21
92 91
92 93
92 94