49 48 1 3 4 5 6 7 8 47 46 45 44 43 42 41 40 39 38 37 36 35 34 33 30 29 28 27 26 25 24 23 22 21 20 19 50 51 52 53 54 55 56 57 58 59 60 61 62 63 64 65 66 67 68 69 70 71 72 73 74 75 76 77 78 79 80 81 82 83 84 85 86 87 88 89 90 91 92 93 94 95 96 97 18 17 12 13 98 10 9 31 32 16 15 14 11 0 2
49 50
49 1
49 48
49 3
49 2
48 47
1 0
3 4
4 5
5 6
6 7
7 8
8 9
47 46
46 45
45 44
44 43
43 42
42 41
41 40
40 39
39 38
38 37
37 36
36 35
35 34
34 33
33 32
30 29
30 31
29 28
28 27
27 26
26 25
25 24
24 23
23 22
22 21
21 20
20 19
19 18
50 51
51 52
52 53
53 54
54 55
55 56
56 57
57 58
58 59
59 60
60 61
61 62
62 63
63 64
64 65
65 66
66 67
67 68
68 69
69 70
70 71
71 72
72 73
73 74
74 75
75 76
76 77
77 78
78 79
79 80
80 81
81 82
82 83
83 84
84 85
85 86
86 87
87 88
88 89
89 90
90 91
91 92
92 93
93 94
94 95
95 96
96 97
97 98
18 17
17 12
17 16
12 13
13 10
13 15
13 14
10 9
10 11