64 65 6 7 62 63 50 51 10 13 66 67 46 45 22 23 57 58 24 25 52 60 61 68 69 40 39 26 27 91 92 95 96 44 56 5 89 90 70 59 8 79 80 21 38 37 41 86 87 98 54 55 4 49 3 85 81 97 77 78 33 9 28 20 73 74 43 42 88 82 83 36 93 48 53 47 34 94 1 84 17 18 76 35 71 75 72 19 29 30 12 31 32 16 14 15 11 0 2
64 65
64 63
65 66
6 7
6 5
7 8
62 63
62 61
50 51
50 49
51 52
10 9
10 13
10 11
13 12
13 14
13 15
66 67
67 68
46 47
46 45
45 44
22 23
22 21
23 24
57 58
57 56
58 59
24 25
25 26
52 53
60 61
60 59
68 69
69 70
40 41
40 39
39 38
26 27
27 28
91 92
91 90
92 93
95 96
95 94
96 97
44 43
56 55
5 4
89 90
89 88
70 71
8 9
79 80
79 78
80 81
21 20
38 37
37 36
41 42
86 87
86 85
87 88
98 97
54 55
54 53
4 3
49 1
49 48
49 3
49 2
85 84
81 82
77 78
77 76
33 34
33 32
28 29
20 19
73 74
73 72
74 75
43 42
82 83
83 84
36 35
93 94
48 47
34 35
1 0
17 18
17 12
17 16
18 19
76 75
71 72
29 30
30 31