32 92 21 81 91 97 24 35 29 17 85 11 34 1 70 46 55 86 94 84 87 22 66 77 48 73 44 13 88 51 54 74 16 5 23 31 43 15 36 12 78 20 28 59 53 79 33 30 2 40 45 42 10 26 64 69 90 57 63 93 61 99 37 9 83 39 49 68 8 25 95 76 60 50 82 89 38 80 7 96 62 0 19 52 67 6 18 75 41 71 56 58 4 3 65 98 14 27
32 92
32 8
92 52
21 81
21 96
81 73
91 97
91 49
97 70
24 35
24 39
35 2
29 17
29 3
17 77
85 11
85 46
11 66
34 1
34 62
1 59
70 43
46 48
55 86
55 27
86 67
94 84
94 77
84 65
87 22
87 31
22 25
66 93
48 39
73 64
44 13
44 16
13 3
88 51
88 65
51 83
54 74
54 18
74 15
16 79
5 23
5 9
23 50
31 26
43 99
15 78
36 12
36 63
12 53
20 28
20 45
28 75
59 79
53 9
33 30
33 0
30 42
2 62
40 45
40 14
42 10
10 27
26 76
64 4
69 90
69 60
90 49
57 63
57 38
93 61
61 14
99 37
37 96
83 19
68 8
68 7
25 95
95 41
76 58
60 52
50 58
82 89
82 56
89 38
80 7
80 98
0 75
19 98
67 56
6 18
6 71
41 71