95 94 92 82 81 70 69 71 64 65 66 63 62 61 72 76 77 73 80 25 24 23 22 21 20 19 18 26 27 28 29 17 16 15 14 13 12 11 10 9 8 7 6 5 4 3 2 1 0 59 45 37 36 35 34 33 32 91 38 39 40 41 90 68 67 56 42 84 83 53 86 49 58 57 52 51 47 46 54 55 88 48 50
95 94
94 92
92 82
82 81
81 70
70 71
70 69
69 64
71 72
64 63
64 65
65 66
66 67
63 62
62 61
61 80
72 76
72 73
76 77
25 26
25 24
24 23
23 22
22 21
21 20
20 19
19 18
18 17
26 27
27 28
28 29
17 16
16 15
15 14
14 13
13 12
12 11
12 68
11 10
10 9
9 8
8 7
7 6
6 5
5 4
4 3
3 2
2 1
1 0
0 45
0 59
0 91
59 56
59 53
59 49
59 58
59 57
59 52
59 51
59 47
59 46
59 54
59 55
59 48
59 50
37 36
37 38
36 35
35 34
34 33
33 32
91 90
38 39
38 84
39 83
39 40
40 41
40 90
41 42
68 67
84 88
83 86