37 54 69 70 87 66 83 98 99 18 27 26 17 45 93 28 30 62 15 14 19 96 13 55 46 43 4 48 2 1 11 3 9 7 76 49 80 31 64 33 84 34 53 41 52 36 72 12 8 50 5 6 59 88 60 22 63 61 56 67 75 51 47
37 54
37 69
54 67
70 87
70 66
70 83
87 98
87 99
66 56
98 62
18 27
18 26
18 17
18 45
18 93
27 80
26 31
17 28
45 22
28 30
62 61
15 14
15 19
15 96
19 13
19 55
96 67
13 75
55 46
55 88
55 60
55 22
55 63
46 43
4 48
4 2
4 1
4 11
2 76
1 5
1 88
11 51
3 9
3 7
3 76
7 49
49 8
64 33
64 84
64 34
33 53
84 72
53 22
41 52
52 36
52 72
36 59
12 8
12 50
5 6
60 61
61 47