64 77 17 22 2 89 85 19 81 46 87 71 86 1 54 23 0 9 29 65 11 58 74 10 92 80 26 73 43 49 67 70 7 44 36 37 90 16 20 39 83 27 52 21 69 34 4 40 42 45 79 55 48 50 31 47 57 95 13 78 82 96 14 51 15 68 53 61 60 75
64 77
64 17
64 22
64 2
77 89
77 85
17 71
22 78
22 82
2 68
19 81
81 48
46 87
46 71
46 86
87 1
1 40
54 23
54 0
23 9
23 29
23 65
0 58
0 70
9 79
9 14
29 42
11 58
11 74
11 10
58 92
58 20
58 34
74 26
74 73
92 80
26 43
49 67
49 70
49 7
67 44
70 68
36 37
36 90
36 16
36 20
37 39
16 53
16 61
20 52
39 31
83 27
83 52
27 21
21 69
4 40
40 47
42 45
55 48
55 50
55 31
57 95
57 13
13 78
78 75
82 96
14 51
14 15
60 75