25 38 0 96 75 77 74 81 97 95 82 76 84 92 90 85 86 34 36 87 78 69 80 91 73 79 89 68 83 71 94 72 98 70 32 99 88 39 26 44 30 51 31 42 93 18 6 20 43 60 57 52 59 22 15 23 12 2 4 19 28 54 64 58 7 65
25 38
38 0
38 64
38 7
38 65
0 96
0 75
0 77
0 74
0 81
0 97
0 95
0 82
0 76
0 84
0 92
0 90
0 85
0 86
0 34
0 36
0 87
0 78
0 69
0 80
0 91
0 73
0 79
0 89
0 68
0 83
0 71
0 94
0 72
0 98
0 70
0 32
0 99
0 88
81 19
95 39
82 20
84 22
85 23
86 26
36 51
36 31
36 42
36 93
36 18
36 6
87 30
44 30
30 2
51 43
51 60
57 52
57 59
57 22
59 15
23 12
12 28
4 19
28 54
64 58