0 1 10 2 11 20 3 14 13 7 8 9 19 18 29 12 30 21 27 28 17 39 40 31 22 23 24 32 38 49 41 50 35 36 37 59 48 42 60 51 44 45 43 46 47 52 69 58 70 61 53 54 57 79 68 62 80 63 66 67 77 76 89 90 81 73 99 82 91 83 86 98 92 93 94 97
0 1
0 10
1 2
10 11
10 20
2 3
11 12
20 30
20 21
14 13
13 12
7 8
8 9
9 19
19 18
19 29
18 17
29 28
29 39
30 40
30 31
27 28
39 38
39 49
40 41
40 50
31 22
31 32
22 23
23 24
38 37
49 59
49 48
41 42
50 60
50 51
35 36
36 37
59 69
59 58
48 47
60 70
60 61
51 45
51 52
44 45
44 43
45 46
46 47
52 53
69 79
69 68
58 57
70 80
61 62
53 54
79 89
68 67
62 63
80 90
80 81
80 73
66 67
66 77
77 76
89 99
90 91
81 82
99 86
99 98
82 83
91 92
98 97
92 93
93 94