71 72 70 69 20 21 19 22 23 24 5 6 4 7 76 77 75 74 80 81 79 78 8 9 66 67 16 17 15 18 62 63 61 60 3 82 45 46 44 47 28 29 27 30 0 1 99 2 13 14 12 25 26 57 58 56 55 87 88 86 85 33 34 32 35 11 10 31 52 53 51 54 73 68 40 41 39 42 48 49 50 98 97 96 36 37 38 59 91 92 90 89 43 95 84 83 94 93
71 72
71 70
72 73
70 69
69 68
20 21
20 19
21 22
19 18
22 23
23 24
24 25
5 6
5 4
6 7
4 3
7 8
76 77
76 75
77 78
75 74
74 73
80 81
80 79
81 82
79 78
8 9
9 10
66 67
67 68
16 17
16 15
17 18
15 14
62 63
62 61
61 60
60 59
3 2
82 83
45 46
45 44
46 47
44 43
47 48
28 29
28 27
29 30
27 26
30 31
0 1
0 99
1 2
99 98
13 14
13 12
12 11
25 26
57 58
57 56
58 59
56 55
55 54
87 88
87 86
88 89
86 85
85 84
33 34
33 32
34 35
32 31
35 36
11 10
52 53
52 51
53 54
51 50
40 41
40 39
41 42
39 38
42 43
48 49
49 50
98 97
97 96
96 95
36 37
37 38
91 92
91 90
92 93
90 89
95 94
84 83
94 93