55 45 35 25 15 8 10 11 12 13 17 18 27 28 37 38 40 41 42 43 47 48 53 54 56 57 58 61 62 63 64 65 66 67 68 75 80 81 82 83 84 85 86 87 88 89 14 16 44 46 34 36 26 52 33 76 74 24
55 45
55 56
55 65
55 54
45 44
45 46
45 35
35 34
35 36
35 25
25 15
25 26
25 24
15 14
15 16
8 18
10 11
11 12
12 13
13 14
17 18
17 16
27 28
27 26
37 38
37 36
40 41
41 42
42 43
43 44
47 48
47 46
53 54
53 52
56 57
57 58
61 62
62 63
63 64
64 65
65 66
65 75
66 67
67 68
75 85
75 76
75 74
80 81
81 82
82 83
83 84
84 85
85 86
86 87
87 88
88 89
34 33