79 78 62 63 61 64 60 72 99 73 33 71 26 70 69 51 50 6 77 98 97 96 27 28 35 36 34 37 88 4 89 87 90 5 3 59 20 66 21 19 95 25 7 58 57 56 67 22 23 55 54 17 16 18 15 92 91 10 38 45 46 44 68 76 32 84 31 83 82 74 12 11 49 24 65 75
79 78
78 77
62 63
62 61
63 64
61 60
61 72
64 6
60 34
60 59
60 20
60 66
72 99
72 73
72 33
72 71
99 98
73 74
33 32
71 26
71 70
26 27
26 25
70 69
69 68
51 50
50 90
50 49
6 7
77 67
77 76
98 97
97 96
96 95
27 28
35 36
35 34
36 37
37 38
88 4
88 89
88 87
4 5
4 3
89 90
90 91
90 45
5 67
59 58
20 21
20 19
66 65
21 22
58 57
57 56
56 55
67 68
22 23
23 18
23 24
55 54
17 16
17 18
16 15
92 91
92 10
10 11
45 46
45 44
76 75
32 84
32 31
84 83
83 82
12 11