4 2 6 19 3 20 1 14 0 11 17 8 16 18 15 76 53 13 9 10 29 26 24 27 7 12 5 55 58 78 23 22 28 21 25 30 31 32 33 34 35 36 37 38 39 40 50 56 63 51 61 57 59 54 60 64 52 62 79 71 65 66 70 72 73 74 69 67 68 75 77 85 99 96 91 95 94 97 86 92 90 89
4 2
4 6
4 19
2 1
2 18
2 15
6 7
3 20
3 1
3 14
3 0
3 11
20 29
20 26
20 24
20 27
1 17
1 8
1 16
14 9
17 76
17 53
17 13
18 10
76 78
53 55
53 58
13 12
29 23
29 30
26 21
26 25
7 5
55 63
55 51
55 61
58 50
58 60
58 64
58 52
78 79
78 71
78 65
78 66
78 70
78 72
78 73
78 74
23 22
23 28
30 31
31 32
32 33
33 34
34 35
35 36
36 37
37 38
38 39
39 40
50 56
56 57
56 59
56 54
63 62
79 69
79 67
79 68
79 75
79 77
69 85
85 99
85 96
85 91
99 97
99 86
96 95
96 90
91 94
91 92
92 89