67 68 66 69 25 24 26 23 58 59 57 60 77 78 76 79 72 73 71 74 22 93 94 92 95 86 87 85 88 3 2 4 1 14 13 15 12 75 39 38 40 37 10 9 11 8 50 51 49 52 31 30 32 29 48 63 64 62 65 33 34 70 89 90 91 5 53 56 36 16 17 96 97 98 41 28 54 55 47 46 27 44 43 45 42 83 84 82 7 6 35 81 80 20 19 21 18 61
67 68
67 66
68 69
66 65
69 70
25 24
25 26
24 23
26 27
23 22
58 59
58 57
59 60
57 56
60 61
77 78
77 76
78 79
76 75
79 80
72 73
72 71
73 74
71 70
74 75
22 21
93 94
93 92
94 95
92 91
95 96
86 87
86 85
87 88
85 84
88 89
3 2
3 4
2 1
4 5
14 13
14 15
13 12
15 16
12 11
39 38
39 40
38 37
40 41
37 36
10 9
10 11
9 8
8 7
50 51
50 49
51 52
49 48
52 53
31 30
31 32
30 29
32 33
29 28
48 47
63 64
63 62
64 65
62 61
33 34
34 35
89 90
90 91
5 6
53 54
56 55
36 35
16 17
17 18
96 97
97 98
41 42
28 27
54 55
47 46
46 45
44 43
44 45
43 42
83 84
83 82
82 81
7 6
81 80
20 19
20 21
19 18