2 9 5 14 8 10 19 12 13 17 15 24 16 18 49 20 21 26 25 30 31 39 32 48 33 36 37 38 29 40 74 41 42 43 46 47 51 57 52 50 54 55 53 64 56 73 58 59 60 62 63 61 65 99 66 67 68 70 71 69 72 76 82 75 79 80 81 89 98 83 87 88 90 94 95 96 97
2 9
9 8
9 10
5 14
14 15
10 19
19 18
19 20
12 13
12 17
17 16
17 18
15 24
15 16
18 49
49 48
20 21
26 25
25 30
30 31
30 39
31 32
31 48
39 38
39 40
32 33
48 47
36 37
37 38
38 29
40 74
40 41
74 73
41 42
42 43
46 47
51 57
51 52
57 56
57 58
50 54
50 55
54 53
55 64
55 56
64 63
64 65
56 73
73 72
58 59
59 60
62 63
62 61
65 99
65 66
99 98
66 67
67 68
70 71
70 69
71 72
76 82
82 81
82 83
75 79
75 80
80 81
80 89
81 98
89 88
89 90
98 97
87 88
94 95
95 96
96 97