43 42 53 52 32 51 50 73 74 85 75 76 95 86 84 83 94 77 67 57 56 48 47 37 46 58 38 49 59 68 39 25 24 23 15 14 13 4 16 5 3 22 6 2 17 18 28 12 11 21 69 79 89 99 98 29 19 9 78 88 87 93 92 91 90 80 1 0 10 20 82 81
43 42
42 32
42 51
42 52
53 52
32 22
51 50
73 74
74 85
85 95
85 86
85 84
75 76
76 77
95 94
86 87
84 83
83 82
94 93
77 67
67 57
57 56
57 48
48 38
48 49
48 58
47 37
47 46
47 58
58 59
58 68
38 28
49 39
59 69
68 78
39 29
25 24
24 23
24 15
23 22
15 14
15 16
15 5
14 13
14 4
13 12
4 3
16 17
5 6
3 2
2 1
17 18
18 28
12 11
11 21
69 79
79 89
89 99
99 98
29 19
19 9
78 88
88 87
93 92
92 91
91 90
90 80
1 0
0 10
10 20
82 81