34 33 24 44 35 14 25 23 26 27 29 18 95 94 19 22 21 11 12 32 20 47 48 57 72 63 82 81 80 77 88 87 66 89 58 56 84 64 74 54 75 41 42 55 5 6 15 52 51 53 65 68 13 43 45 61 10
34 33
34 24
34 44
34 35
33 22
24 14
24 25
24 23
44 54
44 43
44 45
14 13
25 26
25 15
26 27
27 29
27 18
18 19
95 94
94 84
22 21
22 11
22 12
22 32
21 20
11 10
47 48
47 57
57 58
57 56
72 63
72 82
72 81
63 64
81 80
77 88
77 87
77 66
88 89
66 56
58 68
56 55
84 74
64 74
64 54
74 75
54 53
54 55
41 42
42 43
55 65
5 6
5 15
52 51
52 53
51 61