2 3 4 13 10 6 21 7 15 27 25 18 32 19 20 24 33 22 34 35 39 41 38 44 40 45 43 54 51 46 48 47 49 50 52 61 55 53 59 56 65 58 57 67 64 73 77 70 76 71 81 79 88 85 89 99 86 91 90 97 96
2 3
3 4
4 13
13 10
13 21
10 6
6 7
21 20
15 27
15 25
25 24
18 32
18 19
19 33
19 22
19 20
24 22
33 34
33 35
34 39
35 41
39 38
41 44
41 40
44 45
44 43
44 54
45 51
45 46
45 48
51 49
46 47
49 50
50 52
52 61
52 55
52 53
55 59
55 56
59 65
59 58
65 67
65 64
58 57
67 73
73 77
77 71
77 79
77 88
70 76
70 71
76 81
88 85
88 89
89 99
89 86
99 97
86 91
91 90
97 96