0 98 97 88 73 94 81 89 68 79 69 76 80 67 95 96 78 66 74 71 92 86 30 75 4 87 90 91 93 99 40 70 77 82 83 84 32 48 29 7 8 12 20 33 36 39 41 42 46 22 2 57 61 63 56 6 31 11 59 38 15 49
0 98
0 97
0 88
0 73
0 94
0 81
0 89
0 68
0 79
0 69
0 76
0 80
0 67
0 95
0 96
0 78
0 66
0 74
0 71
0 92
0 86
0 30
0 75
0 4
0 87
0 90
0 91
0 93
0 99
0 40
0 70
0 77
0 82
0 83
0 84
97 46
94 41
89 36
68 7
69 8
95 42
71 12
92 39
86 33
30 32
75 20
4 48
4 29
48 63
48 56
20 38
33 15
39 57
39 49
46 22
2 57
57 61
61 31
6 31
11 59
11 38