2 4 6 8 11 12 17 14 18 20 23 24 22 26 29 30 25 32 35 34 36 31 40 38 37 41 42 44 47 46 48 43 53 54 52 49 56 59 58 60 55 62 65 64 66 71 68 72 77 74 78 80 83 84 86 89 90 92 94 27 33 39 45 50 51 57
2 4
4 6
6 8
6 11
11 12
12 17
12 14
17 18
18 20
20 22
23 24
23 22
24 26
24 29
26 27
29 30
29 25
30 32
30 35
30 34
32 33
35 36
35 31
36 40
36 38
40 37
38 39
37 41
41 42
42 44
42 47
42 46
44 45
47 48
47 43
48 53
53 54
53 52
53 49
54 56
54 59
54 58
52 50
56 57
59 60
59 55
60 62
60 65
60 64
65 66
66 71
66 68
71 72
72 77
72 74
77 78
78 80
78 83
83 84
84 86
84 89
89 90
90 92
92 94
50 51