75 78 74 71 45 43 48 46 51 50 49 17 20 14 56 54 59 58 22 23 26 53 57 55 9 12 8 40 39 42 44 38 37 69 68 66 27 29 28 13 11 64 98 2 52 86 89 83 82 80 47 62 60 63 31 5 7 36 34 33 35 32 61 91 30 41
75 78
75 74
78 80
74 71
71 69
45 43
45 48
45 46
43 40
43 44
48 51
48 50
48 49
46 47
51 53
17 20
17 14
20 22
14 11
56 54
56 59
56 58
54 53
54 57
54 55
22 23
23 26
26 27
53 52
57 60
9 12
9 8
12 13
8 7
40 39
40 42
39 38
39 36
42 41
38 37
69 68
68 66
66 64
27 29
27 28
29 31
13 11
64 62
98 2
2 5
86 89
86 83
89 91
83 82
82 80
62 60
62 63
60 61
31 33
31 30
5 7
36 34
34 33
33 35
33 32