30 31 29 48 32 60 65 64 45 34 35 80 78 6 72 1 69 53 54 3 4 2 90 91 89 84 27 28 26 61 20 19 21 18 22 49 50 23 96 24 95 57 56 5 41 40 42 0 99 9 10 8 85 11 7 37 36 76 75 67 13 14 12 15 17 86 83 16
30 31
30 29
31 48
31 32
31 60
29 28
29 76
48 49
32 54
60 61
65 64
65 45
45 56
34 35
34 80
34 78
35 36
78 6
6 5
6 7
72 1
72 69
1 2
1 0
1 99
53 54
3 4
3 2
4 90
4 20
4 57
4 5
90 91
89 84
84 83
84 85
27 28
27 26
28 23
28 10
20 19
20 21
19 18
21 22
18 17
49 50
23 96
23 24
96 95
57 56
41 40
41 42
42 76
9 10
9 8
9 85
10 11
8 7
85 86
11 12
37 36
76 75
76 67
13 14
13 12
14 15
15 16