94 92 79 74 69 64 59 54 49 46 6 3 7 0 95 90 85 80 65 60 55 50 45 8 41 42 38 44 40 43 36 37 33 39 35 31 32 28 30 34 26 23 27 29 21 18 22 24 16 13 17 11 12 10 14 15 19 20 25 47 48
94 92
92 90
79 74
74 69
69 64
64 59
59 54
54 49
49 46
46 45
46 43
46 47
6 3
6 7
3 0
7 8
0 95
95 90
90 85
85 80
65 60
60 55
55 50
50 45
8 11
41 42
41 38
41 44
41 40
42 43
38 37
36 37
36 33
36 39
36 35
33 32
31 32
31 28
31 30
31 34
28 27
28 25
26 23
26 27
26 29
23 22
23 20
21 18
21 22
21 24
18 17
18 15
18 19
16 13
16 17
13 12
13 10
13 14
11 12
47 48