4 9 11 3 10 16 13 12 26 20 32 33 38 6 18 19 24 30 25 31 36 37 44 42 43 95 91 92 96 87 84 55 83 56 63 50 53 60 54 51 58 49 29 35 22 34 21 17 23 41 46 52 40 47 48 57 75 7 1 0 80 39 45 61 62 64 98 86 67 68 69 70 82 90 81 77 79 88 97 5 28 27 2 15 8 14
4 9
4 11
4 3
9 8
11 10
11 16
10 5
16 17
13 12
13 26
13 20
12 6
12 18
12 19
26 32
26 33
20 14
32 38
38 44
38 39
6 7
6 1
6 0
24 30
24 25
24 31
30 36
36 37
37 44
37 42
37 43
44 95
95 96
91 92
91 96
91 87
92 97
87 84
87 55
84 83
83 80
56 63
56 50
56 53
63 60
50 29
60 61
54 51
54 58
54 49
51 29
58 57
58 75
29 35
29 22
29 34
35 28
22 21
22 17
22 23
34 41
21 15
41 46
41 52
41 40
46 47
46 39
46 45
47 48
7 2
80 79
80 88
61 62
61 64
62 98
64 67
64 68
98 86
86 82
86 90
68 69
69 70
82 81
81 77
28 27