46 78 90 16 9 17 86 18 5 83 30 37 59 19 71 69 3 53 0 77 66 36 60 20 34 97 65 4 8 67 38 79 26 42 87 11 12 23 33 43 51 10 68 2 89 81 44 95 1 88 92 73 64 62 6 45 82 28 58 35 7 98 61
46 17
46 78
78 90
90 16
16 9
16 18
86 88
18 5
5 83
83 1
83 36
30 37
37 3
59 19
19 71
71 69
71 95
69 12
3 53
3 92
53 66
53 0
0 44
0 98
77 89
36 60
36 2
60 20
34 65
34 97
34 7
97 87
4 45
4 8
8 10
8 67
67 38
67 28
38 73
79 64
79 81
26 42
26 62
87 51
87 11
11 88
11 68
12 43
12 23
23 33
51 10
10 89
68 2
68 44
2 61
89 81
81 35
44 95
92 58
64 6
64 62
45 82