6 5 14 4 3 2 1 0 10 11 15 16 20 25 24 27 8 28 33 32 35 41 46 45 44 50 52 43 53 56 60 67 57 48 58 66 54 64 68 69 59 49 71 62 72 76 80 81 82 83 86 92 93 94 85 98 88 89 84 74 90 7 70 23 51 31 30 40 42 26
6 5
6 7
5 14
14 4
14 15
14 23
4 3
3 2
2 1
1 0
0 10
0 11
10 20
15 16
15 25
15 26
16 27
25 35
25 24
24 33
27 8
27 28
33 32
32 41
32 42
35 46
41 52
41 50
41 51
41 31
41 30
41 40
46 45
46 56
45 44
44 53
50 60
52 43
56 67
60 71
67 57
67 68
67 98
67 66
57 48
48 58
58 69
66 76
54 64
64 74
69 59
59 49
71 62
71 80
71 72
71 70
72 84
76 86
80 81
80 90
81 82
82 83
83 92
83 93
93 94
94 85
98 88
88 89
84 74