89 90 21 20 3 4 42 5 6 38 11 39 37 10 70 71 69 76 75 68 67 96 97 95 15 57 16 56 58 17 18 19 61 83 62 60 84 82 24 51 50 28 29 32 33 92 93 55 36 59 48 63 52 94 66 79 72 85
89 90
90 95
21 20
20 19
3 4
4 42
4 5
5 6
5 38
6 11
38 39
38 37
11 10
37 36
37 59
70 71
70 69
71 72
69 68
76 75
75 62
68 67
67 58
67 66
96 97
96 95
95 94
15 57
15 16
57 56
57 58
56 55
56 50
58 59
17 18
18 19
18 61
19 83
61 62
61 60
83 84
83 82
62 63
60 59
60 93
84 85
82 29
24 51
51 50
28 29
32 33
32 92
92 93
93 94
48 63
52 94
66 79