1 80 62 79 29 4 5 49 91 31 57 10 64 88 36 35 83 84 34 20 19 61 86 60 93 17 16 24 71 25 26 78 9 53 54 28 15 85 92 51 94 75 77 11 39 52 12 22 67 27 48 73 56 8 2 7 38 13 32 23 81 63 3 69 30 87 55 21 42
1 80
1 62
1 79
1 29
1 4
1 5
1 49
62 55
29 91
4 2
5 9
91 13
91 26
31 57
31 10
10 11
64 88
64 36
88 9
36 35
36 83
35 34
83 84
20 19
19 61
19 86
61 60
86 93
93 53
17 16
17 24
16 78
24 71
24 25
24 26
25 87
9 54
9 28
53 54
15 85
15 92
85 75
92 51
92 94
94 2
94 23
94 30
75 77
11 39
11 52
11 12
52 22
52 67
12 8
12 2
22 27
22 48
22 73
22 56
8 7
2 3
2 69
7 38
32 23
32 81
32 63
3 21
21 42