0 93 92 90 91 85 84 72 73 51 50 25 12 6 3 4 9 19 10 21 39 22 45 70 83 44 71 89 47 46 42 86 87 79 78 60 63 82 68 69 88 80 81 66 67 64 65 77 76 56 58 74 75 53 55 28 36 37 34 35 43 30 40 41 33 32 38
0 93
0 92
93 90
93 91
92 89
92 88
90 85
90 84
91 86
91 87
85 74
85 75
84 72
84 73
73 51
73 50
51 25
25 12
12 6
6 3
4 9
9 19
19 39
10 21
21 42
39 67
22 45
45 70
70 83
70 44
83 71
83 89
71 47
71 46
89 82
42 69
86 77
86 76
87 79
87 78
79 63
78 60
60 30
82 68
82 69
68 40
68 41
69 43
88 80
88 81
80 64
80 65
81 66
81 67
66 36
66 37
67 38
64 33
64 32
65 34
65 35
77 58
76 56
56 28
74 53
75 55