10 42 5 77 35 59 41 3 54 70 17 69 14 11 88 73 78 15 81 32 96 79 72 7 19 56 2 20 57 74 43 46 85 47 28 82 33 13 89 1 30 67 68 18 92 6 80 40 23 65 49 83 95 9 61 62 34 55 52 53 31 76
10 57
10 56
10 55
42 67
5 41
5 40
77 92
77 17
35 3
35 59
35 69
59 11
41 85
3 34
54 70
54 9
54 78
54 82
70 49
17 78
17 76
69 78
69 14
14 68
14 67
88 73
88 81
78 72
78 79
78 32
78 56
15 72
81 18
32 96
32 43
32 2
96 23
79 28
79 18
7 47
7 46
19 82
2 33
2 31
20 85
57 74
43 6
43 46
46 61
28 1
13 65
89 62
89 92
1 30
67 65
68 40
18 80
80 83
23 95
9 52
9 53