64 65 63 66 81 82 80 83 32 31 33 30 97 98 96 50 51 49 52 67 68 9 8 10 7 46 45 47 44 29 28 57 58 56 59 53 60 61 62 69 70 93 94 92 95 40 39 41 38 6 5 4 43 19 18 20 17 11 12 55 89 90 88 91 71 1 2 72 73 79 78 37 36 42 23 22 24 21 54 86 87 85 75 76 74 77 84 13 3 34 16 15 25 14 35 27 48 26
64 65
64 63
65 66
63 62
66 67
81 82
81 80
82 83
80 79
83 84
32 31
32 33
31 30
33 34
30 29
97 98
97 96
96 95
50 51
50 49
51 52
49 48
52 53
67 68
68 69
9 8
9 10
8 7
10 11
7 6
46 45
46 47
45 44
47 48
44 43
29 28
28 27
57 58
57 56
58 59
56 55
59 60
53 54
60 61
61 62
69 70
70 71
93 94
93 92
94 95
92 91
40 39
40 41
39 38
41 42
38 37
6 5
5 4
4 3
43 42
19 18
19 20
18 17
20 21
17 16
11 12
12 13
55 54
89 90
89 88
90 91
88 87
71 72
1 2
2 3
72 73
73 74
79 78
78 77
37 36
36 35
23 22
23 24
22 21
24 25
86 87
86 85
85 84
75 76
75 74
76 77
13 14
34 35
16 15
15 14
25 26
27 26