1 3 7 6 9 10 12 14 16 15 19 20 21 22 23 24 25 27 26 28 31 33 30 32 34 35 36 37 38 39 50 40 42 41 43 44 46 45 47 48 51 49 53 52 29 54 55 56 57 58 59 60 62 61 63 67 65 64 69 66 68 70 71 72 73 74 77 79 80 82 83 84 85 87 88 89 92 94 95 98
1 3
3 7
7 6
7 9
9 10
10 12
12 14
14 16
14 15
16 19
19 20
20 21
21 22
22 23
23 24
24 25
25 26
27 26
27 28
26 29
31 33
31 30
31 32
33 34
30 29
34 35
34 36
35 37
37 38
37 39
38 50
39 40
40 42
40 41
42 43
43 44
44 46
44 45
46 47
47 48
48 51
48 49
51 53
51 52
53 54
54 55
55 56
55 57
56 58
58 59
59 60
60 62
60 61
62 67
62 65
61 63
67 69
67 66
67 68
65 64
69 70
70 71
71 72
72 73
73 74
74 77
77 79
79 80
80 82
82 83
83 84
84 85
85 87
87 88
88 89
89 92
92 94
94 95
95 98