10 70 71 69 68 67 66 79 78 77 22 23 87 86 88 13 96 14 43 44 97 15 57 94 45 48 63 62 75 74 61 18 27 38 37 4 3 2 1 19 83 42 56 60 59 26 58 9 55 33 50 82 5 93 92 32 36 95 49 17 16
10 26
10 9
70 71
70 69
69 68
68 9
68 67
67 66
67 58
66 79
79 78
78 77
78 88
77 22
22 23
87 86
87 88
13 14
96 97
96 95
14 15
14 43
43 44
43 42
44 45
15 57
15 16
57 56
57 58
94 95
94 93
48 63
63 62
62 75
62 61
75 74
61 18
61 60
18 19
18 17
27 26
38 5
38 37
37 36
37 59
4 3
4 5
3 2
2 1
19 83
83 82
56 55
56 50
60 93
60 59
59 58
33 32
50 49
93 92
92 32