11 6 5 4 1 0 7 10 12 15 17 18 19 20 21 22 25 26 29 30 32 36 37 38 39 44 45 50 52 57 58 59 60 61 62 65 66 70 71 72 77 83 84 89 90 46 63 82 56 93 92 94 67 55 33 95 68 69 16
11 12
11 10
11 6
6 7
6 5
5 4
5 38
1 0
1 21
10 26
15 57
15 16
17 44
17 18
18 61
18 19
19 83
19 20
20 21
20 46
21 22
22 77
25 26
29 30
29 82
32 92
32 33
36 37
37 38
37 59
38 39
45 46
50 56
52 94
57 56
57 58
58 59
58 67
59 60
60 93
60 61
61 62
62 63
65 66
66 67
70 71
70 69
71 72
83 84
83 82
89 90
90 95
56 55
93 92
93 94
94 95
67 68
68 69