60 59 58 57 56 50 49 15 33 32 37 38 26 10 11 6 70 71 88 78 79 77 22 23 21 45 89 97 96 48 62 75 61 42 4 84 83 5 3 69 68 67 30 66 72 36 93 92 9 18 94 95 19 55 31 39 82 16 17
60 93
60 59
60 61
59 58
59 37
58 57
58 67
57 56
57 15
56 50
56 55
50 49
49 48
15 16
33 32
32 31
32 92
37 38
37 36
38 39
38 5
26 10
10 11
11 6
6 5
70 71
70 69
71 72
88 89
88 78
78 77
78 79
79 66
77 22
22 23
22 21
45 97
97 96
96 95
62 75
62 61
61 18
42 4
4 3
4 5
84 83
83 19
83 82
69 68
68 9
68 67
67 66
30 31
93 94
93 92
18 19
18 17
94 95