60 61 62 77 78 88 89 97 96 17 70 9 68 10 26 25 24 51 52 50 56 35 36 37 59 20 19 74 32 29 85 67 66 39 38 5 4 42 3 18 69 79 58 83 82 71 11 6 2 93 92 94 95 57 15 84 55 49 33 16
60 61
60 59
60 93
61 62
61 18
77 78
78 88
78 79
88 89
97 96
96 95
17 18
70 71
70 69
9 68
68 67
68 69
10 26
10 11
26 25
25 74
24 51
51 50
52 94
50 49
50 56
56 55
56 57
35 36
36 37
37 38
37 59
59 58
20 19
19 83
19 18
32 92
32 33
29 82
85 84
67 66
67 58
66 79
39 38
38 5
5 4
5 6
4 3
4 42
3 2
58 57
83 84
83 82
11 6
93 92
93 94
94 95
57 15
15 16