10 70 71 69 68 67 66 79 78 77 22 23 34 87 86 88 13 96 14 43 44 97 15 57 94 45 46 62 49 75 74 61 18 27 38 37 4 3 2 1 82 42 56 26 58 59 60 9 33 50 65 5 93 92 32 95 19 83 17 55 16
10 26
10 9
70 71
70 69
69 68
68 9
68 67
67 58
67 66
66 65
66 79
79 78
78 77
78 88
77 22
22 23
34 33
87 86
87 88
13 96
13 14
96 97
14 15
14 43
43 44
43 42
44 45
15 57
15 16
57 56
57 58
94 93
94 95
45 46
62 75
62 61
49 50
75 74
61 60
61 18
18 19
18 17
27 26
38 5
38 37
37 59
4 3
4 5
3 2
2 1
82 83
56 50
56 55
58 59
59 60
60 93
33 32
93 92
92 32
19 83