56 57 33 32 92 93 94 95 96 13 97 12 70 71 69 68 67 66 79 22 23 86 30 27 38 37 36 45 48 63 62 75 74 61 18 21 1 2 82 28 14 43 5 60 59 58 9 31 90 89 52 53 19 83 55 15 17 91
56 57
57 58
57 15
33 32
33 55
32 31
32 92
92 93
92 91
93 94
93 60
94 52
94 95
95 90
95 96
96 97
96 13
13 12
13 14
97 45
70 69
70 71
69 68
68 9
68 67
67 66
67 58
66 79
22 21
22 23
23 53
86 30
30 31
27 28
38 37
38 5
37 59
37 36
48 63
63 62
62 75
62 61
75 74
61 18
61 60
18 19
18 17
21 1
1 2
82 83
28 31
14 43
60 59
59 58
90 89
52 53
19 83