50 49 56 57 15 55 33 32 92 93 94 96 97 12 11 10 70 71 69 68 67 66 79 78 77 22 23 87 86 88 38 37 36 45 48 62 75 74 61 18 21 1 44 29 82 26 60 59 58 9 65 6 41 5 19 83 95 4 17 16 80
50 56
50 49
49 48
56 55
56 57
57 58
57 15
15 16
33 32
32 92
92 93
93 94
93 60
94 95
96 97
96 95
12 41
12 11
11 10
11 6
10 26
70 71
70 69
69 68
68 9
68 67
67 66
67 58
66 65
66 79
79 78
79 80
78 77
78 88
77 22
22 23
22 21
87 86
87 88
38 5
38 37
37 59
37 36
45 44
62 75
62 61
75 74
61 60
61 18
18 19
18 17
21 1
44 17
29 82
82 83
60 59
59 58
6 5
5 4
19 83