56 33 32 92 93 94 95 96 13 12 11 6 7 70 71 67 66 79 77 22 86 85 30 38 37 36 35 47 48 63 61 18 21 1 2 29 82 25 5 28 72 90 43 76 89 60 59 14 58 0 52 57 53 31 23 41 24 97 68 91 15 55
56 57
33 32
33 55
32 31
32 92
92 93
92 91
93 94
93 60
94 52
94 95
95 90
95 96
96 97
96 13
13 12
13 14
12 41
12 11
11 6
6 7
7 70
70 71
71 72
67 66
67 58
67 68
66 79
77 76
77 22
22 23
86 85
86 30
30 29
30 31
38 37
38 5
37 36
37 59
36 35
35 47
47 48
48 63
61 18
61 60
21 1
1 2
1 0
29 82
25 24
28 31
90 89
43 14
89 0
60 59
59 58
58 57
52 53
57 15
53 23
23 24