71 72 65 64 91 16 24 25 30 31 7 28 53 1 21 0 92 32 20 23 9 4 87 86 33 76 17 88 62 79 80 69 95 82 83 12 89 78 98 90 81 49 70 48 14 2 3 36 77 63 66 96 50 58 97 39 67 8 93 13 22 94 19 85
71 72
71 70
71 87
65 64
65 80
64 39
64 63
91 16
91 90
91 92
16 17
24 25
24 23
30 31
30 86
31 28
7 70
53 23
1 2
1 21
1 0
21 20
0 98
0 89
92 32
32 33
23 22
9 8
4 3
87 86
87 88
86 85
76 77
76 8
88 89
88 78
62 63
79 78
79 80
79 66
80 81
69 70
69 36
95 94
95 96
95 90
82 81
82 83
83 19
12 13
89 90
78 77
98 97
81 49
49 50
49 48
14 13
2 3
77 22
66 67
96 13
58 67
93 94