10 57 56 55 42 67 5 41 40 77 92 17 35 3 59 69 11 85 34 54 70 9 78 82 49 76 14 68 88 73 81 72 79 32 15 18 96 43 2 23 28 7 47 46 19 33 31 20 74 6 61 1 13 65 89 62 30 80 83 95 52 53
10 57
10 56
10 55
57 74
56 78
42 67
67 14
67 65
5 41
5 40
41 85
40 68
77 92
77 17
92 89
17 78
17 76
35 3
35 59
35 69
3 34
59 11
69 78
69 14
85 20
54 70
54 9
54 78
54 82
70 49
9 52
9 53
78 72
78 79
78 32
82 19
14 68
88 73
88 81
81 18
72 15
79 28
79 18
32 96
32 43
32 2
18 80
96 23
43 6
43 46
2 33
2 31
23 95
28 1
7 47
7 46
46 61
1 30
13 65
89 62
80 83