5 25 16 42 59 30 21 9 27 6 41 28 63 0 61 26 18 45 48 43 49 58 64 15 8 74 76 97 81 98 92 86 77 79 75 68 71 70 80 87 73 94 78 90 83 99 69 91 89 10 3 66 67 85 84 88 72 65 96 95 82 93
5 69
25 59
25 63
16 78
42 98
30 21
30 89
21 9
27 86
6 70
41 97
28 87
63 0
63 10
0 76
0 92
0 79
0 81
0 75
0 68
0 70
0 71
0 97
0 87
0 86
0 73
0 74
0 94
0 98
0 90
0 83
0 99
0 91
0 80
0 69
0 78
0 77
0 89
0 61
0 66
0 67
0 85
0 84
0 88
0 72
0 65
0 96
0 95
0 82
0 93
61 26
61 3
26 45
18 49
18 80
45 48
48 43
43 58
64 15
15 77
8 71