48 49 64 65 81 82 97 98 50 51 66 67 22 23 24 25 57 58 43 44 52 60 61 68 69 93 94 36 37 26 27 56 89 90 70 59 3 4 71 72 79 80 13 14 21 15 54 55 86 87 83 84 75 76 96 9 10 28 35 12 20 30 31 46 47 62 32 63 92 6 7 8 45 53 78 11 88 1 2 38 39 91 41 42 77 85 95 5 17 18 33 34 40 73 16 74 19 29
48 49
48 47
49 50
64 65
64 63
65 66
81 82
81 80
82 83
97 98
97 96
50 51
51 52
66 67
67 68
22 23
22 21
23 24
24 25
25 26
57 58
57 56
58 59
43 44
43 42
44 45
52 53
60 61
60 59
61 62
68 69
69 70
93 94
93 92
94 95
36 37
36 35
37 38
26 27
27 28
56 55
89 90
89 88
90 91
70 71
3 4
3 2
4 5
71 72
72 73
79 80
79 78
13 14
13 12
14 15
21 20
15 16
54 55
54 53
86 87
86 85
87 88
83 84
84 85
75 76
75 74
76 77
96 95
9 10
9 8
10 11
28 29
35 34
12 11
20 19
30 31
30 29
31 32
46 47
46 45
62 63
32 33
92 91
6 7
6 5
7 8
78 77
1 2
38 39
39 40
41 42
41 40
17 18
17 16
18 19
33 34
73 74