71 70 20 21 22 23 5 6 76 75 80 79 7 8 66 16 17 62 61 4 81 45 46 28 29 0 1 13 14 3 24 27 57 56 87 86 33 34 11 12 32 10 52 53 74 73 69 40 41 63 18 19 25 26 48 49 55 54 77 98 97 30 36 37 58 72 91 90 78 67 68 60 59 47 9 15 38 42 51 99 89 96 43 31 35 84 83 95 2 44 88 94 93 92 39 50 85 82
71 72
71 70
70 69
20 21
20 19
21 22
22 23
23 24
5 6
5 4
6 7
76 77
76 75
75 74
80 81
80 79
79 78
7 8
8 9
66 67
16 17
16 15
17 18
62 63
62 61
61 60
4 3
81 82
45 46
45 44
46 47
28 29
28 27
29 30
0 1
0 99
1 2
13 14
13 12
14 15
3 2
24 25
27 26
57 58
57 56
56 55
87 88
87 86
86 85
33 34
33 32
34 35
11 12
11 10
32 31
10 9
52 53
52 51
53 54
74 73
73 72
69 68
40 41
40 39
41 42
18 19
25 26
48 49
48 47
49 50
55 54
77 78
98 99
98 97
97 96
30 31
36 37
36 35
37 38
58 59
91 92
91 90
90 89
67 68
60 59
38 39
42 43
51 50
89 88
96 95
43 44
84 85
84 83
83 82
95 94
94 93
93 92