3 8 32 41 58 28 56 62 36 49 45 59 57 53 9 60 6 30 0 1 44 54 39 4 42 25 27 10 7 47 40 55 48 5 29 34 33 43 24 11 50 51 31 35 61 38 46 2 37 26 52 98 13 14 96 95 73 72 74 71 66 65 12 76 78 75 77 23
3 8
3 7
3 1
32 41
32 28
32 40
41 59
41 58
28 26
28 33
56 40
62 43
36 49
36 30
36 48
49 73
49 74
45 34
45 66
45 65
57 40
53 38
9 4
60 42
60 96
60 95
6 2
6 13
6 14
30 37
0 1
0 2
1 4
44 34
54 39
39 55
39 31
4 10
42 61
42 33
25 26
25 24
25 37
25 27
27 31
47 35
48 72
48 71
5 11
5 2
5 12
29 34
29 35
29 26
33 43
24 11
11 23
50 37
50 76
50 75
51 37
51 78
51 77
31 38
35 46
61 98
38 52