25 27 31 38 39 30 36 26 29 35 47 46 34 44 45 24 11 5 2 6 0 1 3 7 8 4 9 10 28 32 41 59 58 33 43 42 37 40 57 52 48 50 51 49 54 62 56 61 60 53 55 98 95 96 13 14 73 71 74 72 66 65 12 77 75 76 78 23
25 26
25 24
25 27
25 37
27 31
31 38
31 39
38 52
38 53
39 54
39 55
30 36
30 37
36 48
36 49
26 29
26 28
29 35
29 34
35 47
35 46
34 44
34 45
45 66
45 65
24 11
11 5
11 23
5 2
5 12
2 6
2 0
6 13
6 14
0 1
1 3
1 4
3 7
3 8
4 9
4 10
28 32
28 33
32 41
32 40
41 59
41 58
33 43
33 42
43 62
42 61
42 60
37 50
37 51
40 57
40 56
48 71
48 72
50 75
50 76
51 77
51 78
49 73
49 74
61 98
60 95
60 96