78 76 69 85 96 95 99 97 17 1 2 53 55 58 13 7 3 14 20 29 30 31 32 93 87 81 89 92 83 33 34 35 36 37 38 39 40 26 79 23 4 50 18 63 6 56 19 54 64 24 62 73 68 77 61 27 66 0 10 25 21 60 5 8 15 65 74 11 28 71 72 12 75 57 16 52 70 22 59 67 9 51
78 76
78 79
78 73
78 66
78 65
78 74
78 71
78 72
78 70
76 17
69 85
69 79
85 96
85 99
96 95
99 97
97 93
17 53
17 13
17 1
1 2
1 3
1 8
1 16
2 4
2 18
2 15
53 55
53 58
55 63
55 61
55 51
58 50
58 64
58 60
58 52
13 12
7 6
7 5
3 20
3 14
3 0
3 11
14 9
20 29
20 26
20 24
20 27
29 30
29 23
30 31
31 32
32 33
93 87
87 81
87 89
89 92
92 83
33 34
34 35
35 36
36 37
37 38
38 39
39 40
26 25
26 21
79 68
79 77
79 75
79 67
23 28
23 22
4 6
4 19
50 56
18 10
63 62
56 54
56 57
56 59